<?xml version="1.0" encoding="UTF-8"?>
<testsuite xmlns:xsi="http://www.w3.org/2001/XMLSchema-instance" xsi:noNamespaceSchemaLocation="https://maven.apache.org/surefire/maven-failsafe-plugin/xsd/failsafe-test-report-3.0.xsd" version="3.0" name="orangehrm.CucumberTestSuite" time="107.779" tests="5" errors="0" skipped="0" failures="0">
  <properties>
[...]
</properties>
  <testcase name="User add Orange HRM employee successfully" classname="Orange HRM - CRUD Employee Data" time="24.016">
    <system-out><![CDATA[07:48:23.692 [main] INFO io.cucumber.core.plugin.SerenityReporter - Running feature from file:///Users/anugerahfadillah/QE-batch3-practice/src/test/resources/features/orangehrm/crud.feature
07:48:23.714 [main] DEBUG net.thucydides.core.steps.StepEventBus - Test suite started for story net.thucydides.core.model.Story@97ed65d
07:48:23.715 [main] INFO  - Test Suite Started: Orange HRM - CRUD Employee Data
07:48:23.715 [main] INFO io.cucumber.core.plugin.SerenityReporter - Running feature from file:///Users/anugerahfadillah/QE-batch3-practice/src/test/resources/features/orangehrm/login.feature
07:48:23.723 [main] DEBUG net.thucydides.core.steps.StepEventBus - Test suite started for story net.thucydides.core.model.Story@75c3717
07:48:23.723 [main] INFO  - Test Suite Started: Orange HRM - Login
07:48:23.723 [main] INFO io.cucumber.core.plugin.SerenityReporter - Running feature from file:///Users/anugerahfadillah/QE-batch3-practice/src/test/resources/features/orangehrm/crud.feature
07:48:23.727 [main] DEBUG net.thucydides.core.steps.StepEventBus - Test suite started for story net.thucydides.core.model.Story@97ed65d
07:48:23.727 [main] INFO  - Test Suite Started: Orange HRM - CRUD Employee Data

@All @allorangehrm @hrmcrud @hrmcreate
Scenario: User add Orange HRM employee successfully &amp#27;[90m# src/test/resources/features/orangehrm/crud.feature:11&amp#27;[0m
07:48:23.793 [main] INFO io.cucumber.core.plugin.SerenityReporter - Running feature from file:///Users/anugerahfadillah/QE-batch3-practice/src/test/resources/features/orangehrm/crud.feature
07:48:23.796 [main] INFO  - 
  _____   ___   ___   _____     ___   _____     _     ___   _____   ___   ___  
 |_   _| | __| / __| |_   _|   / __| |_   _|   /_\   | _ \ |_   _| | __| |   \ 
   | |   | _|  \__ \   | |     \__ \   | |    / _ \  |   /   | |   | _|  | |) |
   |_|   |___| |___/   |_|     |___/   |_|   /_/ \_\ |_|_\   |_|   |___| |___/ 

User add Orange HRM employee successfully(orange-hrm---crud-employee-data;user-add-orange-hrm-employee-successfully)
--------------------------------------------------------------------------------
07:48:23.834 [main] DEBUG net.thucydides.core.steps.StepInterceptor - STARTING STEP: loginStepDef.loadHRMLoginPage - !#title
07:48:23.839 [main] DEBUG net.thucydides.core.steps.StepInterceptor - STARTING STEP: loginStepDef.loadHRMLoginPage - {0} opens the #targetPageName
07:48:23.845 [main] INFO net.serenitybdd.core.webdriver.driverproviders.ChromeDriverProvider - Using automatically driver download
07:48:24.146 [main] DEBUG io.github.bonigarcia.wdm.cache.ResolutionCache - Resolution chrome=100 in cache (valid until 08:47:48 16/04/2022 WIB)
07:48:24.152 [main] DEBUG io.github.bonigarcia.wdm.cache.ResolutionCache - Resolution chrome100=100.0.4896.60 in cache (valid until 21:00:52 16/04/2022 WIB)
07:48:24.155 [main] INFO io.github.bonigarcia.wdm.WebDriverManager - Using chromedriver 100.0.4896.60 (resolved driver for Chrome 100)
07:48:24.169 [main] DEBUG io.github.bonigarcia.wdm.WebDriverManager - Driver chromedriver 100.0.4896.60 found in cache
07:48:24.170 [main] INFO io.github.bonigarcia.wdm.WebDriverManager - Exporting webdriver.chrome.driver as /Users/anugerahfadillah/.cache/selenium/chromedriver/mac64/100.0.4896.60/chromedriver
07:48:24.320 [main] DEBUG net.serenitybdd.core.webdriver.driverproviders.ProvideNewDriver - Instantiating driver
07:48:24.320 [main] DEBUG net.serenitybdd.core.webdriver.driverproviders.ProvideNewDriver - Driver capabilities: Capabilities {acceptInsecureCerts: false, base.url: , browserName: chrome, goog:chromeOptions: {args: [], extensions: []}}
07:48:24.434 [AsyncHttpClient-1-5] DEBUG org.asynchttpclient.netty.channel.NettyConnectListener - Using new Channel '[id: 0x08208dcc, L:/127.0.0.1:49908 - R:localhost/127.0.0.1:51971]' for 'POST' to '/session'
07:48:26.913 [AsyncHttpClient-1-5] DEBUG org.asynchttpclient.netty.handler.HttpHandler - 

Request DefaultHttpRequest(decodeResult: success, version: HTTP/1.1)
POST /session HTTP/1.1
User-Agent: selenium/4.1.2 (java mac)
Content-Length: 457
Content-Type: application/json; charset=utf-8
host: localhost:51971
accept: */*

Response DefaultHttpResponse(decodeResult: success, version: HTTP/1.1)
HTTP/1.1 200 OK
Content-Type: application/json; charset=utf-8
cache-control: no-cache
content-length: 799

07:48:26.914 [AsyncHttpClient-1-5] DEBUG org.asynchttpclient.netty.channel.ChannelManager - Adding key: http://localhost:51971 for channel [id: 0x08208dcc, L:/127.0.0.1:49908 - R:localhost/127.0.0.1:51971]
07:48:26.937 [AsyncHttpClient-1-6] DEBUG org.asynchttpclient.netty.channel.NettyConnectListener - Using new Channel '[id: 0x1465d749, L:/127.0.0.1:49914 - R:localhost/127.0.0.1:49910]' for 'GET' to '/json/version'
07:48:26.939 [AsyncHttpClient-1-6] DEBUG org.asynchttpclient.netty.handler.HttpHandler - 

Request DefaultFullHttpRequest(decodeResult: success, version: HTTP/1.1, content: EmptyByteBufBE)
GET /json/version HTTP/1.1
User-Agent: selenium/4.1.2 (java mac)
host: localhost:49910
accept: */*

Response DefaultHttpResponse(decodeResult: success, version: HTTP/1.1)
HTTP/1.1 200 OK
Content-Type: application/json; charset=UTF-8
content-length: 425

07:48:26.940 [AsyncHttpClient-1-6] DEBUG org.asynchttpclient.netty.channel.ChannelManager - Adding key: http://localhost:49910 for channel [id: 0x1465d749, L:/127.0.0.1:49914 - R:localhost/127.0.0.1:49910]
07:48:26.944 [AsyncHttpClient-1-7] DEBUG org.asynchttpclient.netty.channel.NettyConnectListener - Using new Channel '[id: 0xa3665aa2, L:/127.0.0.1:49915 - R:localhost/127.0.0.1:49910]' for 'GET' to '/devtools/browser/f439e371-c7d4-43af-a1b5-67743c429269'
07:48:26.947 [AsyncHttpClient-1-7] DEBUG org.asynchttpclient.netty.handler.WebSocketHandler - 

Request DefaultFullHttpRequest(decodeResult: success, version: HTTP/1.1, content: EmptyByteBufBE)
GET /devtools/browser/f439e371-c7d4-43af-a1b5-67743c429269 HTTP/1.1
upgrade: websocket
connection: upgrade
sec-websocket-key: UFErCmalUimfYQQWg8Fz7w==
sec-websocket-version: 13
origin: http://localhost:49910
host: localhost:49910
accept: */*
user-agent: AHC/2.1

Response DefaultHttpResponse(decodeResult: success, version: HTTP/1.1)
HTTP/1.1 101 WebSocket Protocol Handshake
Upgrade: WebSocket
Connection: Upgrade
Sec-WebSocket-Accept: U5b5a1ATLrvbm+JF3FchU0qgsJM=

07:48:26.956 [Forwarding get on session 97c7dd19e921f0e5576175a61c51b123 to remote] DEBUG org.asynchttpclient.netty.request.NettyRequestSender - Using pooled Channel '[id: 0x08208dcc, L:/127.0.0.1:49908 - R:localhost/127.0.0.1:51971]' for 'POST' to 'http://localhost:51971/session/97c7dd19e921f0e5576175a61c51b123/url'
07:48:26.956 [Forwarding get on session 97c7dd19e921f0e5576175a61c51b123 to remote] DEBUG org.asynchttpclient.netty.request.NettyRequestSender - Using open Channel [id: 0x08208dcc, L:/127.0.0.1:49908 - R:localhost/127.0.0.1:51971] for POST '/session/97c7dd19e921f0e5576175a61c51b123/url'
07:48:27.305 [AsyncHttpClient-1-1] DEBUG org.asynchttpclient.netty.channel.DefaultChannelPool - Entry count for : http://localhost:49910 : 1
07:48:28.410 [AsyncHttpClient-1-1] DEBUG org.asynchttpclient.netty.channel.DefaultChannelPool - Entry count for : http://localhost:49910 : 1
07:48:29.509 [AsyncHttpClient-1-1] DEBUG org.asynchttpclient.netty.channel.DefaultChannelPool - Entry count for : http://localhost:49910 : 1
07:48:30.608 [AsyncHttpClient-1-1] DEBUG org.asynchttpclient.netty.channel.DefaultChannelPool - Entry count for : http://localhost:49910 : 1
07:48:31.704 [AsyncHttpClient-1-1] DEBUG org.asynchttpclient.netty.channel.DefaultChannelPool - Entry count for : http://localhost:49910 : 1
07:48:32.619 [AsyncHttpClient-1-5] DEBUG org.asynchttpclient.netty.handler.HttpHandler - 

Request DefaultHttpRequest(decodeResult: success, version: HTTP/1.1)
POST /session/97c7dd19e921f0e5576175a61c51b123/url HTTP/1.1
User-Agent: selenium/4.1.2 (java mac)
Content-Length: 72
Content-Type: application/json; charset=utf-8
host: localhost:51971
accept: */*

Response DefaultHttpResponse(decodeResult: success, version: HTTP/1.1)
HTTP/1.1 200 OK
Content-Type: application/json; charset=utf-8
cache-control: no-cache
content-length: 14

07:48:32.619 [AsyncHttpClient-1-5] DEBUG org.asynchttpclient.netty.channel.ChannelManager - Adding key: http://localhost:51971 for channel [id: 0x08208dcc, L:/127.0.0.1:49908 - R:localhost/127.0.0.1:51971]
07:48:32.622 [Forwarding setTimeout on session 97c7dd19e921f0e5576175a61c51b123 to remote] DEBUG org.asynchttpclient.netty.request.NettyRequestSender - Using pooled Channel '[id: 0x08208dcc, L:/127.0.0.1:49908 - R:localhost/127.0.0.1:51971]' for 'POST' to 'http://localhost:51971/session/97c7dd19e921f0e5576175a61c51b123/timeouts'
07:48:32.622 [Forwarding setTimeout on session 97c7dd19e921f0e5576175a61c51b123 to remote] DEBUG org.asynchttpclient.netty.request.NettyRequestSender - Using open Channel [id: 0x08208dcc, L:/127.0.0.1:49908 - R:localhost/127.0.0.1:51971] for POST '/session/97c7dd19e921f0e5576175a61c51b123/timeouts'
07:48:32.624 [AsyncHttpClient-1-5] DEBUG org.asynchttpclient.netty.handler.HttpHandler - 

Request DefaultHttpRequest(decodeResult: success, version: HTTP/1.1)
POST /session/97c7dd19e921f0e5576175a61c51b123/timeouts HTTP/1.1
User-Agent: selenium/4.1.2 (java mac)
Content-Length: 22
Content-Type: application/json; charset=utf-8
host: localhost:51971
accept: */*

Response DefaultHttpResponse(decodeResult: success, version: HTTP/1.1)
HTTP/1.1 200 OK
Content-Type: application/json; charset=utf-8
cache-control: no-cache
content-length: 14

07:48:32.624 [AsyncHttpClient-1-5] DEBUG org.asynchttpclient.netty.channel.ChannelManager - Adding key: http://localhost:51971 for channel [id: 0x08208dcc, L:/127.0.0.1:49908 - R:localhost/127.0.0.1:51971]
07:48:32.630 [Forwarding getCurrentUrl on session 97c7dd19e921f0e5576175a61c51b123 to remote] DEBUG org.asynchttpclient.netty.request.NettyRequestSender - Using pooled Channel '[id: 0x08208dcc, L:/127.0.0.1:49908 - R:localhost/127.0.0.1:51971]' for 'GET' to 'http://localhost:51971/session/97c7dd19e921f0e5576175a61c51b123/url'
07:48:32.630 [Forwarding getCurrentUrl on session 97c7dd19e921f0e5576175a61c51b123 to remote] DEBUG org.asynchttpclient.netty.request.NettyRequestSender - Using open Channel [id: 0x08208dcc, L:/127.0.0.1:49908 - R:localhost/127.0.0.1:51971] for GET '/session/97c7dd19e921f0e5576175a61c51b123/url'
07:48:32.645 [AsyncHttpClient-1-5] DEBUG org.asynchttpclient.netty.handler.HttpHandler - 

Request DefaultFullHttpRequest(decodeResult: success, version: HTTP/1.1, content: EmptyByteBufBE)
GET /session/97c7dd19e921f0e5576175a61c51b123/url HTTP/1.1
User-Agent: selenium/4.1.2 (java mac)
Cache-Control: no-cache
Content-Type: application/json; charset=utf-8
host: localhost:51971
accept: */*

Response DefaultHttpResponse(decodeResult: success, version: HTTP/1.1)
HTTP/1.1 200 OK
Content-Type: application/json; charset=utf-8
cache-control: no-cache
content-length: 54

07:48:32.646 [AsyncHttpClient-1-5] DEBUG org.asynchttpclient.netty.channel.ChannelManager - Adding key: http://localhost:51971 for channel [id: 0x08208dcc, L:/127.0.0.1:49908 - R:localhost/127.0.0.1:51971]
07:48:32.649 [Forwarding getCurrentUrl on session 97c7dd19e921f0e5576175a61c51b123 to remote] DEBUG org.asynchttpclient.netty.request.NettyRequestSender - Using pooled Channel '[id: 0x08208dcc, L:/127.0.0.1:49908 - R:localhost/127.0.0.1:51971]' for 'GET' to 'http://localhost:51971/session/97c7dd19e921f0e5576175a61c51b123/url'
07:48:32.649 [Forwarding getCurrentUrl on session 97c7dd19e921f0e5576175a61c51b123 to remote] DEBUG org.asynchttpclient.netty.request.NettyRequestSender - Using open Channel [id: 0x08208dcc, L:/127.0.0.1:49908 - R:localhost/127.0.0.1:51971] for GET '/session/97c7dd19e921f0e5576175a61c51b123/url'
07:48:32.654 [AsyncHttpClient-1-5] DEBUG org.asynchttpclient.netty.handler.HttpHandler - 

Request DefaultFullHttpRequest(decodeResult: success, version: HTTP/1.1, content: EmptyByteBufBE)
GET /session/97c7dd19e921f0e5576175a61c51b123/url HTTP/1.1
User-Agent: selenium/4.1.2 (java mac)
Cache-Control: no-cache
Content-Type: application/json; charset=utf-8
host: localhost:51971
accept: */*

Response DefaultHttpResponse(decodeResult: success, version: HTTP/1.1)
HTTP/1.1 200 OK
Content-Type: application/json; charset=utf-8
cache-control: no-cache
content-length: 54

07:48:32.654 [AsyncHttpClient-1-5] DEBUG org.asynchttpclient.netty.channel.ChannelManager - Adding key: http://localhost:51971 for channel [id: 0x08208dcc, L:/127.0.0.1:49908 - R:localhost/127.0.0.1:51971]
07:48:32.665 [main] DEBUG net.serenitybdd.core.photography.Darkroom - Opening darkroom
07:48:32.665 [Darkroom Processing Line] DEBUG net.serenitybdd.core.photography.DarkroomProcessingLine - Darkroom processing line starting up
07:48:32.666 [Forwarding screenshot on session 97c7dd19e921f0e5576175a61c51b123 to remote] DEBUG org.asynchttpclient.netty.request.NettyRequestSender - Using pooled Channel '[id: 0x08208dcc, L:/127.0.0.1:49908 - R:localhost/127.0.0.1:51971]' for 'GET' to 'http://localhost:51971/session/97c7dd19e921f0e5576175a61c51b123/screenshot'
07:48:32.666 [Forwarding screenshot on session 97c7dd19e921f0e5576175a61c51b123 to remote] DEBUG org.asynchttpclient.netty.request.NettyRequestSender - Using open Channel [id: 0x08208dcc, L:/127.0.0.1:49908 - R:localhost/127.0.0.1:51971] for GET '/session/97c7dd19e921f0e5576175a61c51b123/screenshot'
07:48:32.808 [AsyncHttpClient-1-1] DEBUG org.asynchttpclient.netty.channel.DefaultChannelPool - Entry count for : http://localhost:49910 : 1
07:48:32.922 [AsyncHttpClient-1-5] DEBUG org.asynchttpclient.netty.handler.HttpHandler - 

Request DefaultFullHttpRequest(decodeResult: success, version: HTTP/1.1, content: EmptyByteBufBE)
GET /session/97c7dd19e921f0e5576175a61c51b123/screenshot HTTP/1.1
User-Agent: selenium/4.1.2 (java mac)
Cache-Control: no-cache
Content-Type: application/json; charset=utf-8
host: localhost:51971
accept: */*

Response DefaultHttpResponse(decodeResult: success, version: HTTP/1.1)
HTTP/1.1 200 OK
Content-Type: application/json; charset=utf-8
cache-control: no-cache
content-length: 143140

07:48:32.923 [AsyncHttpClient-1-5] DEBUG org.asynchttpclient.netty.channel.ChannelManager - Adding key: http://localhost:51971 for channel [id: 0x08208dcc, L:/127.0.0.1:49908 - R:localhost/127.0.0.1:51971]
07:48:32.932 [main] DEBUG net.serenitybdd.core.photography.Darkroom - Send negative for processing for target/site/serenity/76785b2408e6a627f821a689391526f77de9b66ea7150de038c15a6f1cdb7b4d.png
07:48:32.932 [main] DEBUG net.thucydides.core.steps.StepInterceptor - STEP DONE: {0} opens the #targetPageName
07:48:32.932 [Darkroom Processing Line] DEBUG net.serenitybdd.core.photography.DarkroomProcessingLine - Processing screenshot image in /var/screenshots/screenshot-626538507819504146
07:48:32.932 [Darkroom Processing Line] DEBUG net.serenitybdd.core.photography.DarkroomProcessingLine - Saving screenshot to target/site/serenity/76785b2408e6a627f821a689391526f77de9b66ea7150de038c15a6f1cdb7b4d.png
07:48:32.938 [main] DEBUG net.thucydides.core.steps.StepInterceptor - STEP DONE: !#title
  &amp#27;[32mGiven &amp#27;[0m&amp#27;[32m&amp#27;[0m&amp#27;[32m&amp#27;[1mI&amp#27;[0m&amp#27;[32m open Orange HRM login page&amp#27;[0m                &amp#27;[90m# orangehrm.stepdefinitions.loginStepDef.loadHRMLoginPage(net.serenitybdd.screenplay.Actor)&amp#27;[0m
07:48:32.962 [main] DEBUG net.thucydides.core.steps.StepInterceptor - STARTING STEP: loginStepDef.inputCredential - !#title
07:48:32.969 [main] DEBUG net.thucydides.core.steps.StepInterceptor - STARTING STEP: loginStepDef.inputCredential - {0} enters #theTextAsAString into #target
07:48:32.970 [main] DEBUG net.serenitybdd.screenplay.targets.IFrameSwitcher - default content already selected for username field
07:48:32.975 [Forwarding findElement on session 97c7dd19e921f0e5576175a61c51b123 to remote] DEBUG org.asynchttpclient.netty.request.NettyRequestSender - Using pooled Channel '[id: 0x08208dcc, L:/127.0.0.1:49908 - R:localhost/127.0.0.1:51971]' for 'POST' to 'http://localhost:51971/session/97c7dd19e921f0e5576175a61c51b123/element'
07:48:32.975 [Forwarding findElement on session 97c7dd19e921f0e5576175a61c51b123 to remote] DEBUG org.asynchttpclient.netty.request.NettyRequestSender - Using open Channel [id: 0x08208dcc, L:/127.0.0.1:49908 - R:localhost/127.0.0.1:51971] for POST '/session/97c7dd19e921f0e5576175a61c51b123/element'
07:48:32.991 [AsyncHttpClient-1-5] DEBUG org.asynchttpclient.netty.handler.HttpHandler - 

Request DefaultHttpRequest(decodeResult: success, version: HTTP/1.1)
POST /session/97c7dd19e921f0e5576175a61c51b123/element HTTP/1.1
User-Agent: selenium/4.1.2 (java mac)
Content-Length: 56
Content-Type: application/json; charset=utf-8
host: localhost:51971
accept: */*

Response DefaultHttpResponse(decodeResult: success, version: HTTP/1.1)
HTTP/1.1 200 OK
Content-Type: application/json; charset=utf-8
cache-control: no-cache
content-length: 88

07:48:32.992 [AsyncHttpClient-1-5] DEBUG org.asynchttpclient.netty.channel.ChannelManager - Adding key: http://localhost:51971 for channel [id: 0x08208dcc, L:/127.0.0.1:49908 - R:localhost/127.0.0.1:51971]
07:48:32.994 [Forwarding clearElement on session 97c7dd19e921f0e5576175a61c51b123 to remote] DEBUG org.asynchttpclient.netty.request.NettyRequestSender - Using pooled Channel '[id: 0x08208dcc, L:/127.0.0.1:49908 - R:localhost/127.0.0.1:51971]' for 'POST' to 'http://localhost:51971/session/97c7dd19e921f0e5576175a61c51b123/element/2eb72854-9ada-4880-9f8d-b005816a6f95/clear'
07:48:32.994 [Forwarding clearElement on session 97c7dd19e921f0e5576175a61c51b123 to remote] DEBUG org.asynchttpclient.netty.request.NettyRequestSender - Using open Channel [id: 0x08208dcc, L:/127.0.0.1:49908 - R:localhost/127.0.0.1:51971] for POST '/session/97c7dd19e921f0e5576175a61c51b123/element/2eb72854-9ada-4880-9f8d-b005816a6f95/clear'
07:48:33.026 [AsyncHttpClient-1-5] DEBUG org.asynchttpclient.netty.handler.HttpHandler - 

Request DefaultHttpRequest(decodeResult: success, version: HTTP/1.1)
POST /session/97c7dd19e921f0e5576175a61c51b123/element/2eb72854-9ada-4880-9f8d-b005816a6f95/clear HTTP/1.1
User-Agent: selenium/4.1.2 (java mac)
Content-Length: 50
Content-Type: application/json; charset=utf-8
host: localhost:51971
accept: */*

Response DefaultHttpResponse(decodeResult: success, version: HTTP/1.1)
HTTP/1.1 200 OK
Content-Type: application/json; charset=utf-8
cache-control: no-cache
content-length: 14

07:48:33.026 [AsyncHttpClient-1-5] DEBUG org.asynchttpclient.netty.channel.ChannelManager - Adding key: http://localhost:51971 for channel [id: 0x08208dcc, L:/127.0.0.1:49908 - R:localhost/127.0.0.1:51971]
07:48:33.029 [Forwarding sendKeysToElement on session 97c7dd19e921f0e5576175a61c51b123 to remote] DEBUG org.asynchttpclient.netty.request.NettyRequestSender - Using pooled Channel '[id: 0x08208dcc, L:/127.0.0.1:49908 - R:localhost/127.0.0.1:51971]' for 'POST' to 'http://localhost:51971/session/97c7dd19e921f0e5576175a61c51b123/element/2eb72854-9ada-4880-9f8d-b005816a6f95/value'
07:48:33.030 [Forwarding sendKeysToElement on session 97c7dd19e921f0e5576175a61c51b123 to remote] DEBUG org.asynchttpclient.netty.request.NettyRequestSender - Using open Channel [id: 0x08208dcc, L:/127.0.0.1:49908 - R:localhost/127.0.0.1:51971] for POST '/session/97c7dd19e921f0e5576175a61c51b123/element/2eb72854-9ada-4880-9f8d-b005816a6f95/value'
07:48:33.140 [AsyncHttpClient-1-5] DEBUG org.asynchttpclient.netty.handler.HttpHandler - 

Request DefaultHttpRequest(decodeResult: success, version: HTTP/1.1)
POST /session/97c7dd19e921f0e5576175a61c51b123/element/2eb72854-9ada-4880-9f8d-b005816a6f95/value HTTP/1.1
User-Agent: selenium/4.1.2 (java mac)
Content-Length: 131
Content-Type: application/json; charset=utf-8
host: localhost:51971
accept: */*

Response DefaultHttpResponse(decodeResult: success, version: HTTP/1.1)
HTTP/1.1 200 OK
Content-Type: application/json; charset=utf-8
cache-control: no-cache
content-length: 14

07:48:33.141 [AsyncHttpClient-1-5] DEBUG org.asynchttpclient.netty.channel.ChannelManager - Adding key: http://localhost:51971 for channel [id: 0x08208dcc, L:/127.0.0.1:49908 - R:localhost/127.0.0.1:51971]
07:48:33.151 [Forwarding screenshot on session 97c7dd19e921f0e5576175a61c51b123 to remote] DEBUG org.asynchttpclient.netty.request.NettyRequestSender - Using pooled Channel '[id: 0x08208dcc, L:/127.0.0.1:49908 - R:localhost/127.0.0.1:51971]' for 'GET' to 'http://localhost:51971/session/97c7dd19e921f0e5576175a61c51b123/screenshot'
07:48:33.151 [Forwarding screenshot on session 97c7dd19e921f0e5576175a61c51b123 to remote] DEBUG org.asynchttpclient.netty.request.NettyRequestSender - Using open Channel [id: 0x08208dcc, L:/127.0.0.1:49908 - R:localhost/127.0.0.1:51971] for GET '/session/97c7dd19e921f0e5576175a61c51b123/screenshot'
07:48:33.334 [AsyncHttpClient-1-5] DEBUG org.asynchttpclient.netty.handler.HttpHandler - 

Request DefaultFullHttpRequest(decodeResult: success, version: HTTP/1.1, content: EmptyByteBufBE)
GET /session/97c7dd19e921f0e5576175a61c51b123/screenshot HTTP/1.1
User-Agent: selenium/4.1.2 (java mac)
Cache-Control: no-cache
Content-Type: application/json; charset=utf-8
host: localhost:51971
accept: */*

Response DefaultHttpResponse(decodeResult: success, version: HTTP/1.1)
HTTP/1.1 200 OK
Content-Type: application/json; charset=utf-8
cache-control: no-cache
content-length: 141220

07:48:33.336 [AsyncHttpClient-1-5] DEBUG org.asynchttpclient.netty.channel.ChannelManager - Adding key: http://localhost:51971 for channel [id: 0x08208dcc, L:/127.0.0.1:49908 - R:localhost/127.0.0.1:51971]
07:48:33.348 [main] DEBUG net.serenitybdd.core.photography.Darkroom - Send negative for processing for target/site/serenity/0810a9e55a1b550b8992e89d8afb2e9d2522bc4d1bb30fd994f707fffbc02c86.png
07:48:33.349 [main] DEBUG net.thucydides.core.steps.StepInterceptor - STEP DONE: {0} enters #theTextAsAString into #target
07:48:33.349 [Darkroom Processing Line] DEBUG net.serenitybdd.core.photography.DarkroomProcessingLine - Processing screenshot image in /var/screenshots/screenshot-7151183601115378639
07:48:33.349 [Darkroom Processing Line] DEBUG net.serenitybdd.core.photography.DarkroomProcessingLine - Saving screenshot to target/site/serenity/0810a9e55a1b550b8992e89d8afb2e9d2522bc4d1bb30fd994f707fffbc02c86.png
07:48:33.360 [main] DEBUG net.thucydides.core.steps.StepInterceptor - STEP DONE: !#title
07:48:33.370 [main] DEBUG net.thucydides.core.steps.StepInterceptor - STARTING STEP: loginStepDef.inputCredential - !#title
07:48:33.381 [main] DEBUG net.thucydides.core.steps.StepInterceptor - STARTING STEP: loginStepDef.inputCredential - {0} enters #theTextAsAString into #target
07:48:33.383 [main] DEBUG net.serenitybdd.screenplay.targets.IFrameSwitcher - default content already selected for password field
07:48:33.388 [Forwarding findElement on session 97c7dd19e921f0e5576175a61c51b123 to remote] DEBUG org.asynchttpclient.netty.request.NettyRequestSender - Using pooled Channel '[id: 0x08208dcc, L:/127.0.0.1:49908 - R:localhost/127.0.0.1:51971]' for 'POST' to 'http://localhost:51971/session/97c7dd19e921f0e5576175a61c51b123/element'
07:48:33.388 [Forwarding findElement on session 97c7dd19e921f0e5576175a61c51b123 to remote] DEBUG org.asynchttpclient.netty.request.NettyRequestSender - Using open Channel [id: 0x08208dcc, L:/127.0.0.1:49908 - R:localhost/127.0.0.1:51971] for POST '/session/97c7dd19e921f0e5576175a61c51b123/element'
07:48:33.403 [AsyncHttpClient-1-5] DEBUG org.asynchttpclient.netty.handler.HttpHandler - 

Request DefaultHttpRequest(decodeResult: success, version: HTTP/1.1)
POST /session/97c7dd19e921f0e5576175a61c51b123/element HTTP/1.1
User-Agent: selenium/4.1.2 (java mac)
Content-Length: 56
Content-Type: application/json; charset=utf-8
host: localhost:51971
accept: */*

Response DefaultHttpResponse(decodeResult: success, version: HTTP/1.1)
HTTP/1.1 200 OK
Content-Type: application/json; charset=utf-8
cache-control: no-cache
content-length: 88

07:48:33.403 [AsyncHttpClient-1-5] DEBUG org.asynchttpclient.netty.channel.ChannelManager - Adding key: http://localhost:51971 for channel [id: 0x08208dcc, L:/127.0.0.1:49908 - R:localhost/127.0.0.1:51971]
07:48:33.406 [Forwarding clearElement on session 97c7dd19e921f0e5576175a61c51b123 to remote] DEBUG org.asynchttpclient.netty.request.NettyRequestSender - Using pooled Channel '[id: 0x08208dcc, L:/127.0.0.1:49908 - R:localhost/127.0.0.1:51971]' for 'POST' to 'http://localhost:51971/session/97c7dd19e921f0e5576175a61c51b123/element/50eae5c7-d315-4ea0-8492-93df5d98d376/clear'
07:48:33.406 [Forwarding clearElement on session 97c7dd19e921f0e5576175a61c51b123 to remote] DEBUG org.asynchttpclient.netty.request.NettyRequestSender - Using open Channel [id: 0x08208dcc, L:/127.0.0.1:49908 - R:localhost/127.0.0.1:51971] for POST '/session/97c7dd19e921f0e5576175a61c51b123/element/50eae5c7-d315-4ea0-8492-93df5d98d376/clear'
07:48:33.444 [AsyncHttpClient-1-5] DEBUG org.asynchttpclient.netty.handler.HttpHandler - 

Request DefaultHttpRequest(decodeResult: success, version: HTTP/1.1)
POST /session/97c7dd19e921f0e5576175a61c51b123/element/50eae5c7-d315-4ea0-8492-93df5d98d376/clear HTTP/1.1
User-Agent: selenium/4.1.2 (java mac)
Content-Length: 50
Content-Type: application/json; charset=utf-8
host: localhost:51971
accept: */*

Response DefaultHttpResponse(decodeResult: success, version: HTTP/1.1)
HTTP/1.1 200 OK
Content-Type: application/json; charset=utf-8
cache-control: no-cache
content-length: 14

07:48:33.445 [AsyncHttpClient-1-5] DEBUG org.asynchttpclient.netty.channel.ChannelManager - Adding key: http://localhost:51971 for channel [id: 0x08208dcc, L:/127.0.0.1:49908 - R:localhost/127.0.0.1:51971]
07:48:33.448 [Forwarding sendKeysToElement on session 97c7dd19e921f0e5576175a61c51b123 to remote] DEBUG org.asynchttpclient.netty.request.NettyRequestSender - Using pooled Channel '[id: 0x08208dcc, L:/127.0.0.1:49908 - R:localhost/127.0.0.1:51971]' for 'POST' to 'http://localhost:51971/session/97c7dd19e921f0e5576175a61c51b123/element/50eae5c7-d315-4ea0-8492-93df5d98d376/value'
07:48:33.449 [Forwarding sendKeysToElement on session 97c7dd19e921f0e5576175a61c51b123 to remote] DEBUG org.asynchttpclient.netty.request.NettyRequestSender - Using open Channel [id: 0x08208dcc, L:/127.0.0.1:49908 - R:localhost/127.0.0.1:51971] for POST '/session/97c7dd19e921f0e5576175a61c51b123/element/50eae5c7-d315-4ea0-8492-93df5d98d376/value'
07:48:33.511 [AsyncHttpClient-1-5] DEBUG org.asynchttpclient.netty.handler.HttpHandler - 

Request DefaultHttpRequest(decodeResult: success, version: HTTP/1.1)
POST /session/97c7dd19e921f0e5576175a61c51b123/element/50eae5c7-d315-4ea0-8492-93df5d98d376/value HTTP/1.1
User-Agent: selenium/4.1.2 (java mac)
Content-Length: 161
Content-Type: application/json; charset=utf-8
host: localhost:51971
accept: */*

Response DefaultHttpResponse(decodeResult: success, version: HTTP/1.1)
HTTP/1.1 200 OK
Content-Type: application/json; charset=utf-8
cache-control: no-cache
content-length: 14

07:48:33.511 [AsyncHttpClient-1-5] DEBUG org.asynchttpclient.netty.channel.ChannelManager - Adding key: http://localhost:51971 for channel [id: 0x08208dcc, L:/127.0.0.1:49908 - R:localhost/127.0.0.1:51971]
07:48:33.519 [Forwarding screenshot on session 97c7dd19e921f0e5576175a61c51b123 to remote] DEBUG org.asynchttpclient.netty.request.NettyRequestSender - Using pooled Channel '[id: 0x08208dcc, L:/127.0.0.1:49908 - R:localhost/127.0.0.1:51971]' for 'GET' to 'http://localhost:51971/session/97c7dd19e921f0e5576175a61c51b123/screenshot'
07:48:33.519 [Forwarding screenshot on session 97c7dd19e921f0e5576175a61c51b123 to remote] DEBUG org.asynchttpclient.netty.request.NettyRequestSender - Using open Channel [id: 0x08208dcc, L:/127.0.0.1:49908 - R:localhost/127.0.0.1:51971] for GET '/session/97c7dd19e921f0e5576175a61c51b123/screenshot'
07:48:33.644 [AsyncHttpClient-1-5] DEBUG org.asynchttpclient.netty.handler.HttpHandler - 

Request DefaultFullHttpRequest(decodeResult: success, version: HTTP/1.1, content: EmptyByteBufBE)
GET /session/97c7dd19e921f0e5576175a61c51b123/screenshot HTTP/1.1
User-Agent: selenium/4.1.2 (java mac)
Cache-Control: no-cache
Content-Type: application/json; charset=utf-8
host: localhost:51971
accept: */*

Response DefaultHttpResponse(decodeResult: success, version: HTTP/1.1)
HTTP/1.1 200 OK
Content-Type: application/json; charset=utf-8
cache-control: no-cache
content-length: 141600

07:48:33.645 [AsyncHttpClient-1-5] DEBUG org.asynchttpclient.netty.channel.ChannelManager - Adding key: http://localhost:51971 for channel [id: 0x08208dcc, L:/127.0.0.1:49908 - R:localhost/127.0.0.1:51971]
07:48:33.652 [main] DEBUG net.serenitybdd.core.photography.Darkroom - Send negative for processing for target/site/serenity/219d309bbfb6fe6b7906ecd6e6b802acbae0ce43501848433db883de3959bc89.png
07:48:33.652 [Darkroom Processing Line] DEBUG net.serenitybdd.core.photography.DarkroomProcessingLine - Processing screenshot image in /var/screenshots/screenshot-6414873568347803399
07:48:33.652 [main] DEBUG net.thucydides.core.steps.StepInterceptor - STEP DONE: {0} enters #theTextAsAString into #target
07:48:33.652 [Darkroom Processing Line] DEBUG net.serenitybdd.core.photography.DarkroomProcessingLine - Saving screenshot to target/site/serenity/219d309bbfb6fe6b7906ecd6e6b802acbae0ce43501848433db883de3959bc89.png
07:48:33.657 [main] DEBUG net.thucydides.core.steps.StepInterceptor - STEP DONE: !#title
  &amp#27;[32mAnd &amp#27;[0m&amp#27;[32m&amp#27;[0m&amp#27;[32m&amp#27;[1mI&amp#27;[0m&amp#27;[32m input username and password&amp#27;[0m                 &amp#27;[90m# orangehrm.stepdefinitions.loginStepDef.inputCredential(net.serenitybdd.screenplay.Actor)&amp#27;[0m
07:48:33.676 [main] DEBUG net.thucydides.core.steps.StepInterceptor - STARTING STEP: loginStepDef.clickLoginButton - !#title
07:48:33.682 [main] DEBUG net.thucydides.core.steps.StepInterceptor - STARTING STEP: loginStepDef.clickLoginButton - {0} clicks on #target
07:48:33.682 [main] DEBUG net.serenitybdd.screenplay.targets.IFrameSwitcher - default content already selected for login button
07:48:33.686 [Forwarding findElement on session 97c7dd19e921f0e5576175a61c51b123 to remote] DEBUG org.asynchttpclient.netty.request.NettyRequestSender - Using pooled Channel '[id: 0x08208dcc, L:/127.0.0.1:49908 - R:localhost/127.0.0.1:51971]' for 'POST' to 'http://localhost:51971/session/97c7dd19e921f0e5576175a61c51b123/element'
07:48:33.686 [Forwarding findElement on session 97c7dd19e921f0e5576175a61c51b123 to remote] DEBUG org.asynchttpclient.netty.request.NettyRequestSender - Using open Channel [id: 0x08208dcc, L:/127.0.0.1:49908 - R:localhost/127.0.0.1:51971] for POST '/session/97c7dd19e921f0e5576175a61c51b123/element'
07:48:33.697 [AsyncHttpClient-1-5] DEBUG org.asynchttpclient.netty.handler.HttpHandler - 

Request DefaultHttpRequest(decodeResult: success, version: HTTP/1.1)
POST /session/97c7dd19e921f0e5576175a61c51b123/element HTTP/1.1
User-Agent: selenium/4.1.2 (java mac)
Content-Length: 53
Content-Type: application/json; charset=utf-8
host: localhost:51971
accept: */*

Response DefaultHttpResponse(decodeResult: success, version: HTTP/1.1)
HTTP/1.1 200 OK
Content-Type: application/json; charset=utf-8
cache-control: no-cache
content-length: 88

07:48:33.697 [AsyncHttpClient-1-5] DEBUG org.asynchttpclient.netty.channel.ChannelManager - Adding key: http://localhost:51971 for channel [id: 0x08208dcc, L:/127.0.0.1:49908 - R:localhost/127.0.0.1:51971]
07:48:33.704 [Forwarding isElementDisplayed on session 97c7dd19e921f0e5576175a61c51b123 to remote] DEBUG org.asynchttpclient.netty.request.NettyRequestSender - Using pooled Channel '[id: 0x08208dcc, L:/127.0.0.1:49908 - R:localhost/127.0.0.1:51971]' for 'POST' to 'http://localhost:51971/session/97c7dd19e921f0e5576175a61c51b123/execute/sync'
07:48:33.704 [Forwarding isElementDisplayed on session 97c7dd19e921f0e5576175a61c51b123 to remote] DEBUG org.asynchttpclient.netty.request.NettyRequestSender - Using open Channel [id: 0x08208dcc, L:/127.0.0.1:49908 - R:localhost/127.0.0.1:51971] for POST '/session/97c7dd19e921f0e5576175a61c51b123/execute/sync'
07:48:33.772 [AsyncHttpClient-1-5] DEBUG org.asynchttpclient.netty.handler.HttpHandler - 

Request DefaultHttpRequest(decodeResult: success, version: HTTP/1.1)
POST /session/97c7dd19e921f0e5576175a61c51b123/execute/sync HTTP/1.1
User-Agent: selenium/4.1.2 (java mac)
Content-Length: 48780
Content-Type: application/json; charset=utf-8
host: localhost:51971
accept: */*

Response DefaultHttpResponse(decodeResult: success, version: HTTP/1.1)
HTTP/1.1 200 OK
Content-Type: application/json; charset=utf-8
cache-control: no-cache
content-length: 14

07:48:33.772 [AsyncHttpClient-1-5] DEBUG org.asynchttpclient.netty.channel.ChannelManager - Adding key: http://localhost:51971 for channel [id: 0x08208dcc, L:/127.0.0.1:49908 - R:localhost/127.0.0.1:51971]
07:48:33.779 [Forwarding findElement on session 97c7dd19e921f0e5576175a61c51b123 to remote] DEBUG org.asynchttpclient.netty.request.NettyRequestSender - Using pooled Channel '[id: 0x08208dcc, L:/127.0.0.1:49908 - R:localhost/127.0.0.1:51971]' for 'POST' to 'http://localhost:51971/session/97c7dd19e921f0e5576175a61c51b123/element'
07:48:33.780 [Forwarding findElement on session 97c7dd19e921f0e5576175a61c51b123 to remote] DEBUG org.asynchttpclient.netty.request.NettyRequestSender - Using open Channel [id: 0x08208dcc, L:/127.0.0.1:49908 - R:localhost/127.0.0.1:51971] for POST '/session/97c7dd19e921f0e5576175a61c51b123/element'
07:48:33.804 [AsyncHttpClient-1-5] DEBUG org.asynchttpclient.netty.handler.HttpHandler - 

Request DefaultHttpRequest(decodeResult: success, version: HTTP/1.1)
POST /session/97c7dd19e921f0e5576175a61c51b123/element HTTP/1.1
User-Agent: selenium/4.1.2 (java mac)
Content-Length: 53
Content-Type: application/json; charset=utf-8
host: localhost:51971
accept: */*

Response DefaultHttpResponse(decodeResult: success, version: HTTP/1.1)
HTTP/1.1 200 OK
Content-Type: application/json; charset=utf-8
cache-control: no-cache
content-length: 88

07:48:33.805 [AsyncHttpClient-1-5] DEBUG org.asynchttpclient.netty.channel.ChannelManager - Adding key: http://localhost:51971 for channel [id: 0x08208dcc, L:/127.0.0.1:49908 - R:localhost/127.0.0.1:51971]
07:48:33.810 [Forwarding clickElement on session 97c7dd19e921f0e5576175a61c51b123 to remote] DEBUG org.asynchttpclient.netty.request.NettyRequestSender - Using pooled Channel '[id: 0x08208dcc, L:/127.0.0.1:49908 - R:localhost/127.0.0.1:51971]' for 'POST' to 'http://localhost:51971/session/97c7dd19e921f0e5576175a61c51b123/element/61111ccc-ff75-4bcf-8661-f34e2eee0753/click'
07:48:33.810 [Forwarding clickElement on session 97c7dd19e921f0e5576175a61c51b123 to remote] DEBUG org.asynchttpclient.netty.request.NettyRequestSender - Using open Channel [id: 0x08208dcc, L:/127.0.0.1:49908 - R:localhost/127.0.0.1:51971] for POST '/session/97c7dd19e921f0e5576175a61c51b123/element/61111ccc-ff75-4bcf-8661-f34e2eee0753/click'
07:48:33.906 [AsyncHttpClient-1-1] DEBUG org.asynchttpclient.netty.channel.DefaultChannelPool - Entry count for : http://localhost:49910 : 1
07:48:35.005 [AsyncHttpClient-1-1] DEBUG org.asynchttpclient.netty.channel.DefaultChannelPool - Entry count for : http://localhost:49910 : 1
07:48:36.108 [AsyncHttpClient-1-1] DEBUG org.asynchttpclient.netty.channel.DefaultChannelPool - Entry count for : http://localhost:49910 : 1
07:48:37.205 [AsyncHttpClient-1-1] DEBUG org.asynchttpclient.netty.channel.DefaultChannelPool - Entry count for : http://localhost:49910 : 1
07:48:38.306 [AsyncHttpClient-1-1] DEBUG org.asynchttpclient.netty.channel.DefaultChannelPool - Entry count for : http://localhost:49910 : 1
07:48:39.405 [AsyncHttpClient-1-1] DEBUG org.asynchttpclient.netty.channel.DefaultChannelPool - Entry count for : http://localhost:49910 : 1
07:48:39.843 [AsyncHttpClient-1-5] DEBUG org.asynchttpclient.netty.handler.HttpHandler - 

Request DefaultHttpRequest(decodeResult: success, version: HTTP/1.1)
POST /session/97c7dd19e921f0e5576175a61c51b123/element/61111ccc-ff75-4bcf-8661-f34e2eee0753/click HTTP/1.1
User-Agent: selenium/4.1.2 (java mac)
Content-Length: 50
Content-Type: application/json; charset=utf-8
host: localhost:51971
accept: */*

Response DefaultHttpResponse(decodeResult: success, version: HTTP/1.1)
HTTP/1.1 200 OK
Content-Type: application/json; charset=utf-8
cache-control: no-cache
content-length: 14

07:48:39.843 [AsyncHttpClient-1-5] DEBUG org.asynchttpclient.netty.channel.ChannelManager - Adding key: http://localhost:51971 for channel [id: 0x08208dcc, L:/127.0.0.1:49908 - R:localhost/127.0.0.1:51971]
07:48:39.855 [Forwarding screenshot on session 97c7dd19e921f0e5576175a61c51b123 to remote] DEBUG org.asynchttpclient.netty.request.NettyRequestSender - Using pooled Channel '[id: 0x08208dcc, L:/127.0.0.1:49908 - R:localhost/127.0.0.1:51971]' for 'GET' to 'http://localhost:51971/session/97c7dd19e921f0e5576175a61c51b123/screenshot'
07:48:39.855 [Forwarding screenshot on session 97c7dd19e921f0e5576175a61c51b123 to remote] DEBUG org.asynchttpclient.netty.request.NettyRequestSender - Using open Channel [id: 0x08208dcc, L:/127.0.0.1:49908 - R:localhost/127.0.0.1:51971] for GET '/session/97c7dd19e921f0e5576175a61c51b123/screenshot'
07:48:40.025 [AsyncHttpClient-1-5] DEBUG org.asynchttpclient.netty.handler.HttpHandler - 

Request DefaultFullHttpRequest(decodeResult: success, version: HTTP/1.1, content: EmptyByteBufBE)
GET /session/97c7dd19e921f0e5576175a61c51b123/screenshot HTTP/1.1
User-Agent: selenium/4.1.2 (java mac)
Cache-Control: no-cache
Content-Type: application/json; charset=utf-8
host: localhost:51971
accept: */*

Response DefaultHttpResponse(decodeResult: success, version: HTTP/1.1)
HTTP/1.1 200 OK
Content-Type: application/json; charset=utf-8
cache-control: no-cache
content-length: 129760

07:48:40.027 [AsyncHttpClient-1-5] DEBUG org.asynchttpclient.netty.channel.ChannelManager - Adding key: http://localhost:51971 for channel [id: 0x08208dcc, L:/127.0.0.1:49908 - R:localhost/127.0.0.1:51971]
07:48:40.036 [main] DEBUG net.serenitybdd.core.photography.Darkroom - Send negative for processing for target/site/serenity/da2edfcb912466bbee41c248af4ec1a89e1f4ed0de38ecdb4a7391f768deaa84.png
07:48:40.036 [main] DEBUG net.thucydides.core.steps.StepInterceptor - STEP DONE: {0} clicks on #target
07:48:40.038 [Darkroom Processing Line] DEBUG net.serenitybdd.core.photography.DarkroomProcessingLine - Processing screenshot image in /var/screenshots/screenshot-7364174726165178138
07:48:40.038 [Darkroom Processing Line] DEBUG net.serenitybdd.core.photography.DarkroomProcessingLine - Saving screenshot to target/site/serenity/da2edfcb912466bbee41c248af4ec1a89e1f4ed0de38ecdb4a7391f768deaa84.png
07:48:40.047 [main] DEBUG net.thucydides.core.steps.StepInterceptor - STEP DONE: !#title
  &amp#27;[32mAnd &amp#27;[0m&amp#27;[32m&amp#27;[0m&amp#27;[32m&amp#27;[1mI&amp#27;[0m&amp#27;[32m click login button&amp#27;[0m                          &amp#27;[90m# orangehrm.stepdefinitions.loginStepDef.clickLoginButton(net.serenitybdd.screenplay.Actor)&amp#27;[0m
07:48:40.069 [main] DEBUG net.thucydides.core.steps.StepInterceptor - STARTING STEP: PIMStepDef.accessEmployee - !#title
07:48:40.078 [main] DEBUG net.thucydides.core.steps.StepInterceptor - STARTING STEP: PIMStepDef.accessEmployee - {0} opens the #targetPageName
07:48:40.081 [Forwarding get on session 97c7dd19e921f0e5576175a61c51b123 to remote] DEBUG org.asynchttpclient.netty.request.NettyRequestSender - Using pooled Channel '[id: 0x08208dcc, L:/127.0.0.1:49908 - R:localhost/127.0.0.1:51971]' for 'POST' to 'http://localhost:51971/session/97c7dd19e921f0e5576175a61c51b123/url'
07:48:40.081 [Forwarding get on session 97c7dd19e921f0e5576175a61c51b123 to remote] DEBUG org.asynchttpclient.netty.request.NettyRequestSender - Using open Channel [id: 0x08208dcc, L:/127.0.0.1:49908 - R:localhost/127.0.0.1:51971] for POST '/session/97c7dd19e921f0e5576175a61c51b123/url'
07:48:40.505 [AsyncHttpClient-1-1] DEBUG org.asynchttpclient.netty.channel.DefaultChannelPool - Entry count for : http://localhost:49910 : 1
07:48:41.605 [AsyncHttpClient-1-1] DEBUG org.asynchttpclient.netty.channel.DefaultChannelPool - Entry count for : http://localhost:49910 : 1
07:48:41.826 [AsyncHttpClient-1-5] DEBUG org.asynchttpclient.netty.handler.HttpHandler - 

Request DefaultHttpRequest(decodeResult: success, version: HTTP/1.1)
POST /session/97c7dd19e921f0e5576175a61c51b123/url HTTP/1.1
User-Agent: selenium/4.1.2 (java mac)
Content-Length: 112
Content-Type: application/json; charset=utf-8
host: localhost:51971
accept: */*

Response DefaultHttpResponse(decodeResult: success, version: HTTP/1.1)
HTTP/1.1 200 OK
Content-Type: application/json; charset=utf-8
cache-control: no-cache
content-length: 14

07:48:41.826 [AsyncHttpClient-1-5] DEBUG org.asynchttpclient.netty.channel.ChannelManager - Adding key: http://localhost:51971 for channel [id: 0x08208dcc, L:/127.0.0.1:49908 - R:localhost/127.0.0.1:51971]
07:48:41.830 [Forwarding getCurrentUrl on session 97c7dd19e921f0e5576175a61c51b123 to remote] DEBUG org.asynchttpclient.netty.request.NettyRequestSender - Using pooled Channel '[id: 0x08208dcc, L:/127.0.0.1:49908 - R:localhost/127.0.0.1:51971]' for 'GET' to 'http://localhost:51971/session/97c7dd19e921f0e5576175a61c51b123/url'
07:48:41.830 [Forwarding getCurrentUrl on session 97c7dd19e921f0e5576175a61c51b123 to remote] DEBUG org.asynchttpclient.netty.request.NettyRequestSender - Using open Channel [id: 0x08208dcc, L:/127.0.0.1:49908 - R:localhost/127.0.0.1:51971] for GET '/session/97c7dd19e921f0e5576175a61c51b123/url'
07:48:41.835 [AsyncHttpClient-1-5] DEBUG org.asynchttpclient.netty.handler.HttpHandler - 

Request DefaultFullHttpRequest(decodeResult: success, version: HTTP/1.1, content: EmptyByteBufBE)
GET /session/97c7dd19e921f0e5576175a61c51b123/url HTTP/1.1
User-Agent: selenium/4.1.2 (java mac)
Cache-Control: no-cache
Content-Type: application/json; charset=utf-8
host: localhost:51971
accept: */*

Response DefaultHttpResponse(decodeResult: success, version: HTTP/1.1)
HTTP/1.1 200 OK
Content-Type: application/json; charset=utf-8
cache-control: no-cache
content-length: 84

07:48:41.835 [AsyncHttpClient-1-5] DEBUG org.asynchttpclient.netty.channel.ChannelManager - Adding key: http://localhost:51971 for channel [id: 0x08208dcc, L:/127.0.0.1:49908 - R:localhost/127.0.0.1:51971]
07:48:41.842 [Forwarding getCurrentUrl on session 97c7dd19e921f0e5576175a61c51b123 to remote] DEBUG org.asynchttpclient.netty.request.NettyRequestSender - Using pooled Channel '[id: 0x08208dcc, L:/127.0.0.1:49908 - R:localhost/127.0.0.1:51971]' for 'GET' to 'http://localhost:51971/session/97c7dd19e921f0e5576175a61c51b123/url'
07:48:41.843 [Forwarding getCurrentUrl on session 97c7dd19e921f0e5576175a61c51b123 to remote] DEBUG org.asynchttpclient.netty.request.NettyRequestSender - Using open Channel [id: 0x08208dcc, L:/127.0.0.1:49908 - R:localhost/127.0.0.1:51971] for GET '/session/97c7dd19e921f0e5576175a61c51b123/url'
07:48:41.847 [AsyncHttpClient-1-5] DEBUG org.asynchttpclient.netty.handler.HttpHandler - 

Request DefaultFullHttpRequest(decodeResult: success, version: HTTP/1.1, content: EmptyByteBufBE)
GET /session/97c7dd19e921f0e5576175a61c51b123/url HTTP/1.1
User-Agent: selenium/4.1.2 (java mac)
Cache-Control: no-cache
Content-Type: application/json; charset=utf-8
host: localhost:51971
accept: */*

Response DefaultHttpResponse(decodeResult: success, version: HTTP/1.1)
HTTP/1.1 200 OK
Content-Type: application/json; charset=utf-8
cache-control: no-cache
content-length: 84

07:48:41.848 [AsyncHttpClient-1-5] DEBUG org.asynchttpclient.netty.channel.ChannelManager - Adding key: http://localhost:51971 for channel [id: 0x08208dcc, L:/127.0.0.1:49908 - R:localhost/127.0.0.1:51971]
07:48:41.861 [Forwarding screenshot on session 97c7dd19e921f0e5576175a61c51b123 to remote] DEBUG org.asynchttpclient.netty.request.NettyRequestSender - Using pooled Channel '[id: 0x08208dcc, L:/127.0.0.1:49908 - R:localhost/127.0.0.1:51971]' for 'GET' to 'http://localhost:51971/session/97c7dd19e921f0e5576175a61c51b123/screenshot'
07:48:41.862 [Forwarding screenshot on session 97c7dd19e921f0e5576175a61c51b123 to remote] DEBUG org.asynchttpclient.netty.request.NettyRequestSender - Using open Channel [id: 0x08208dcc, L:/127.0.0.1:49908 - R:localhost/127.0.0.1:51971] for GET '/session/97c7dd19e921f0e5576175a61c51b123/screenshot'
07:48:42.010 [AsyncHttpClient-1-5] DEBUG org.asynchttpclient.netty.handler.HttpHandler - 

Request DefaultFullHttpRequest(decodeResult: success, version: HTTP/1.1, content: EmptyByteBufBE)
GET /session/97c7dd19e921f0e5576175a61c51b123/screenshot HTTP/1.1
User-Agent: selenium/4.1.2 (java mac)
Cache-Control: no-cache
Content-Type: application/json; charset=utf-8
host: localhost:51971
accept: */*

Response DefaultHttpResponse(decodeResult: success, version: HTTP/1.1)
HTTP/1.1 200 OK
Content-Type: application/json; charset=utf-8
cache-control: no-cache
content-length: 128280

07:48:42.012 [AsyncHttpClient-1-5] DEBUG org.asynchttpclient.netty.channel.ChannelManager - Adding key: http://localhost:51971 for channel [id: 0x08208dcc, L:/127.0.0.1:49908 - R:localhost/127.0.0.1:51971]
07:48:42.022 [main] DEBUG net.serenitybdd.core.photography.Darkroom - Send negative for processing for target/site/serenity/923ac945a97785214b7e08e007257cba214695698af8952b065e07ceb3e20877.png
07:48:42.023 [Darkroom Processing Line] DEBUG net.serenitybdd.core.photography.DarkroomProcessingLine - Processing screenshot image in /var/screenshots/screenshot-6782259263860764061
07:48:42.023 [main] DEBUG net.thucydides.core.steps.StepInterceptor - STEP DONE: {0} opens the #targetPageName
07:48:42.023 [Darkroom Processing Line] DEBUG net.serenitybdd.core.photography.DarkroomProcessingLine - Saving screenshot to target/site/serenity/923ac945a97785214b7e08e007257cba214695698af8952b065e07ceb3e20877.png
07:48:42.031 [main] DEBUG net.thucydides.core.steps.StepInterceptor - STEP DONE: !#title
  &amp#27;[32mAnd &amp#27;[0m&amp#27;[32m&amp#27;[0m&amp#27;[32m&amp#27;[1mI&amp#27;[0m&amp#27;[32m access employee list&amp#27;[0m                        &amp#27;[90m# orangehrm.stepdefinitions.PIMStepDef.accessEmployee(net.serenitybdd.screenplay.Actor)&amp#27;[0m
07:48:42.071 [main] DEBUG net.thucydides.core.steps.StepInterceptor - STARTING STEP: PIMStepDef.addEmployee - !#title
07:48:42.080 [Forwarding screenshot on session 97c7dd19e921f0e5576175a61c51b123 to remote] DEBUG org.asynchttpclient.netty.request.NettyRequestSender - Using pooled Channel '[id: 0x08208dcc, L:/127.0.0.1:49908 - R:localhost/127.0.0.1:51971]' for 'GET' to 'http://localhost:51971/session/97c7dd19e921f0e5576175a61c51b123/screenshot'
07:48:42.080 [Forwarding screenshot on session 97c7dd19e921f0e5576175a61c51b123 to remote] DEBUG org.asynchttpclient.netty.request.NettyRequestSender - Using open Channel [id: 0x08208dcc, L:/127.0.0.1:49908 - R:localhost/127.0.0.1:51971] for GET '/session/97c7dd19e921f0e5576175a61c51b123/screenshot'
07:48:42.197 [AsyncHttpClient-1-5] DEBUG org.asynchttpclient.netty.handler.HttpHandler - 

Request DefaultFullHttpRequest(decodeResult: success, version: HTTP/1.1, content: EmptyByteBufBE)
GET /session/97c7dd19e921f0e5576175a61c51b123/screenshot HTTP/1.1
User-Agent: selenium/4.1.2 (java mac)
Cache-Control: no-cache
Content-Type: application/json; charset=utf-8
host: localhost:51971
accept: */*

Response DefaultHttpResponse(decodeResult: success, version: HTTP/1.1)
HTTP/1.1 200 OK
Content-Type: application/json; charset=utf-8
cache-control: no-cache
content-length: 128280

07:48:42.199 [AsyncHttpClient-1-5] DEBUG org.asynchttpclient.netty.channel.ChannelManager - Adding key: http://localhost:51971 for channel [id: 0x08208dcc, L:/127.0.0.1:49908 - R:localhost/127.0.0.1:51971]
07:48:42.213 [main] DEBUG net.serenitybdd.core.photography.Darkroom - Send negative for processing for target/site/serenity/923ac945a97785214b7e08e007257cba214695698af8952b065e07ceb3e20877.png
07:48:42.214 [main] DEBUG net.thucydides.core.steps.StepInterceptor - STARTING STEP: PIMStepDef.addEmployee - {0} clicks on #target
07:48:42.215 [main] DEBUG net.serenitybdd.screenplay.targets.IFrameSwitcher - default content already selected for add button
07:48:42.352 [Forwarding findElement on session 97c7dd19e921f0e5576175a61c51b123 to remote] DEBUG org.asynchttpclient.netty.request.NettyRequestSender - Using pooled Channel '[id: 0x08208dcc, L:/127.0.0.1:49908 - R:localhost/127.0.0.1:51971]' for 'POST' to 'http://localhost:51971/session/97c7dd19e921f0e5576175a61c51b123/element'
07:48:42.352 [Forwarding findElement on session 97c7dd19e921f0e5576175a61c51b123 to remote] DEBUG org.asynchttpclient.netty.request.NettyRequestSender - Using open Channel [id: 0x08208dcc, L:/127.0.0.1:49908 - R:localhost/127.0.0.1:51971] for POST '/session/97c7dd19e921f0e5576175a61c51b123/element'
07:48:42.367 [AsyncHttpClient-1-5] DEBUG org.asynchttpclient.netty.handler.HttpHandler - 

Request DefaultHttpRequest(decodeResult: success, version: HTTP/1.1)
POST /session/97c7dd19e921f0e5576175a61c51b123/element HTTP/1.1
User-Agent: selenium/4.1.2 (java mac)
Content-Length: 51
Content-Type: application/json; charset=utf-8
host: localhost:51971
accept: */*

Response DefaultHttpResponse(decodeResult: success, version: HTTP/1.1)
HTTP/1.1 200 OK
Content-Type: application/json; charset=utf-8
cache-control: no-cache
content-length: 88

07:48:42.368 [AsyncHttpClient-1-5] DEBUG org.asynchttpclient.netty.channel.ChannelManager - Adding key: http://localhost:51971 for channel [id: 0x08208dcc, L:/127.0.0.1:49908 - R:localhost/127.0.0.1:51971]
07:48:42.376 [Forwarding isElementDisplayed on session 97c7dd19e921f0e5576175a61c51b123 to remote] DEBUG org.asynchttpclient.netty.request.NettyRequestSender - Using pooled Channel '[id: 0x08208dcc, L:/127.0.0.1:49908 - R:localhost/127.0.0.1:51971]' for 'POST' to 'http://localhost:51971/session/97c7dd19e921f0e5576175a61c51b123/execute/sync'
07:48:42.376 [Forwarding isElementDisplayed on session 97c7dd19e921f0e5576175a61c51b123 to remote] DEBUG org.asynchttpclient.netty.request.NettyRequestSender - Using open Channel [id: 0x08208dcc, L:/127.0.0.1:49908 - R:localhost/127.0.0.1:51971] for POST '/session/97c7dd19e921f0e5576175a61c51b123/execute/sync'
07:48:42.394 [AsyncHttpClient-1-5] DEBUG org.asynchttpclient.netty.handler.HttpHandler - 

Request DefaultHttpRequest(decodeResult: success, version: HTTP/1.1)
POST /session/97c7dd19e921f0e5576175a61c51b123/execute/sync HTTP/1.1
User-Agent: selenium/4.1.2 (java mac)
Content-Length: 48780
Content-Type: application/json; charset=utf-8
host: localhost:51971
accept: */*

Response DefaultHttpResponse(decodeResult: success, version: HTTP/1.1)
HTTP/1.1 200 OK
Content-Type: application/json; charset=utf-8
cache-control: no-cache
content-length: 14

07:48:42.394 [AsyncHttpClient-1-5] DEBUG org.asynchttpclient.netty.channel.ChannelManager - Adding key: http://localhost:51971 for channel [id: 0x08208dcc, L:/127.0.0.1:49908 - R:localhost/127.0.0.1:51971]
07:48:42.397 [Forwarding findElement on session 97c7dd19e921f0e5576175a61c51b123 to remote] DEBUG org.asynchttpclient.netty.request.NettyRequestSender - Using pooled Channel '[id: 0x08208dcc, L:/127.0.0.1:49908 - R:localhost/127.0.0.1:51971]' for 'POST' to 'http://localhost:51971/session/97c7dd19e921f0e5576175a61c51b123/element'
07:48:42.398 [Forwarding findElement on session 97c7dd19e921f0e5576175a61c51b123 to remote] DEBUG org.asynchttpclient.netty.request.NettyRequestSender - Using open Channel [id: 0x08208dcc, L:/127.0.0.1:49908 - R:localhost/127.0.0.1:51971] for POST '/session/97c7dd19e921f0e5576175a61c51b123/element'
07:48:42.405 [AsyncHttpClient-1-5] DEBUG org.asynchttpclient.netty.handler.HttpHandler - 

Request DefaultHttpRequest(decodeResult: success, version: HTTP/1.1)
POST /session/97c7dd19e921f0e5576175a61c51b123/element HTTP/1.1
User-Agent: selenium/4.1.2 (java mac)
Content-Length: 51
Content-Type: application/json; charset=utf-8
host: localhost:51971
accept: */*

Response DefaultHttpResponse(decodeResult: success, version: HTTP/1.1)
HTTP/1.1 200 OK
Content-Type: application/json; charset=utf-8
cache-control: no-cache
content-length: 88

07:48:42.406 [AsyncHttpClient-1-5] DEBUG org.asynchttpclient.netty.channel.ChannelManager - Adding key: http://localhost:51971 for channel [id: 0x08208dcc, L:/127.0.0.1:49908 - R:localhost/127.0.0.1:51971]
07:48:42.408 [Forwarding clickElement on session 97c7dd19e921f0e5576175a61c51b123 to remote] DEBUG org.asynchttpclient.netty.request.NettyRequestSender - Using pooled Channel '[id: 0x08208dcc, L:/127.0.0.1:49908 - R:localhost/127.0.0.1:51971]' for 'POST' to 'http://localhost:51971/session/97c7dd19e921f0e5576175a61c51b123/element/f910fb8b-6eab-4c2f-91b8-ff5f01a2facd/click'
07:48:42.408 [Forwarding clickElement on session 97c7dd19e921f0e5576175a61c51b123 to remote] DEBUG org.asynchttpclient.netty.request.NettyRequestSender - Using open Channel [id: 0x08208dcc, L:/127.0.0.1:49908 - R:localhost/127.0.0.1:51971] for POST '/session/97c7dd19e921f0e5576175a61c51b123/element/f910fb8b-6eab-4c2f-91b8-ff5f01a2facd/click'
07:48:42.705 [AsyncHttpClient-1-1] DEBUG org.asynchttpclient.netty.channel.DefaultChannelPool - Entry count for : http://localhost:49910 : 1
07:48:43.297 [AsyncHttpClient-1-5] DEBUG org.asynchttpclient.netty.handler.HttpHandler - 

Request DefaultHttpRequest(decodeResult: success, version: HTTP/1.1)
POST /session/97c7dd19e921f0e5576175a61c51b123/element/f910fb8b-6eab-4c2f-91b8-ff5f01a2facd/click HTTP/1.1
User-Agent: selenium/4.1.2 (java mac)
Content-Length: 50
Content-Type: application/json; charset=utf-8
host: localhost:51971
accept: */*

Response DefaultHttpResponse(decodeResult: success, version: HTTP/1.1)
HTTP/1.1 200 OK
Content-Type: application/json; charset=utf-8
cache-control: no-cache
content-length: 14

07:48:43.297 [AsyncHttpClient-1-5] DEBUG org.asynchttpclient.netty.channel.ChannelManager - Adding key: http://localhost:51971 for channel [id: 0x08208dcc, L:/127.0.0.1:49908 - R:localhost/127.0.0.1:51971]
07:48:43.306 [Forwarding screenshot on session 97c7dd19e921f0e5576175a61c51b123 to remote] DEBUG org.asynchttpclient.netty.request.NettyRequestSender - Using pooled Channel '[id: 0x08208dcc, L:/127.0.0.1:49908 - R:localhost/127.0.0.1:51971]' for 'GET' to 'http://localhost:51971/session/97c7dd19e921f0e5576175a61c51b123/screenshot'
07:48:43.306 [Forwarding screenshot on session 97c7dd19e921f0e5576175a61c51b123 to remote] DEBUG org.asynchttpclient.netty.request.NettyRequestSender - Using open Channel [id: 0x08208dcc, L:/127.0.0.1:49908 - R:localhost/127.0.0.1:51971] for GET '/session/97c7dd19e921f0e5576175a61c51b123/screenshot'
07:48:43.428 [AsyncHttpClient-1-5] DEBUG org.asynchttpclient.netty.handler.HttpHandler - 

Request DefaultFullHttpRequest(decodeResult: success, version: HTTP/1.1, content: EmptyByteBufBE)
GET /session/97c7dd19e921f0e5576175a61c51b123/screenshot HTTP/1.1
User-Agent: selenium/4.1.2 (java mac)
Cache-Control: no-cache
Content-Type: application/json; charset=utf-8
host: localhost:51971
accept: */*

Response DefaultHttpResponse(decodeResult: success, version: HTTP/1.1)
HTTP/1.1 200 OK
Content-Type: application/json; charset=utf-8
cache-control: no-cache
content-length: 98332

07:48:43.429 [AsyncHttpClient-1-5] DEBUG org.asynchttpclient.netty.channel.ChannelManager - Adding key: http://localhost:51971 for channel [id: 0x08208dcc, L:/127.0.0.1:49908 - R:localhost/127.0.0.1:51971]
07:48:43.434 [main] DEBUG net.serenitybdd.core.photography.Darkroom - Send negative for processing for target/site/serenity/fa77ffb2b2742f51d79f85f51077e1c0a96ea99bb6c9daa6cff684ceea4393d0.png
07:48:43.435 [main] DEBUG net.thucydides.core.steps.StepInterceptor - STEP DONE: {0} clicks on #target
07:48:43.435 [Darkroom Processing Line] DEBUG net.serenitybdd.core.photography.DarkroomProcessingLine - Processing screenshot image in /var/screenshots/screenshot-4655141795138772893
07:48:43.435 [Darkroom Processing Line] DEBUG net.serenitybdd.core.photography.DarkroomProcessingLine - Saving screenshot to target/site/serenity/fa77ffb2b2742f51d79f85f51077e1c0a96ea99bb6c9daa6cff684ceea4393d0.png
07:48:43.440 [main] DEBUG net.thucydides.core.steps.StepInterceptor - STEP DONE: !#title
07:48:43.444 [main] DEBUG net.thucydides.core.steps.StepInterceptor - STARTING STEP: PIMStepDef.addEmployee - !#title
07:48:43.450 [main] DEBUG net.thucydides.core.steps.StepInterceptor - STARTING STEP: PIMStepDef.addEmployee - {0} enters #theTextAsAString into #target
07:48:43.451 [main] DEBUG net.serenitybdd.screenplay.targets.IFrameSwitcher - default content already selected for first name field
07:48:43.454 [Forwarding findElement on session 97c7dd19e921f0e5576175a61c51b123 to remote] DEBUG org.asynchttpclient.netty.request.NettyRequestSender - Using pooled Channel '[id: 0x08208dcc, L:/127.0.0.1:49908 - R:localhost/127.0.0.1:51971]' for 'POST' to 'http://localhost:51971/session/97c7dd19e921f0e5576175a61c51b123/element'
07:48:43.454 [Forwarding findElement on session 97c7dd19e921f0e5576175a61c51b123 to remote] DEBUG org.asynchttpclient.netty.request.NettyRequestSender - Using open Channel [id: 0x08208dcc, L:/127.0.0.1:49908 - R:localhost/127.0.0.1:51971] for POST '/session/97c7dd19e921f0e5576175a61c51b123/element'
07:48:43.466 [AsyncHttpClient-1-5] DEBUG org.asynchttpclient.netty.handler.HttpHandler - 

Request DefaultHttpRequest(decodeResult: success, version: HTTP/1.1)
POST /session/97c7dd19e921f0e5576175a61c51b123/element HTTP/1.1
User-Agent: selenium/4.1.2 (java mac)
Content-Length: 54
Content-Type: application/json; charset=utf-8
host: localhost:51971
accept: */*

Response DefaultHttpResponse(decodeResult: success, version: HTTP/1.1)
HTTP/1.1 200 OK
Content-Type: application/json; charset=utf-8
cache-control: no-cache
content-length: 88

07:48:43.466 [AsyncHttpClient-1-5] DEBUG org.asynchttpclient.netty.channel.ChannelManager - Adding key: http://localhost:51971 for channel [id: 0x08208dcc, L:/127.0.0.1:49908 - R:localhost/127.0.0.1:51971]
07:48:43.469 [Forwarding clearElement on session 97c7dd19e921f0e5576175a61c51b123 to remote] DEBUG org.asynchttpclient.netty.request.NettyRequestSender - Using pooled Channel '[id: 0x08208dcc, L:/127.0.0.1:49908 - R:localhost/127.0.0.1:51971]' for 'POST' to 'http://localhost:51971/session/97c7dd19e921f0e5576175a61c51b123/element/a3ec9988-6aa7-4bd3-abd7-1e648c72a3ed/clear'
07:48:43.469 [Forwarding clearElement on session 97c7dd19e921f0e5576175a61c51b123 to remote] DEBUG org.asynchttpclient.netty.request.NettyRequestSender - Using open Channel [id: 0x08208dcc, L:/127.0.0.1:49908 - R:localhost/127.0.0.1:51971] for POST '/session/97c7dd19e921f0e5576175a61c51b123/element/a3ec9988-6aa7-4bd3-abd7-1e648c72a3ed/clear'
07:48:43.504 [AsyncHttpClient-1-5] DEBUG org.asynchttpclient.netty.handler.HttpHandler - 

Request DefaultHttpRequest(decodeResult: success, version: HTTP/1.1)
POST /session/97c7dd19e921f0e5576175a61c51b123/element/a3ec9988-6aa7-4bd3-abd7-1e648c72a3ed/clear HTTP/1.1
User-Agent: selenium/4.1.2 (java mac)
Content-Length: 50
Content-Type: application/json; charset=utf-8
host: localhost:51971
accept: */*

Response DefaultHttpResponse(decodeResult: success, version: HTTP/1.1)
HTTP/1.1 200 OK
Content-Type: application/json; charset=utf-8
cache-control: no-cache
content-length: 14

07:48:43.504 [AsyncHttpClient-1-5] DEBUG org.asynchttpclient.netty.channel.ChannelManager - Adding key: http://localhost:51971 for channel [id: 0x08208dcc, L:/127.0.0.1:49908 - R:localhost/127.0.0.1:51971]
07:48:43.507 [Forwarding sendKeysToElement on session 97c7dd19e921f0e5576175a61c51b123 to remote] DEBUG org.asynchttpclient.netty.request.NettyRequestSender - Using pooled Channel '[id: 0x08208dcc, L:/127.0.0.1:49908 - R:localhost/127.0.0.1:51971]' for 'POST' to 'http://localhost:51971/session/97c7dd19e921f0e5576175a61c51b123/element/a3ec9988-6aa7-4bd3-abd7-1e648c72a3ed/value'
07:48:43.507 [Forwarding sendKeysToElement on session 97c7dd19e921f0e5576175a61c51b123 to remote] DEBUG org.asynchttpclient.netty.request.NettyRequestSender - Using open Channel [id: 0x08208dcc, L:/127.0.0.1:49908 - R:localhost/127.0.0.1:51971] for POST '/session/97c7dd19e921f0e5576175a61c51b123/element/a3ec9988-6aa7-4bd3-abd7-1e648c72a3ed/value'
07:48:43.610 [AsyncHttpClient-1-5] DEBUG org.asynchttpclient.netty.handler.HttpHandler - 

Request DefaultHttpRequest(decodeResult: success, version: HTTP/1.1)
POST /session/97c7dd19e921f0e5576175a61c51b123/element/a3ec9988-6aa7-4bd3-abd7-1e648c72a3ed/value HTTP/1.1
User-Agent: selenium/4.1.2 (java mac)
Content-Length: 161
Content-Type: application/json; charset=utf-8
host: localhost:51971
accept: */*

Response DefaultHttpResponse(decodeResult: success, version: HTTP/1.1)
HTTP/1.1 200 OK
Content-Type: application/json; charset=utf-8
cache-control: no-cache
content-length: 14

07:48:43.611 [AsyncHttpClient-1-5] DEBUG org.asynchttpclient.netty.channel.ChannelManager - Adding key: http://localhost:51971 for channel [id: 0x08208dcc, L:/127.0.0.1:49908 - R:localhost/127.0.0.1:51971]
07:48:43.618 [Forwarding screenshot on session 97c7dd19e921f0e5576175a61c51b123 to remote] DEBUG org.asynchttpclient.netty.request.NettyRequestSender - Using pooled Channel '[id: 0x08208dcc, L:/127.0.0.1:49908 - R:localhost/127.0.0.1:51971]' for 'GET' to 'http://localhost:51971/session/97c7dd19e921f0e5576175a61c51b123/screenshot'
07:48:43.618 [Forwarding screenshot on session 97c7dd19e921f0e5576175a61c51b123 to remote] DEBUG org.asynchttpclient.netty.request.NettyRequestSender - Using open Channel [id: 0x08208dcc, L:/127.0.0.1:49908 - R:localhost/127.0.0.1:51971] for GET '/session/97c7dd19e921f0e5576175a61c51b123/screenshot'
07:48:43.775 [AsyncHttpClient-1-5] DEBUG org.asynchttpclient.netty.handler.HttpHandler - 

Request DefaultFullHttpRequest(decodeResult: success, version: HTTP/1.1, content: EmptyByteBufBE)
GET /session/97c7dd19e921f0e5576175a61c51b123/screenshot HTTP/1.1
User-Agent: selenium/4.1.2 (java mac)
Cache-Control: no-cache
Content-Type: application/json; charset=utf-8
host: localhost:51971
accept: */*

Response DefaultHttpResponse(decodeResult: success, version: HTTP/1.1)
HTTP/1.1 200 OK
Content-Type: application/json; charset=utf-8
cache-control: no-cache
content-length: 99964

07:48:43.777 [AsyncHttpClient-1-5] DEBUG org.asynchttpclient.netty.channel.ChannelManager - Adding key: http://localhost:51971 for channel [id: 0x08208dcc, L:/127.0.0.1:49908 - R:localhost/127.0.0.1:51971]
07:48:43.783 [main] DEBUG net.serenitybdd.core.photography.Darkroom - Send negative for processing for target/site/serenity/92b48f7c34fc63c2f57184ad1af07d7583171c24171af73851eedbfc9bfa0ceb.png
07:48:43.783 [Darkroom Processing Line] DEBUG net.serenitybdd.core.photography.DarkroomProcessingLine - Processing screenshot image in /var/screenshots/screenshot-7755428113544658429
07:48:43.783 [main] DEBUG net.thucydides.core.steps.StepInterceptor - STEP DONE: {0} enters #theTextAsAString into #target
07:48:43.783 [Darkroom Processing Line] DEBUG net.serenitybdd.core.photography.DarkroomProcessingLine - Saving screenshot to target/site/serenity/92b48f7c34fc63c2f57184ad1af07d7583171c24171af73851eedbfc9bfa0ceb.png
07:48:43.788 [main] DEBUG net.thucydides.core.steps.StepInterceptor - STEP DONE: !#title
07:48:43.793 [main] DEBUG net.thucydides.core.steps.StepInterceptor - STARTING STEP: PIMStepDef.addEmployee - !#title
07:48:43.802 [main] DEBUG net.thucydides.core.steps.StepInterceptor - STARTING STEP: PIMStepDef.addEmployee - {0} enters #theTextAsAString into #target
07:48:43.804 [main] DEBUG net.serenitybdd.screenplay.targets.IFrameSwitcher - default content already selected for last name field
07:48:43.808 [Forwarding findElement on session 97c7dd19e921f0e5576175a61c51b123 to remote] DEBUG org.asynchttpclient.netty.request.NettyRequestSender - Using pooled Channel '[id: 0x08208dcc, L:/127.0.0.1:49908 - R:localhost/127.0.0.1:51971]' for 'POST' to 'http://localhost:51971/session/97c7dd19e921f0e5576175a61c51b123/element'
07:48:43.809 [Forwarding findElement on session 97c7dd19e921f0e5576175a61c51b123 to remote] DEBUG org.asynchttpclient.netty.request.NettyRequestSender - Using open Channel [id: 0x08208dcc, L:/127.0.0.1:49908 - R:localhost/127.0.0.1:51971] for POST '/session/97c7dd19e921f0e5576175a61c51b123/element'
07:48:43.809 [AsyncHttpClient-1-1] DEBUG org.asynchttpclient.netty.channel.DefaultChannelPool - Entry count for : http://localhost:49910 : 1
07:48:43.829 [AsyncHttpClient-1-5] DEBUG org.asynchttpclient.netty.handler.HttpHandler - 

Request DefaultHttpRequest(decodeResult: success, version: HTTP/1.1)
POST /session/97c7dd19e921f0e5576175a61c51b123/element HTTP/1.1
User-Agent: selenium/4.1.2 (java mac)
Content-Length: 53
Content-Type: application/json; charset=utf-8
host: localhost:51971
accept: */*

Response DefaultHttpResponse(decodeResult: success, version: HTTP/1.1)
HTTP/1.1 200 OK
Content-Type: application/json; charset=utf-8
cache-control: no-cache
content-length: 88

07:48:43.830 [AsyncHttpClient-1-5] DEBUG org.asynchttpclient.netty.channel.ChannelManager - Adding key: http://localhost:51971 for channel [id: 0x08208dcc, L:/127.0.0.1:49908 - R:localhost/127.0.0.1:51971]
07:48:43.832 [Forwarding clearElement on session 97c7dd19e921f0e5576175a61c51b123 to remote] DEBUG org.asynchttpclient.netty.request.NettyRequestSender - Using pooled Channel '[id: 0x08208dcc, L:/127.0.0.1:49908 - R:localhost/127.0.0.1:51971]' for 'POST' to 'http://localhost:51971/session/97c7dd19e921f0e5576175a61c51b123/element/357a4606-7c20-4892-b8de-aeb40b520381/clear'
07:48:43.832 [Forwarding clearElement on session 97c7dd19e921f0e5576175a61c51b123 to remote] DEBUG org.asynchttpclient.netty.request.NettyRequestSender - Using open Channel [id: 0x08208dcc, L:/127.0.0.1:49908 - R:localhost/127.0.0.1:51971] for POST '/session/97c7dd19e921f0e5576175a61c51b123/element/357a4606-7c20-4892-b8de-aeb40b520381/clear'
07:48:43.868 [AsyncHttpClient-1-5] DEBUG org.asynchttpclient.netty.handler.HttpHandler - 

Request DefaultHttpRequest(decodeResult: success, version: HTTP/1.1)
POST /session/97c7dd19e921f0e5576175a61c51b123/element/357a4606-7c20-4892-b8de-aeb40b520381/clear HTTP/1.1
User-Agent: selenium/4.1.2 (java mac)
Content-Length: 50
Content-Type: application/json; charset=utf-8
host: localhost:51971
accept: */*

Response DefaultHttpResponse(decodeResult: success, version: HTTP/1.1)
HTTP/1.1 200 OK
Content-Type: application/json; charset=utf-8
cache-control: no-cache
content-length: 14

07:48:43.868 [AsyncHttpClient-1-5] DEBUG org.asynchttpclient.netty.channel.ChannelManager - Adding key: http://localhost:51971 for channel [id: 0x08208dcc, L:/127.0.0.1:49908 - R:localhost/127.0.0.1:51971]
07:48:43.871 [Forwarding sendKeysToElement on session 97c7dd19e921f0e5576175a61c51b123 to remote] DEBUG org.asynchttpclient.netty.request.NettyRequestSender - Using pooled Channel '[id: 0x08208dcc, L:/127.0.0.1:49908 - R:localhost/127.0.0.1:51971]' for 'POST' to 'http://localhost:51971/session/97c7dd19e921f0e5576175a61c51b123/element/357a4606-7c20-4892-b8de-aeb40b520381/value'
07:48:43.871 [Forwarding sendKeysToElement on session 97c7dd19e921f0e5576175a61c51b123 to remote] DEBUG org.asynchttpclient.netty.request.NettyRequestSender - Using open Channel [id: 0x08208dcc, L:/127.0.0.1:49908 - R:localhost/127.0.0.1:51971] for POST '/session/97c7dd19e921f0e5576175a61c51b123/element/357a4606-7c20-4892-b8de-aeb40b520381/value'
07:48:43.941 [AsyncHttpClient-1-5] DEBUG org.asynchttpclient.netty.handler.HttpHandler - 

Request DefaultHttpRequest(decodeResult: success, version: HTTP/1.1)
POST /session/97c7dd19e921f0e5576175a61c51b123/element/357a4606-7c20-4892-b8de-aeb40b520381/value HTTP/1.1
User-Agent: selenium/4.1.2 (java mac)
Content-Length: 161
Content-Type: application/json; charset=utf-8
host: localhost:51971
accept: */*

Response DefaultHttpResponse(decodeResult: success, version: HTTP/1.1)
HTTP/1.1 200 OK
Content-Type: application/json; charset=utf-8
cache-control: no-cache
content-length: 14

07:48:43.941 [AsyncHttpClient-1-5] DEBUG org.asynchttpclient.netty.channel.ChannelManager - Adding key: http://localhost:51971 for channel [id: 0x08208dcc, L:/127.0.0.1:49908 - R:localhost/127.0.0.1:51971]
07:48:43.958 [Forwarding screenshot on session 97c7dd19e921f0e5576175a61c51b123 to remote] DEBUG org.asynchttpclient.netty.request.NettyRequestSender - Using pooled Channel '[id: 0x08208dcc, L:/127.0.0.1:49908 - R:localhost/127.0.0.1:51971]' for 'GET' to 'http://localhost:51971/session/97c7dd19e921f0e5576175a61c51b123/screenshot'
07:48:43.958 [Forwarding screenshot on session 97c7dd19e921f0e5576175a61c51b123 to remote] DEBUG org.asynchttpclient.netty.request.NettyRequestSender - Using open Channel [id: 0x08208dcc, L:/127.0.0.1:49908 - R:localhost/127.0.0.1:51971] for GET '/session/97c7dd19e921f0e5576175a61c51b123/screenshot'
07:48:44.105 [AsyncHttpClient-1-5] DEBUG org.asynchttpclient.netty.handler.HttpHandler - 

Request DefaultFullHttpRequest(decodeResult: success, version: HTTP/1.1, content: EmptyByteBufBE)
GET /session/97c7dd19e921f0e5576175a61c51b123/screenshot HTTP/1.1
User-Agent: selenium/4.1.2 (java mac)
Cache-Control: no-cache
Content-Type: application/json; charset=utf-8
host: localhost:51971
accept: */*

Response DefaultHttpResponse(decodeResult: success, version: HTTP/1.1)
HTTP/1.1 200 OK
Content-Type: application/json; charset=utf-8
cache-control: no-cache
content-length: 100460

07:48:44.106 [AsyncHttpClient-1-5] DEBUG org.asynchttpclient.netty.channel.ChannelManager - Adding key: http://localhost:51971 for channel [id: 0x08208dcc, L:/127.0.0.1:49908 - R:localhost/127.0.0.1:51971]
07:48:44.114 [main] DEBUG net.serenitybdd.core.photography.Darkroom - Send negative for processing for target/site/serenity/e54ce678daf49afa3132c7f217056e79fbc42392113ac3a38a0aee1ae983b1ce.png
07:48:44.114 [Darkroom Processing Line] DEBUG net.serenitybdd.core.photography.DarkroomProcessingLine - Processing screenshot image in /var/screenshots/screenshot-4839111355372376942
07:48:44.114 [main] DEBUG net.thucydides.core.steps.StepInterceptor - STEP DONE: {0} enters #theTextAsAString into #target
07:48:44.114 [Darkroom Processing Line] DEBUG net.serenitybdd.core.photography.DarkroomProcessingLine - Saving screenshot to target/site/serenity/e54ce678daf49afa3132c7f217056e79fbc42392113ac3a38a0aee1ae983b1ce.png
07:48:44.123 [main] DEBUG net.thucydides.core.steps.StepInterceptor - STEP DONE: !#title
07:48:44.129 [main] DEBUG net.thucydides.core.steps.StepInterceptor - STARTING STEP: PIMStepDef.addEmployee - !#title
07:48:44.136 [main] DEBUG net.thucydides.core.steps.StepInterceptor - STARTING STEP: PIMStepDef.addEmployee - {0} clicks on #target
07:48:44.136 [main] DEBUG net.serenitybdd.screenplay.targets.IFrameSwitcher - default content already selected for save button
07:48:44.144 [Forwarding findElement on session 97c7dd19e921f0e5576175a61c51b123 to remote] DEBUG org.asynchttpclient.netty.request.NettyRequestSender - Using pooled Channel '[id: 0x08208dcc, L:/127.0.0.1:49908 - R:localhost/127.0.0.1:51971]' for 'POST' to 'http://localhost:51971/session/97c7dd19e921f0e5576175a61c51b123/element'
07:48:44.145 [Forwarding findElement on session 97c7dd19e921f0e5576175a61c51b123 to remote] DEBUG org.asynchttpclient.netty.request.NettyRequestSender - Using open Channel [id: 0x08208dcc, L:/127.0.0.1:49908 - R:localhost/127.0.0.1:51971] for POST '/session/97c7dd19e921f0e5576175a61c51b123/element'
07:48:44.158 [AsyncHttpClient-1-5] DEBUG org.asynchttpclient.netty.handler.HttpHandler - 

Request DefaultHttpRequest(decodeResult: success, version: HTTP/1.1)
POST /session/97c7dd19e921f0e5576175a61c51b123/element HTTP/1.1
User-Agent: selenium/4.1.2 (java mac)
Content-Length: 52
Content-Type: application/json; charset=utf-8
host: localhost:51971
accept: */*

Response DefaultHttpResponse(decodeResult: success, version: HTTP/1.1)
HTTP/1.1 200 OK
Content-Type: application/json; charset=utf-8
cache-control: no-cache
content-length: 88

07:48:44.158 [AsyncHttpClient-1-5] DEBUG org.asynchttpclient.netty.channel.ChannelManager - Adding key: http://localhost:51971 for channel [id: 0x08208dcc, L:/127.0.0.1:49908 - R:localhost/127.0.0.1:51971]
07:48:44.169 [Forwarding isElementDisplayed on session 97c7dd19e921f0e5576175a61c51b123 to remote] DEBUG org.asynchttpclient.netty.request.NettyRequestSender - Using pooled Channel '[id: 0x08208dcc, L:/127.0.0.1:49908 - R:localhost/127.0.0.1:51971]' for 'POST' to 'http://localhost:51971/session/97c7dd19e921f0e5576175a61c51b123/execute/sync'
07:48:44.169 [Forwarding isElementDisplayed on session 97c7dd19e921f0e5576175a61c51b123 to remote] DEBUG org.asynchttpclient.netty.request.NettyRequestSender - Using open Channel [id: 0x08208dcc, L:/127.0.0.1:49908 - R:localhost/127.0.0.1:51971] for POST '/session/97c7dd19e921f0e5576175a61c51b123/execute/sync'
07:48:44.186 [AsyncHttpClient-1-5] DEBUG org.asynchttpclient.netty.handler.HttpHandler - 

Request DefaultHttpRequest(decodeResult: success, version: HTTP/1.1)
POST /session/97c7dd19e921f0e5576175a61c51b123/execute/sync HTTP/1.1
User-Agent: selenium/4.1.2 (java mac)
Content-Length: 48780
Content-Type: application/json; charset=utf-8
host: localhost:51971
accept: */*

Response DefaultHttpResponse(decodeResult: success, version: HTTP/1.1)
HTTP/1.1 200 OK
Content-Type: application/json; charset=utf-8
cache-control: no-cache
content-length: 14

07:48:44.187 [AsyncHttpClient-1-5] DEBUG org.asynchttpclient.netty.channel.ChannelManager - Adding key: http://localhost:51971 for channel [id: 0x08208dcc, L:/127.0.0.1:49908 - R:localhost/127.0.0.1:51971]
07:48:44.192 [Forwarding findElement on session 97c7dd19e921f0e5576175a61c51b123 to remote] DEBUG org.asynchttpclient.netty.request.NettyRequestSender - Using pooled Channel '[id: 0x08208dcc, L:/127.0.0.1:49908 - R:localhost/127.0.0.1:51971]' for 'POST' to 'http://localhost:51971/session/97c7dd19e921f0e5576175a61c51b123/element'
07:48:44.192 [Forwarding findElement on session 97c7dd19e921f0e5576175a61c51b123 to remote] DEBUG org.asynchttpclient.netty.request.NettyRequestSender - Using open Channel [id: 0x08208dcc, L:/127.0.0.1:49908 - R:localhost/127.0.0.1:51971] for POST '/session/97c7dd19e921f0e5576175a61c51b123/element'
07:48:44.324 [AsyncHttpClient-1-5] DEBUG org.asynchttpclient.netty.handler.HttpHandler - 

Request DefaultHttpRequest(decodeResult: success, version: HTTP/1.1)
POST /session/97c7dd19e921f0e5576175a61c51b123/element HTTP/1.1
User-Agent: selenium/4.1.2 (java mac)
Content-Length: 52
Content-Type: application/json; charset=utf-8
host: localhost:51971
accept: */*

Response DefaultHttpResponse(decodeResult: success, version: HTTP/1.1)
HTTP/1.1 200 OK
Content-Type: application/json; charset=utf-8
cache-control: no-cache
content-length: 88

07:48:44.324 [AsyncHttpClient-1-5] DEBUG org.asynchttpclient.netty.channel.ChannelManager - Adding key: http://localhost:51971 for channel [id: 0x08208dcc, L:/127.0.0.1:49908 - R:localhost/127.0.0.1:51971]
07:48:44.327 [Forwarding clickElement on session 97c7dd19e921f0e5576175a61c51b123 to remote] DEBUG org.asynchttpclient.netty.request.NettyRequestSender - Using pooled Channel '[id: 0x08208dcc, L:/127.0.0.1:49908 - R:localhost/127.0.0.1:51971]' for 'POST' to 'http://localhost:51971/session/97c7dd19e921f0e5576175a61c51b123/element/9b3274c3-34a7-4a4a-9b80-441c9594bd2e/click'
07:48:44.327 [Forwarding clickElement on session 97c7dd19e921f0e5576175a61c51b123 to remote] DEBUG org.asynchttpclient.netty.request.NettyRequestSender - Using open Channel [id: 0x08208dcc, L:/127.0.0.1:49908 - R:localhost/127.0.0.1:51971] for POST '/session/97c7dd19e921f0e5576175a61c51b123/element/9b3274c3-34a7-4a4a-9b80-441c9594bd2e/click'
07:48:44.905 [AsyncHttpClient-1-1] DEBUG org.asynchttpclient.netty.channel.DefaultChannelPool - Entry count for : http://localhost:49910 : 1
07:48:46.005 [AsyncHttpClient-1-1] DEBUG org.asynchttpclient.netty.channel.DefaultChannelPool - Entry count for : http://localhost:49910 : 1
07:48:47.105 [AsyncHttpClient-1-1] DEBUG org.asynchttpclient.netty.channel.DefaultChannelPool - Entry count for : http://localhost:49910 : 1
07:48:47.124 [AsyncHttpClient-1-5] DEBUG org.asynchttpclient.netty.handler.HttpHandler - 

Request DefaultHttpRequest(decodeResult: success, version: HTTP/1.1)
POST /session/97c7dd19e921f0e5576175a61c51b123/element/9b3274c3-34a7-4a4a-9b80-441c9594bd2e/click HTTP/1.1
User-Agent: selenium/4.1.2 (java mac)
Content-Length: 50
Content-Type: application/json; charset=utf-8
host: localhost:51971
accept: */*

Response DefaultHttpResponse(decodeResult: success, version: HTTP/1.1)
HTTP/1.1 200 OK
Content-Type: application/json; charset=utf-8
cache-control: no-cache
content-length: 14

07:48:47.124 [AsyncHttpClient-1-5] DEBUG org.asynchttpclient.netty.channel.ChannelManager - Adding key: http://localhost:51971 for channel [id: 0x08208dcc, L:/127.0.0.1:49908 - R:localhost/127.0.0.1:51971]
07:48:47.135 [Forwarding screenshot on session 97c7dd19e921f0e5576175a61c51b123 to remote] DEBUG org.asynchttpclient.netty.request.NettyRequestSender - Using pooled Channel '[id: 0x08208dcc, L:/127.0.0.1:49908 - R:localhost/127.0.0.1:51971]' for 'GET' to 'http://localhost:51971/session/97c7dd19e921f0e5576175a61c51b123/screenshot'
07:48:47.135 [Forwarding screenshot on session 97c7dd19e921f0e5576175a61c51b123 to remote] DEBUG org.asynchttpclient.netty.request.NettyRequestSender - Using open Channel [id: 0x08208dcc, L:/127.0.0.1:49908 - R:localhost/127.0.0.1:51971] for GET '/session/97c7dd19e921f0e5576175a61c51b123/screenshot'
07:48:47.263 [AsyncHttpClient-1-5] DEBUG org.asynchttpclient.netty.handler.HttpHandler - 

Request DefaultFullHttpRequest(decodeResult: success, version: HTTP/1.1, content: EmptyByteBufBE)
GET /session/97c7dd19e921f0e5576175a61c51b123/screenshot HTTP/1.1
User-Agent: selenium/4.1.2 (java mac)
Cache-Control: no-cache
Content-Type: application/json; charset=utf-8
host: localhost:51971
accept: */*

Response DefaultHttpResponse(decodeResult: success, version: HTTP/1.1)
HTTP/1.1 200 OK
Content-Type: application/json; charset=utf-8
cache-control: no-cache
content-length: 128820

07:48:47.264 [AsyncHttpClient-1-5] DEBUG org.asynchttpclient.netty.channel.ChannelManager - Adding key: http://localhost:51971 for channel [id: 0x08208dcc, L:/127.0.0.1:49908 - R:localhost/127.0.0.1:51971]
07:48:47.273 [main] DEBUG net.serenitybdd.core.photography.Darkroom - Send negative for processing for target/site/serenity/092615312a02c7eb24642e51fac43856df29ebf3702fb0986bf33f20b2a9d7b9.png
07:48:47.273 [main] DEBUG net.thucydides.core.steps.StepInterceptor - STEP DONE: {0} clicks on #target
07:48:47.273 [Darkroom Processing Line] DEBUG net.serenitybdd.core.photography.DarkroomProcessingLine - Processing screenshot image in /var/screenshots/screenshot-7574856905319347598
07:48:47.274 [Darkroom Processing Line] DEBUG net.serenitybdd.core.photography.DarkroomProcessingLine - Saving screenshot to target/site/serenity/092615312a02c7eb24642e51fac43856df29ebf3702fb0986bf33f20b2a9d7b9.png
07:48:47.278 [main] DEBUG net.thucydides.core.steps.StepInterceptor - STEP DONE: !#title
  &amp#27;[32mWhen &amp#27;[0m&amp#27;[32m&amp#27;[0m&amp#27;[32m&amp#27;[1mI&amp#27;[0m&amp#27;[32m add new employee with required field only&amp#27;[0m  &amp#27;[90m# orangehrm.stepdefinitions.PIMStepDef.addEmployee(net.serenitybdd.screenplay.Actor)&amp#27;[0m
[...]
07:49:59.855 [AsyncHttpClient-1-9] DEBUG org.asynchttpclient.netty.handler.HttpHandler - 

Request DefaultHttpRequest(decodeResult: success, version: HTTP/1.1)
POST /session/2c63f55164907843017a0031597b5154/element/25d17f73-cce6-4d20-b00f-a8dceb36bf91/clear HTTP/1.1
User-Agent: selenium/4.1.2 (java mac)
Content-Length: 50
Content-Type: application/json; charset=utf-8
host: localhost:50402
accept: */*

Response DefaultHttpResponse(decodeResult: success, version: HTTP/1.1)
HTTP/1.1 200 OK
Content-Type: application/json; charset=utf-8
cache-control: no-cache
content-length: 14

07:49:59.855 [AsyncHttpClient-1-9] DEBUG org.asynchttpclient.netty.channel.ChannelManager - Adding key: http://localhost:50402 for channel [id: 0x12410e50, L:/127.0.0.1:49990 - R:localhost/127.0.0.1:50402]
07:49:59.859 [Forwarding sendKeysToElement on session 2c63f55164907843017a0031597b5154 to remote] DEBUG org.asynchttpclient.netty.request.NettyRequestSender - Using pooled Channel '[id: 0x12410e50, L:/127.0.0.1:49990 - R:localhost/127.0.0.1:50402]' for 'POST' to 'http://localhost:50402/session/2c63f55164907843017a0031597b5154/element/25d17f73-cce6-4d20-b00f-a8dceb36bf91/value'
07:49:59.859 [Forwarding sendKeysToElement on session 2c63f55164907843017a0031597b5154 to remote] DEBUG org.asynchttpclient.netty.request.NettyRequestSender - Using open Channel [id: 0x12410e50, L:/127.0.0.1:49990 - R:localhost/127.0.0.1:50402] for POST '/session/2c63f55164907843017a0031597b5154/element/25d17f73-cce6-4d20-b00f-a8dceb36bf91/value'
07:49:59.913 [AsyncHttpClient-1-9] DEBUG org.asynchttpclient.netty.handler.HttpHandler - 

Request DefaultHttpRequest(decodeResult: success, version: HTTP/1.1)
POST /session/2c63f55164907843017a0031597b5154/element/25d17f73-cce6-4d20-b00f-a8dceb36bf91/value HTTP/1.1
User-Agent: selenium/4.1.2 (java mac)
Content-Length: 161
Content-Type: application/json; charset=utf-8
host: localhost:50402
accept: */*

Response DefaultHttpResponse(decodeResult: success, version: HTTP/1.1)
HTTP/1.1 200 OK
Content-Type: application/json; charset=utf-8
cache-control: no-cache
content-length: 14

07:49:59.913 [AsyncHttpClient-1-9] DEBUG org.asynchttpclient.netty.channel.ChannelManager - Adding key: http://localhost:50402 for channel [id: 0x12410e50, L:/127.0.0.1:49990 - R:localhost/127.0.0.1:50402]
07:49:59.921 [Forwarding screenshot on session 2c63f55164907843017a0031597b5154 to remote] DEBUG org.asynchttpclient.netty.request.NettyRequestSender - Using pooled Channel '[id: 0x12410e50, L:/127.0.0.1:49990 - R:localhost/127.0.0.1:50402]' for 'GET' to 'http://localhost:50402/session/2c63f55164907843017a0031597b5154/screenshot'
07:49:59.921 [Forwarding screenshot on session 2c63f55164907843017a0031597b5154 to remote] DEBUG org.asynchttpclient.netty.request.NettyRequestSender - Using open Channel [id: 0x12410e50, L:/127.0.0.1:49990 - R:localhost/127.0.0.1:50402] for GET '/session/2c63f55164907843017a0031597b5154/screenshot'
07:50:00.089 [AsyncHttpClient-1-9] DEBUG org.asynchttpclient.netty.handler.HttpHandler - 

Request DefaultFullHttpRequest(decodeResult: success, version: HTTP/1.1, content: EmptyByteBufBE)
GET /session/2c63f55164907843017a0031597b5154/screenshot HTTP/1.1
User-Agent: selenium/4.1.2 (java mac)
Cache-Control: no-cache
Content-Type: application/json; charset=utf-8
host: localhost:50402
accept: */*

Response DefaultHttpResponse(decodeResult: success, version: HTTP/1.1)
HTTP/1.1 200 OK
Content-Type: application/json; charset=utf-8
cache-control: no-cache
content-length: 141600

07:50:00.089 [AsyncHttpClient-1-9] DEBUG org.asynchttpclient.netty.channel.ChannelManager - Adding key: http://localhost:50402 for channel [id: 0x12410e50, L:/127.0.0.1:49990 - R:localhost/127.0.0.1:50402]
07:50:00.096 [main] DEBUG net.serenitybdd.core.photography.Darkroom - Send negative for processing for target/site/serenity/219d309bbfb6fe6b7906ecd6e6b802acbae0ce43501848433db883de3959bc89.png
07:50:00.096 [main] DEBUG net.thucydides.core.steps.StepInterceptor - STEP DONE: {0} enters #theTextAsAString into #target
07:50:00.100 [main] DEBUG net.thucydides.core.steps.StepInterceptor - STEP DONE: !#title
  &amp#27;[32mWhen &amp#27;[0m&amp#27;[32m&amp#27;[0m&amp#27;[32m&amp#27;[1mI&amp#27;[0m&amp#27;[32m input username and password&amp#27;[0m         &amp#27;[90m# orangehrm.stepdefinitions.loginStepDef.inputCredential(net.serenitybdd.screenplay.Actor)&amp#27;[0m
07:50:00.113 [main] DEBUG net.thucydides.core.steps.StepInterceptor - STARTING STEP: loginStepDef.clickLoginButton - !#title
07:50:00.118 [main] DEBUG net.thucydides.core.steps.StepInterceptor - STARTING STEP: loginStepDef.clickLoginButton - {0} clicks on #target
07:50:00.119 [main] DEBUG net.serenitybdd.screenplay.targets.IFrameSwitcher - default content already selected for login button
07:50:00.125 [Forwarding findElement on session 2c63f55164907843017a0031597b5154 to remote] DEBUG org.asynchttpclient.netty.request.NettyRequestSender - Using pooled Channel '[id: 0x12410e50, L:/127.0.0.1:49990 - R:localhost/127.0.0.1:50402]' for 'POST' to 'http://localhost:50402/session/2c63f55164907843017a0031597b5154/element'
07:50:00.125 [Forwarding findElement on session 2c63f55164907843017a0031597b5154 to remote] DEBUG org.asynchttpclient.netty.request.NettyRequestSender - Using open Channel [id: 0x12410e50, L:/127.0.0.1:49990 - R:localhost/127.0.0.1:50402] for POST '/session/2c63f55164907843017a0031597b5154/element'
07:50:00.135 [AsyncHttpClient-1-9] DEBUG org.asynchttpclient.netty.handler.HttpHandler - 

Request DefaultHttpRequest(decodeResult: success, version: HTTP/1.1)
POST /session/2c63f55164907843017a0031597b5154/element HTTP/1.1
User-Agent: selenium/4.1.2 (java mac)
Content-Length: 53
Content-Type: application/json; charset=utf-8
host: localhost:50402
accept: */*

Response DefaultHttpResponse(decodeResult: success, version: HTTP/1.1)
HTTP/1.1 200 OK
Content-Type: application/json; charset=utf-8
cache-control: no-cache
content-length: 88

07:50:00.135 [AsyncHttpClient-1-9] DEBUG org.asynchttpclient.netty.channel.ChannelManager - Adding key: http://localhost:50402 for channel [id: 0x12410e50, L:/127.0.0.1:49990 - R:localhost/127.0.0.1:50402]
07:50:00.142 [Forwarding isElementDisplayed on session 2c63f55164907843017a0031597b5154 to remote] DEBUG org.asynchttpclient.netty.request.NettyRequestSender - Using pooled Channel '[id: 0x12410e50, L:/127.0.0.1:49990 - R:localhost/127.0.0.1:50402]' for 'POST' to 'http://localhost:50402/session/2c63f55164907843017a0031597b5154/execute/sync'
07:50:00.142 [Forwarding isElementDisplayed on session 2c63f55164907843017a0031597b5154 to remote] DEBUG org.asynchttpclient.netty.request.NettyRequestSender - Using open Channel [id: 0x12410e50, L:/127.0.0.1:49990 - R:localhost/127.0.0.1:50402] for POST '/session/2c63f55164907843017a0031597b5154/execute/sync'
07:50:00.178 [AsyncHttpClient-1-9] DEBUG org.asynchttpclient.netty.handler.HttpHandler - 

Request DefaultHttpRequest(decodeResult: success, version: HTTP/1.1)
POST /session/2c63f55164907843017a0031597b5154/execute/sync HTTP/1.1
User-Agent: selenium/4.1.2 (java mac)
Content-Length: 48780
Content-Type: application/json; charset=utf-8
host: localhost:50402
accept: */*

Response DefaultHttpResponse(decodeResult: success, version: HTTP/1.1)
HTTP/1.1 200 OK
Content-Type: application/json; charset=utf-8
cache-control: no-cache
content-length: 14

07:50:00.178 [AsyncHttpClient-1-9] DEBUG org.asynchttpclient.netty.channel.ChannelManager - Adding key: http://localhost:50402 for channel [id: 0x12410e50, L:/127.0.0.1:49990 - R:localhost/127.0.0.1:50402]
07:50:00.183 [Forwarding findElement on session 2c63f55164907843017a0031597b5154 to remote] DEBUG org.asynchttpclient.netty.request.NettyRequestSender - Using pooled Channel '[id: 0x12410e50, L:/127.0.0.1:49990 - R:localhost/127.0.0.1:50402]' for 'POST' to 'http://localhost:50402/session/2c63f55164907843017a0031597b5154/element'
07:50:00.183 [Forwarding findElement on session 2c63f55164907843017a0031597b5154 to remote] DEBUG org.asynchttpclient.netty.request.NettyRequestSender - Using open Channel [id: 0x12410e50, L:/127.0.0.1:49990 - R:localhost/127.0.0.1:50402] for POST '/session/2c63f55164907843017a0031597b5154/element'
07:50:00.201 [AsyncHttpClient-1-9] DEBUG org.asynchttpclient.netty.handler.HttpHandler - 

Request DefaultHttpRequest(decodeResult: success, version: HTTP/1.1)
POST /session/2c63f55164907843017a0031597b5154/element HTTP/1.1
User-Agent: selenium/4.1.2 (java mac)
Content-Length: 53
Content-Type: application/json; charset=utf-8
host: localhost:50402
accept: */*

Response DefaultHttpResponse(decodeResult: success, version: HTTP/1.1)
HTTP/1.1 200 OK
Content-Type: application/json; charset=utf-8
cache-control: no-cache
content-length: 88

07:50:00.201 [AsyncHttpClient-1-9] DEBUG org.asynchttpclient.netty.channel.ChannelManager - Adding key: http://localhost:50402 for channel [id: 0x12410e50, L:/127.0.0.1:49990 - R:localhost/127.0.0.1:50402]
07:50:00.203 [Forwarding clickElement on session 2c63f55164907843017a0031597b5154 to remote] DEBUG org.asynchttpclient.netty.request.NettyRequestSender - Using pooled Channel '[id: 0x12410e50, L:/127.0.0.1:49990 - R:localhost/127.0.0.1:50402]' for 'POST' to 'http://localhost:50402/session/2c63f55164907843017a0031597b5154/element/5c554603-9067-45bf-8275-6af5dff5179a/click'
07:50:00.203 [Forwarding clickElement on session 2c63f55164907843017a0031597b5154 to remote] DEBUG org.asynchttpclient.netty.request.NettyRequestSender - Using open Channel [id: 0x12410e50, L:/127.0.0.1:49990 - R:localhost/127.0.0.1:50402] for POST '/session/2c63f55164907843017a0031597b5154/element/5c554603-9067-45bf-8275-6af5dff5179a/click'
07:50:00.807 [AsyncHttpClient-1-1] DEBUG org.asynchttpclient.netty.channel.DefaultChannelPool - Entry count for : http://localhost:49991 : 1
07:50:01.906 [AsyncHttpClient-1-1] DEBUG org.asynchttpclient.netty.channel.DefaultChannelPool - Entry count for : http://localhost:49991 : 1
07:50:03.006 [AsyncHttpClient-1-1] DEBUG org.asynchttpclient.netty.channel.DefaultChannelPool - Entry count for : http://localhost:49991 : 1
07:50:04.108 [AsyncHttpClient-1-1] DEBUG org.asynchttpclient.netty.channel.DefaultChannelPool - Entry count for : http://localhost:49991 : 1
07:50:05.208 [AsyncHttpClient-1-1] DEBUG org.asynchttpclient.netty.channel.DefaultChannelPool - Entry count for : http://localhost:49991 : 1
07:50:06.306 [AsyncHttpClient-1-1] DEBUG org.asynchttpclient.netty.channel.DefaultChannelPool - Entry count for : http://localhost:49991 : 1
07:50:07.407 [AsyncHttpClient-1-1] DEBUG org.asynchttpclient.netty.channel.DefaultChannelPool - Entry count for : http://localhost:49991 : 1
07:50:08.506 [AsyncHttpClient-1-1] DEBUG org.asynchttpclient.netty.channel.DefaultChannelPool - Entry count for : http://localhost:49991 : 1
07:50:09.607 [AsyncHttpClient-1-1] DEBUG org.asynchttpclient.netty.channel.DefaultChannelPool - Entry count for : http://localhost:49991 : 1
07:50:10.119 [AsyncHttpClient-1-9] DEBUG org.asynchttpclient.netty.handler.HttpHandler - 

Request DefaultHttpRequest(decodeResult: success, version: HTTP/1.1)
POST /session/2c63f55164907843017a0031597b5154/element/5c554603-9067-45bf-8275-6af5dff5179a/click HTTP/1.1
User-Agent: selenium/4.1.2 (java mac)
Content-Length: 50
Content-Type: application/json; charset=utf-8
host: localhost:50402
accept: */*

Response DefaultHttpResponse(decodeResult: success, version: HTTP/1.1)
HTTP/1.1 200 OK
Content-Type: application/json; charset=utf-8
cache-control: no-cache
content-length: 14

07:50:10.119 [AsyncHttpClient-1-9] DEBUG org.asynchttpclient.netty.channel.ChannelManager - Adding key: http://localhost:50402 for channel [id: 0x12410e50, L:/127.0.0.1:49990 - R:localhost/127.0.0.1:50402]
07:50:10.129 [Forwarding screenshot on session 2c63f55164907843017a0031597b5154 to remote] DEBUG org.asynchttpclient.netty.request.NettyRequestSender - Using pooled Channel '[id: 0x12410e50, L:/127.0.0.1:49990 - R:localhost/127.0.0.1:50402]' for 'GET' to 'http://localhost:50402/session/2c63f55164907843017a0031597b5154/screenshot'
07:50:10.129 [Forwarding screenshot on session 2c63f55164907843017a0031597b5154 to remote] DEBUG org.asynchttpclient.netty.request.NettyRequestSender - Using open Channel [id: 0x12410e50, L:/127.0.0.1:49990 - R:localhost/127.0.0.1:50402] for GET '/session/2c63f55164907843017a0031597b5154/screenshot'
07:50:10.300 [AsyncHttpClient-1-9] DEBUG org.asynchttpclient.netty.handler.HttpHandler - 

Request DefaultFullHttpRequest(decodeResult: success, version: HTTP/1.1, content: EmptyByteBufBE)
GET /session/2c63f55164907843017a0031597b5154/screenshot HTTP/1.1
User-Agent: selenium/4.1.2 (java mac)
Cache-Control: no-cache
Content-Type: application/json; charset=utf-8
host: localhost:50402
accept: */*

Response DefaultHttpResponse(decodeResult: success, version: HTTP/1.1)
HTTP/1.1 200 OK
Content-Type: application/json; charset=utf-8
cache-control: no-cache
content-length: 129756

07:50:10.301 [AsyncHttpClient-1-9] DEBUG org.asynchttpclient.netty.channel.ChannelManager - Adding key: http://localhost:50402 for channel [id: 0x12410e50, L:/127.0.0.1:49990 - R:localhost/127.0.0.1:50402]
07:50:10.308 [main] DEBUG net.serenitybdd.core.photography.Darkroom - Send negative for processing for target/site/serenity/402020f1de2249aa8fcc1c061e4b12e64987fbab35eeeba0db2648ff4a5428a7.png
07:50:10.308 [main] DEBUG net.thucydides.core.steps.StepInterceptor - STEP DONE: {0} clicks on #target
07:50:10.312 [Darkroom Processing Line] DEBUG net.serenitybdd.core.photography.DarkroomProcessingLine - Processing screenshot image in /var/screenshots/screenshot-1825861612077027780
07:50:10.312 [Darkroom Processing Line] DEBUG net.serenitybdd.core.photography.DarkroomProcessingLine - Saving screenshot to target/site/serenity/402020f1de2249aa8fcc1c061e4b12e64987fbab35eeeba0db2648ff4a5428a7.png
07:50:10.315 [main] DEBUG net.thucydides.core.steps.StepInterceptor - STEP DONE: !#title
  &amp#27;[32mAnd &amp#27;[0m&amp#27;[32m&amp#27;[0m&amp#27;[32m&amp#27;[1mI&amp#27;[0m&amp#27;[32m click login button&amp#27;[0m                   &amp#27;[90m# orangehrm.stepdefinitions.loginStepDef.clickLoginButton(net.serenitybdd.screenplay.Actor)&amp#27;[0m
07:50:10.328 [main] DEBUG net.thucydides.core.steps.StepInterceptor - STARTING STEP: loginStepDef.validateLoginSuccess - {0} should see #description
07:50:10.329 [Forwarding getCurrentUrl on session 2c63f55164907843017a0031597b5154 to remote] DEBUG org.asynchttpclient.netty.request.NettyRequestSender - Using pooled Channel '[id: 0x12410e50, L:/127.0.0.1:49990 - R:localhost/127.0.0.1:50402]' for 'GET' to 'http://localhost:50402/session/2c63f55164907843017a0031597b5154/url'
07:50:10.329 [Forwarding getCurrentUrl on session 2c63f55164907843017a0031597b5154 to remote] DEBUG org.asynchttpclient.netty.request.NettyRequestSender - Using open Channel [id: 0x12410e50, L:/127.0.0.1:49990 - R:localhost/127.0.0.1:50402] for GET '/session/2c63f55164907843017a0031597b5154/url'
07:50:10.334 [AsyncHttpClient-1-9] DEBUG org.asynchttpclient.netty.handler.HttpHandler - 

Request DefaultFullHttpRequest(decodeResult: success, version: HTTP/1.1, content: EmptyByteBufBE)
GET /session/2c63f55164907843017a0031597b5154/url HTTP/1.1
User-Agent: selenium/4.1.2 (java mac)
Cache-Control: no-cache
Content-Type: application/json; charset=utf-8
host: localhost:50402
accept: */*

Response DefaultHttpResponse(decodeResult: success, version: HTTP/1.1)
HTTP/1.1 200 OK
Content-Type: application/json; charset=utf-8
cache-control: no-cache
content-length: 73

07:50:10.334 [AsyncHttpClient-1-9] DEBUG org.asynchttpclient.netty.channel.ChannelManager - Adding key: http://localhost:50402 for channel [id: 0x12410e50, L:/127.0.0.1:49990 - R:localhost/127.0.0.1:50402]
07:50:10.338 [main] DEBUG net.thucydides.core.steps.StepInterceptor - STEP DONE: {0} should see #description
  &amp#27;[32mThen &amp#27;[0m&amp#27;[32m&amp#27;[0m&amp#27;[32m&amp#27;[1mI&amp#27;[0m&amp#27;[32m can login successfully&amp#27;[0m              &amp#27;[90m# orangehrm.stepdefinitions.loginStepDef.validateLoginSuccess(net.serenitybdd.screenplay.Actor)&amp#27;[0m
07:50:10.342 [main] INFO  - 
  _____   ___   ___   _____     ___     _     ___   ___   ___   ___  
 |_   _| | __| / __| |_   _|   | _ \   /_\   / __| / __| | __| |   \ 
   | |   | _|  \__ \   | |     |  _/  / _ \  \__ \ \__ \ | _|  | |) |
   |_|   |___| |___/   |_|     |_|   /_/ \_\ |___/ |___/ |___| |___/ 

User login Orange HRM successfully
----------------------------------------------------------------------
07:50:10.344 [AsyncHttpClient-1-3] DEBUG org.asynchttpclient.netty.handler.WebSocketHandler - Channel Closed: [id: 0x128c5ac4, L:/127.0.0.1:49996 ! R:localhost/127.0.0.1:49991] with attribute NettyResponseFuture{currentRetry=5,
	isDone=1,
	isCancelled=0,
	asyncHandler=org.asynchttpclient.ws.WebSocketUpgradeHandler@3e239da8,
	nettyRequest=org.asynchttpclient.netty.request.NettyRequest@7de9547b,
	future=java.util.concurrent.CompletableFuture@2c132a7b[Completed normally],
	uri=ws://localhost:49991/devtools/browser/38fa5969-207f-474c-ba3a-956e85d4f9da,
	keepAlive=true,
	redirectCount=0,
	timeoutsHolder=null,
	inAuth=0,
	touch=1650070194128}
07:50:10.344 [AsyncHttpClient-1-3] DEBUG org.asynchttpclient.netty.channel.ChannelManager - Closing Channel [id: 0x128c5ac4, L:/127.0.0.1:49996 ! R:localhost/127.0.0.1:49991] 
07:50:10.344 [Driver Command Executor] DEBUG org.asynchttpclient.netty.request.NettyRequestSender - Using pooled Channel '[id: 0x12410e50, L:/127.0.0.1:49990 - R:localhost/127.0.0.1:50402]' for 'DELETE' to 'http://localhost:50402/session/2c63f55164907843017a0031597b5154'
07:50:10.344 [Driver Command Executor] DEBUG org.asynchttpclient.netty.request.NettyRequestSender - Using open Channel [id: 0x12410e50, L:/127.0.0.1:49990 - R:localhost/127.0.0.1:50402] for DELETE '/session/2c63f55164907843017a0031597b5154'
07:50:10.406 [AsyncHttpClient-1-2] DEBUG org.asynchttpclient.netty.handler.HttpHandler - Channel Closed: [id: 0x5ea01e07, L:/127.0.0.1:49995 ! R:localhost/127.0.0.1:49991] with attribute DISCARD
07:50:10.447 [AsyncHttpClient-1-9] DEBUG org.asynchttpclient.netty.handler.HttpHandler - 

Request DefaultFullHttpRequest(decodeResult: success, version: HTTP/1.1, content: EmptyByteBufBE)
DELETE /session/2c63f55164907843017a0031597b5154 HTTP/1.1
User-Agent: selenium/4.1.2 (java mac)
Content-Type: application/json; charset=utf-8
host: localhost:50402
accept: */*

Response DefaultHttpResponse(decodeResult: success, version: HTTP/1.1)
HTTP/1.1 200 OK
Content-Type: application/json; charset=utf-8
cache-control: no-cache
content-length: 14

07:50:10.447 [AsyncHttpClient-1-9] DEBUG org.asynchttpclient.netty.channel.ChannelManager - Adding key: http://localhost:50402 for channel [id: 0x12410e50, L:/127.0.0.1:49990 - R:localhost/127.0.0.1:50402]
07:50:10.497 [AsyncHttpClient-1-9] DEBUG org.asynchttpclient.netty.handler.HttpHandler - Channel Closed: [id: 0x12410e50, L:/127.0.0.1:49990 ! R:localhost/127.0.0.1:50402] with attribute DISCARD
]]></system-out>
    <system-err><![CDATA[Starting ChromeDriver 100.0.4896.60 (6a5d10861ce8de5fce22564658033b43cb7de047-refs/branch-heads/4896@{#875}) on port 50402
Only local connections are allowed.
Please see https://chromedriver.chromium.org/security-considerations for suggestions on keeping ChromeDriver safe.
ChromeDriver was started successfully.
Apr 16, 2022 7:49:54 AM org.openqa.selenium.remote.ProtocolHandshake createSession
INFO: Detected dialect: W3C
Apr 16, 2022 7:49:54 AM org.openqa.selenium.devtools.CdpVersionFinder findNearestMatch
WARNING: Unable to find an exact match for CDP version 100, so returning the closest version found: 97
Apr 16, 2022 7:49:54 AM org.openqa.selenium.devtools.CdpVersionFinder findNearestMatch
INFO: Found CDP implementation for version 100 of 97
]]></system-err>
  </testcase>
</testsuite>