<?xml version="1.0" encoding="UTF-8"?>
<testsuite xmlns:xsi="http://www.w3.org/2001/XMLSchema-instance" xsi:noNamespaceSchemaLocation="https://maven.apache.org/surefire/maven-failsafe-plugin/xsd/failsafe-test-report-3.0.xsd" version="3.0" name="fb.CucumberTestSuite" time="50.04" tests="1" errors="0" skipped="0" failures="0">
  <properties>
[...]
</properties>
  <testcase name="User has failed to login FB" classname="FB - login" time="42.603">
    <system-out><![CDATA[07:47:36.407 [main] INFO io.cucumber.core.plugin.SerenityReporter - Running feature from file:///Users/anugerahfadillah/QE-batch3-practice/src/test/resources/features/facebook/login.feature
07:47:36.979 [main] INFO  - 

-------------------------------------------------------------------------------------
     _______. _______ .______       _______ .__   __.  __  .___________.____    ____ 
    /       ||   ____||   _  \     |   ____||  \ |  | |  | |           |\   \  /   / 
   |   (----`|  |__   |  |_)  |    |  |__   |   \|  | |  | `---|  |----` \   \/   /  
    \   \    |   __|  |      /     |   __|  |  . `  | |  |     |  |       \_    _/   
.----)   |   |  |____ |  |\  \----.|  |____ |  |\   | |  |     |  |         |  |     
|_______/    |_______|| _| `._____||_______||__| \__| |__|     |__|         |__|    
                                                                                     
 News and tutorials at http://www.serenity-bdd.info                                  
 Documentation at https://wakaleo.gitbooks.io/the-serenity-book/content/             
 Join the Serenity Community on Gitter: https://gitter.im/serenity-bdd/serenity-core 
 Serenity BDD Support and Training at http://serenity-bdd.info/#/trainingandsupport  
-------------------------------------------------------------------------------------

07:47:36.985 [main] DEBUG net.thucydides.core.steps.StepEventBus - Test suite started for story net.thucydides.core.model.Story@8f12a330
07:47:36.993 [main] INFO  - Test Suite Started: FB - login
07:47:37.076 [main] INFO io.cucumber.core.plugin.SerenityReporter - Running feature from file:///Users/anugerahfadillah/QE-batch3-practice/src/test/resources/features/facebook/login.feature
07:47:37.082 [main] DEBUG net.thucydides.core.steps.StepEventBus - Test suite started for story net.thucydides.core.model.Story@8f12a330
07:47:37.082 [main] INFO  - Test Suite Started: FB - login

@ALL @fblogin
Scenario: User has failed to login FB  &amp#27;[90m# src/test/resources/features/facebook/login.feature:7&amp#27;[0m
07:47:37.283 [main] INFO io.cucumber.core.plugin.SerenityReporter - Running feature from file:///Users/anugerahfadillah/QE-batch3-practice/src/test/resources/features/facebook/login.feature
07:47:37.972 [main] INFO  - 
  _____   ___   ___   _____     ___   _____     _     ___   _____   ___   ___  
 |_   _| | __| / __| |_   _|   / __| |_   _|   /_\   | _ \ |_   _| | __| |   \ 
   | |   | _|  \__ \   | |     \__ \   | |    / _ \  |   /   | |   | _|  | |) |
   |_|   |___| |___/   |_|     |___/   |_|   /_/ \_\ |_|_\   |_|   |___| |___/ 

User has failed to login FB(fb---login;user-has-failed-to-login-fb)
--------------------------------------------------------------------------------
07:47:39.941 [main] DEBUG net.thucydides.core.steps.StepInterceptor - STARTING STEP: loginStepDef.loadFBLoginPage - !#title
07:47:39.985 [main] DEBUG net.thucydides.core.steps.StepInterceptor - STARTING STEP: loginStepDef.loadFBLoginPage - {0} opens the #targetPageName
07:47:40.121 [main] INFO net.serenitybdd.core.webdriver.driverproviders.ChromeDriverProvider - Using automatically driver download
07:47:41.951 [main] DEBUG io.github.bonigarcia.wdm.cache.ResolutionCache - Removing resolution chrome=100 from cache (expired on Sat Apr 16 07:02:44 WIB 2022)
07:47:41.998 [main] DEBUG org.apache.hc.client5.http.impl.classic.InternalHttpClient - ex-00000001: preparing request execution
07:47:42.018 [main] DEBUG org.apache.hc.client5.http.protocol.RequestAddCookies - Cookie spec selected: strict
07:47:42.046 [main] DEBUG org.apache.hc.client5.http.protocol.RequestAuthCache - Auth cache not set in the context
07:47:42.046 [main] DEBUG org.apache.hc.client5.http.impl.classic.ProtocolExec - ex-00000001: target auth state: UNCHALLENGED
07:47:42.048 [main] DEBUG org.apache.hc.client5.http.impl.classic.ProtocolExec - ex-00000001: proxy auth state: UNCHALLENGED
07:47:42.048 [main] DEBUG org.apache.hc.client5.http.impl.classic.ConnectExec - ex-00000001: acquiring connection with route {s}->https://raw.githubusercontent.com:443
07:47:42.049 [main] DEBUG org.apache.hc.client5.http.impl.classic.InternalHttpClient - ex-00000001: acquiring endpoint (3 MINUTES)
07:47:42.054 [main] DEBUG org.apache.hc.client5.http.impl.io.PoolingHttpClientConnectionManager - ex-00000001: endpoint lease request (3 MINUTES) [route: {s}->https://raw.githubusercontent.com:443][total available: 0; route allocated: 0 of 5; total allocated: 0 of 25]
07:47:42.062 [main] DEBUG org.apache.hc.client5.http.impl.io.PoolingHttpClientConnectionManager - ex-00000001: endpoint leased [route: {s}->https://raw.githubusercontent.com:443][total available: 0; route allocated: 1 of 5; total allocated: 1 of 25]
07:47:42.106 [main] DEBUG org.apache.hc.client5.http.impl.io.PoolingHttpClientConnectionManager - ex-00000001: acquired ep-00000000
07:47:42.106 [main] DEBUG org.apache.hc.client5.http.impl.classic.InternalHttpClient - ex-00000001: acquired endpoint ep-00000000
07:47:42.106 [main] DEBUG org.apache.hc.client5.http.impl.classic.ConnectExec - ex-00000001: opening connection {s}->https://raw.githubusercontent.com:443
07:47:42.107 [main] DEBUG org.apache.hc.client5.http.impl.classic.InternalHttpClient - ep-00000000: connecting endpoint (30 SECONDS)
07:47:42.108 [main] DEBUG org.apache.hc.client5.http.impl.io.PoolingHttpClientConnectionManager - ep-00000000: connecting endpoint to https://raw.githubusercontent.com:443 (30 SECONDS)
07:47:42.198 [main] DEBUG org.apache.hc.client5.http.impl.io.DefaultHttpClientConnectionOperator - http-outgoing-0: connecting to raw.githubusercontent.com/185.199.110.133:443
07:47:42.199 [main] DEBUG org.apache.hc.client5.http.ssl.SSLConnectionSocketFactory - Connecting socket to raw.githubusercontent.com/185.199.110.133:443 with timeout 30 SECONDS
07:47:42.497 [main] DEBUG org.apache.hc.client5.http.ssl.SSLConnectionSocketFactory - Enabled protocols: [TLSv1.2]
07:47:42.498 [main] DEBUG org.apache.hc.client5.http.ssl.SSLConnectionSocketFactory - Enabled cipher suites: [TLS_ECDHE_ECDSA_WITH_AES_256_GCM_SHA384, TLS_ECDHE_ECDSA_WITH_AES_128_GCM_SHA256, TLS_ECDHE_RSA_WITH_AES_256_GCM_SHA384, TLS_ECDHE_RSA_WITH_AES_128_GCM_SHA256, TLS_DHE_RSA_WITH_AES_256_GCM_SHA384, TLS_DHE_DSS_WITH_AES_256_GCM_SHA384, TLS_DHE_RSA_WITH_AES_128_GCM_SHA256, TLS_DHE_DSS_WITH_AES_128_GCM_SHA256, TLS_ECDHE_ECDSA_WITH_AES_256_CBC_SHA384, TLS_ECDHE_RSA_WITH_AES_256_CBC_SHA384, TLS_ECDHE_ECDSA_WITH_AES_128_CBC_SHA256, TLS_ECDHE_RSA_WITH_AES_128_CBC_SHA256, TLS_DHE_RSA_WITH_AES_256_CBC_SHA256, TLS_DHE_DSS_WITH_AES_256_CBC_SHA256, TLS_DHE_RSA_WITH_AES_128_CBC_SHA256, TLS_DHE_DSS_WITH_AES_128_CBC_SHA256, TLS_ECDH_ECDSA_WITH_AES_256_GCM_SHA384, TLS_ECDH_RSA_WITH_AES_256_GCM_SHA384, TLS_ECDH_ECDSA_WITH_AES_128_GCM_SHA256, TLS_ECDH_RSA_WITH_AES_128_GCM_SHA256, TLS_ECDH_ECDSA_WITH_AES_256_CBC_SHA384, TLS_ECDH_RSA_WITH_AES_256_CBC_SHA384, TLS_ECDH_ECDSA_WITH_AES_128_CBC_SHA256, TLS_ECDH_RSA_WITH_AES_128_CBC_SHA256, TLS_ECDHE_ECDSA_WITH_AES_256_CBC_SHA, TLS_ECDHE_RSA_WITH_AES_256_CBC_SHA, TLS_ECDHE_ECDSA_WITH_AES_128_CBC_SHA, TLS_ECDHE_RSA_WITH_AES_128_CBC_SHA, TLS_DHE_RSA_WITH_AES_256_CBC_SHA, TLS_DHE_DSS_WITH_AES_256_CBC_SHA, TLS_DHE_RSA_WITH_AES_128_CBC_SHA, TLS_DHE_DSS_WITH_AES_128_CBC_SHA, TLS_ECDH_ECDSA_WITH_AES_256_CBC_SHA, TLS_ECDH_RSA_WITH_AES_256_CBC_SHA, TLS_ECDH_ECDSA_WITH_AES_128_CBC_SHA, TLS_ECDH_RSA_WITH_AES_128_CBC_SHA, TLS_RSA_WITH_AES_256_GCM_SHA384, TLS_RSA_WITH_AES_128_GCM_SHA256, TLS_RSA_WITH_AES_256_CBC_SHA256, TLS_RSA_WITH_AES_128_CBC_SHA256, TLS_RSA_WITH_AES_256_CBC_SHA, TLS_RSA_WITH_AES_128_CBC_SHA, TLS_EMPTY_RENEGOTIATION_INFO_SCSV]
07:47:42.499 [main] DEBUG org.apache.hc.client5.http.ssl.SSLConnectionSocketFactory - Starting handshake
07:47:43.194 [main] DEBUG org.apache.hc.client5.http.ssl.SSLConnectionSocketFactory - Secure session established
07:47:43.194 [main] DEBUG org.apache.hc.client5.http.ssl.SSLConnectionSocketFactory -  negotiated protocol: TLSv1.2
07:47:43.194 [main] DEBUG org.apache.hc.client5.http.ssl.SSLConnectionSocketFactory -  negotiated cipher suite: TLS_ECDHE_RSA_WITH_AES_128_GCM_SHA256
07:47:43.195 [main] DEBUG org.apache.hc.client5.http.ssl.SSLConnectionSocketFactory -  peer principal: CN=*.github.io, O="GitHub, Inc.", L=San Francisco, ST=California, C=US
07:47:43.195 [main] DEBUG org.apache.hc.client5.http.ssl.SSLConnectionSocketFactory -  peer alternative names: [*.github.io, github.com, *.github.com, www.github.com, github.io, githubusercontent.com, *.githubusercontent.com]
07:47:43.196 [main] DEBUG org.apache.hc.client5.http.ssl.SSLConnectionSocketFactory -  issuer principal: CN=DigiCert TLS RSA SHA256 2020 CA1, O=DigiCert Inc, C=US
07:47:43.199 [main] DEBUG org.apache.hc.client5.http.impl.io.DefaultHttpClientConnectionOperator - http-outgoing-0: connection established 192.168.123.75:49872<->185.199.110.133:443
07:47:43.202 [main] DEBUG org.apache.hc.client5.http.impl.io.PoolingHttpClientConnectionManager - ep-00000000: connected http-outgoing-0
07:47:43.202 [main] DEBUG org.apache.hc.client5.http.impl.classic.InternalHttpClient - ep-00000000: endpoint connected
07:47:43.203 [main] DEBUG org.apache.hc.client5.http.impl.classic.MainClientExec - ex-00000001: executing GET /bonigarcia/webdrivermanager/master/src/main/resources/commands.properties HTTP/1.1
07:47:43.205 [main] DEBUG org.apache.hc.client5.http.impl.classic.InternalHttpClient - ep-00000000: start execution ex-00000001
07:47:43.205 [main] DEBUG org.apache.hc.client5.http.impl.io.PoolingHttpClientConnectionManager - ep-00000000: executing exchange ex-00000001 over http-outgoing-0
07:47:43.206 [main] DEBUG org.apache.hc.client5.http.headers - http-outgoing-0 >> GET /bonigarcia/webdrivermanager/master/src/main/resources/commands.properties HTTP/1.1
07:47:43.206 [main] DEBUG org.apache.hc.client5.http.headers - http-outgoing-0 >> user-agent: Apache-HttpClient/5.0
07:47:43.206 [main] DEBUG org.apache.hc.client5.http.headers - http-outgoing-0 >> accept-encoding: gzip, deflate, br
07:47:43.207 [main] DEBUG org.apache.hc.client5.http.headers - http-outgoing-0 >> cache-control: max-age=0
07:47:43.207 [main] DEBUG org.apache.hc.client5.http.headers - http-outgoing-0 >> connection: keep-alive
07:47:43.207 [main] DEBUG org.apache.hc.client5.http.headers - http-outgoing-0 >> Host: raw.githubusercontent.com
07:47:43.207 [main] DEBUG org.apache.hc.client5.http.wire - http-outgoing-0 >> "GET /bonigarcia/webdrivermanager/master/src/main/resources/commands.properties HTTP/1.1[\r][\n]"
07:47:43.207 [main] DEBUG org.apache.hc.client5.http.wire - http-outgoing-0 >> "user-agent: Apache-HttpClient/5.0[\r][\n]"
07:47:43.207 [main] DEBUG org.apache.hc.client5.http.wire - http-outgoing-0 >> "accept-encoding: gzip, deflate, br[\r][\n]"
07:47:43.207 [main] DEBUG org.apache.hc.client5.http.wire - http-outgoing-0 >> "cache-control: max-age=0[\r][\n]"
07:47:43.208 [main] DEBUG org.apache.hc.client5.http.wire - http-outgoing-0 >> "connection: keep-alive[\r][\n]"
07:47:43.208 [main] DEBUG org.apache.hc.client5.http.wire - http-outgoing-0 >> "Host: raw.githubusercontent.com[\r][\n]"
07:47:43.208 [main] DEBUG org.apache.hc.client5.http.wire - http-outgoing-0 >> "[\r][\n]"
07:47:43.267 [main] DEBUG org.apache.hc.client5.http.wire - http-outgoing-0 << "HTTP/1.1 200 OK[\r][\n]"
07:47:43.268 [main] DEBUG org.apache.hc.client5.http.wire - http-outgoing-0 << "Connection: keep-alive[\r][\n]"
07:47:43.268 [main] DEBUG org.apache.hc.client5.http.wire - http-outgoing-0 << "Content-Length: 723[\r][\n]"
07:47:43.268 [main] DEBUG org.apache.hc.client5.http.wire - http-outgoing-0 << "Cache-Control: max-age=300[\r][\n]"
07:47:43.268 [main] DEBUG org.apache.hc.client5.http.wire - http-outgoing-0 << "Content-Security-Policy: default-src 'none'; style-src 'unsafe-inline'; sandbox[\r][\n]"
07:47:43.269 [main] DEBUG org.apache.hc.client5.http.wire - http-outgoing-0 << "Content-Type: text/plain; charset=utf-8[\r][\n]"
07:47:43.269 [main] DEBUG org.apache.hc.client5.http.wire - http-outgoing-0 << "ETag: W/"e82b438271e9e8680c688b0b680efd0bdd22faa6d6f0a32fc1fd8accc486b67e"[\r][\n]"
07:47:43.269 [main] DEBUG org.apache.hc.client5.http.wire - http-outgoing-0 << "Strict-Transport-Security: max-age=31536000[\r][\n]"
07:47:43.269 [main] DEBUG org.apache.hc.client5.http.wire - http-outgoing-0 << "X-Content-Type-Options: nosniff[\r][\n]"
07:47:43.269 [main] DEBUG org.apache.hc.client5.http.wire - http-outgoing-0 << "X-Frame-Options: deny[\r][\n]"
07:47:43.269 [main] DEBUG org.apache.hc.client5.http.wire - http-outgoing-0 << "X-XSS-Protection: 1; mode=block[\r][\n]"
07:47:43.270 [main] DEBUG org.apache.hc.client5.http.wire - http-outgoing-0 << "X-GitHub-Request-Id: 3DEA:2F45:C6722F:108E490:625402BD[\r][\n]"
07:47:43.270 [main] DEBUG org.apache.hc.client5.http.wire - http-outgoing-0 << "Content-Encoding: gzip[\r][\n]"
07:47:43.270 [main] DEBUG org.apache.hc.client5.http.wire - http-outgoing-0 << "Accept-Ranges: bytes[\r][\n]"
07:47:43.270 [main] DEBUG org.apache.hc.client5.http.wire - http-outgoing-0 << "Date: Sat, 16 Apr 2022 00:47:43 GMT[\r][\n]"
07:47:43.270 [main] DEBUG org.apache.hc.client5.http.wire - http-outgoing-0 << "Via: 1.1 varnish[\r][\n]"
07:47:43.270 [main] DEBUG org.apache.hc.client5.http.wire - http-outgoing-0 << "X-Served-By: cache-qpg1283-QPG[\r][\n]"
07:47:43.270 [main] DEBUG org.apache.hc.client5.http.wire - http-outgoing-0 << "X-Cache: HIT[\r][\n]"
07:47:43.271 [main] DEBUG org.apache.hc.client5.http.wire - http-outgoing-0 << "X-Cache-Hits: 1[\r][\n]"
07:47:43.271 [main] DEBUG org.apache.hc.client5.http.wire - http-outgoing-0 << "X-Timer: S1650070063.305190,VS0,VE1[\r][\n]"
07:47:43.271 [main] DEBUG org.apache.hc.client5.http.wire - http-outgoing-0 << "Vary: Authorization,Accept-Encoding,Origin[\r][\n]"
07:47:43.271 [main] DEBUG org.apache.hc.client5.http.wire - http-outgoing-0 << "Access-Control-Allow-Origin: *[\r][\n]"
07:47:43.271 [main] DEBUG org.apache.hc.client5.http.wire - http-outgoing-0 << "X-Fastly-Request-ID: 4aa0e32fe3abe9377b19517216129f1191d4e1e6[\r][\n]"
07:47:43.271 [main] DEBUG org.apache.hc.client5.http.wire - http-outgoing-0 << "Expires: Sat, 16 Apr 2022 00:52:43 GMT[\r][\n]"
07:47:43.271 [main] DEBUG org.apache.hc.client5.http.wire - http-outgoing-0 << "Source-Age: 37[\r][\n]"
07:47:43.271 [main] DEBUG org.apache.hc.client5.http.wire - http-outgoing-0 << "[\r][\n]"
07:47:43.276 [main] DEBUG org.apache.hc.client5.http.headers - http-outgoing-0 << HTTP/1.1 200 OK
07:47:43.276 [main] DEBUG org.apache.hc.client5.http.headers - http-outgoing-0 << Connection: keep-alive
07:47:43.276 [main] DEBUG org.apache.hc.client5.http.headers - http-outgoing-0 << Content-Length: 723
07:47:43.276 [main] DEBUG org.apache.hc.client5.http.headers - http-outgoing-0 << Cache-Control: max-age=300
07:47:43.276 [main] DEBUG org.apache.hc.client5.http.headers - http-outgoing-0 << Content-Security-Policy: default-src 'none'; style-src 'unsafe-inline'; sandbox
07:47:43.276 [main] DEBUG org.apache.hc.client5.http.headers - http-outgoing-0 << Content-Type: text/plain; charset=utf-8
07:47:43.276 [main] DEBUG org.apache.hc.client5.http.headers - http-outgoing-0 << ETag: W/"e82b438271e9e8680c688b0b680efd0bdd22faa6d6f0a32fc1fd8accc486b67e"
07:47:43.276 [main] DEBUG org.apache.hc.client5.http.headers - http-outgoing-0 << Strict-Transport-Security: max-age=31536000
07:47:43.276 [main] DEBUG org.apache.hc.client5.http.headers - http-outgoing-0 << X-Content-Type-Options: nosniff
07:47:43.276 [main] DEBUG org.apache.hc.client5.http.headers - http-outgoing-0 << X-Frame-Options: deny
07:47:43.277 [main] DEBUG org.apache.hc.client5.http.headers - http-outgoing-0 << X-XSS-Protection: 1; mode=block
07:47:43.277 [main] DEBUG org.apache.hc.client5.http.headers - http-outgoing-0 << X-GitHub-Request-Id: 3DEA:2F45:C6722F:108E490:625402BD
07:47:43.277 [main] DEBUG org.apache.hc.client5.http.headers - http-outgoing-0 << Content-Encoding: gzip
07:47:43.277 [main] DEBUG org.apache.hc.client5.http.headers - http-outgoing-0 << Accept-Ranges: bytes
07:47:43.277 [main] DEBUG org.apache.hc.client5.http.headers - http-outgoing-0 << Date: Sat, 16 Apr 2022 00:47:43 GMT
07:47:43.277 [main] DEBUG org.apache.hc.client5.http.headers - http-outgoing-0 << Via: 1.1 varnish
07:47:43.277 [main] DEBUG org.apache.hc.client5.http.headers - http-outgoing-0 << X-Served-By: cache-qpg1283-QPG
07:47:43.277 [main] DEBUG org.apache.hc.client5.http.headers - http-outgoing-0 << X-Cache: HIT
07:47:43.277 [main] DEBUG org.apache.hc.client5.http.headers - http-outgoing-0 << X-Cache-Hits: 1
07:47:43.277 [main] DEBUG org.apache.hc.client5.http.headers - http-outgoing-0 << X-Timer: S1650070063.305190,VS0,VE1
07:47:43.277 [main] DEBUG org.apache.hc.client5.http.headers - http-outgoing-0 << Vary: Authorization,Accept-Encoding,Origin
07:47:43.277 [main] DEBUG org.apache.hc.client5.http.headers - http-outgoing-0 << Access-Control-Allow-Origin: *
07:47:43.277 [main] DEBUG org.apache.hc.client5.http.headers - http-outgoing-0 << X-Fastly-Request-ID: 4aa0e32fe3abe9377b19517216129f1191d4e1e6
07:47:43.277 [main] DEBUG org.apache.hc.client5.http.headers - http-outgoing-0 << Expires: Sat, 16 Apr 2022 00:52:43 GMT
07:47:43.277 [main] DEBUG org.apache.hc.client5.http.headers - http-outgoing-0 << Source-Age: 37
07:47:43.286 [main] DEBUG org.apache.hc.client5.http.impl.classic.MainClientExec - ex-00000001: connection can be kept alive for 3 MINUTES
07:47:43.305 [main] DEBUG org.apache.hc.client5.http.wire - http-outgoing-0 << "[0x1f][0xffffff8b][0x8][0x0][0x0][0x0][0x0][0x0][0x0][0x3][0xffffffb5]V]o[0xffffffda]0[0x14]}[0xffffffe7]W\[0xffffff81]*[0xffffffb5][0x12][0x1f][[M[0xffffffd3]$[0x1e]hF[0xffffffbb]i [0x18][0xffffffb4][0xffffffdd]&[0xfffffff9][0xffffffc5]$7[0xffffffc1]R[0x12]#;[0xffffff94]v[0xffffffbf]~[0xffffffb6][0xfffffff3]1[0xffffff92][0xffffff9a][0xffffffc1][0x1a]x[0xffffffcb][0xffffffb5][0xffffffaf][0xffffffcf]9[0xffffffbe][0xfffffff7]8v[0xb][0x1c][0x1e]E4[0xfffffff6]$x4[0xffffffa1][0xb]*[0xffffffb1][0xffffffd1][0xffffff82][0xfffffffb]%[0xffffff93][0xffffffe0][0xffffffb3][0x10][0xffffffc1][0xffffffe5]qBY,!Y[0xffffffea] KM8,[0x10][0xfffffff0][0x19][0xffffffdd]u[0xffffff82][0x1e][0xffffffb0][0xffffffd8]L[0xffffffcb]%[0xffffff86][0xffffffa1][0xe][0xffffffb8][0xfffffff0]P[0xffffffe8]$[0xf][0x13]t[0x13]3[0xfffffff9][0xffffff84]B2[0xffffffae][0xffffffe6]|@[0xfffffff5][0x1d][0x8][0xffffffc4][0x18][0x16][0xffffff82]o[0xffffffa4][0xffffff9a]P[0xffffff94][0xffffffe7][0xffffffce]R[0xfffffff0][0x8][0xffffffdb]p[0xffffffcb][0x4][0xfffffffa][0xfffffffc][0xffffffb9][\r][0xffffff93][0x15][\n]"
07:47:43.305 [main] DEBUG org.apache.hc.client5.http.wire - http-outgoing-0 << "[0xffffffda][0xffffff86][0xffffffa1][0x17][0xffffffa8]Q3[0xffffffcb][0xffffffd6][0xffffffd1][0xffffff85][0xffffffc6][0xfffffff7][0xffffff98][0xffffffef][0xffffffa3][0xffffffc0]8[0x1][0xffffffae]s[0x12][0x16][0x7] _d[0xffffff82][0xffffff91][0xffffff84][0xfffffff3][0x1f],[0xfffffff6][0x14]j[0x1b]F,^+[0xffffff98]1ua2[0xffffffbf]h([0xffffff8e][0xffffff94][0xffffffa2][0xffffff91]m[0xffffffa3][0xffffffeb][0xffffff9a][0xffffffb0][0xffffffbb]I[0x17]t[0xffffffdf][0xffffffbd][0xffffffef][0xffffffbb][0xffffff91][0xffffffd7]U[0xffffffbb][0xffffff82][0xffffff9e][0x3][0xffffff9b][0xffffff88][0xffffffb9][0xffffffa6]$[0xffffffa6][0xc][0xffffff9b][0xffffffa5][0xffffffe2][0xffffff83][0xffffff98]F[0xffffffd8]o[0xffffff9e]Mg[0xffffff93][0xffffffbb][0xffffffd9]`|[0xfffffffb]u4[0xffffff9c][0x7f]"}B[0xffffffce][0x8][0xffffffb9][0xffffffe3]<[0x8][0xffffff91][0xffffff90][0xffffff94][0xffffff82][0xffffff90][0xffffffc1]j[0x15]2WI[0xffffffe3]1![0x19][0xffffff91]BnB[0xffffff80][0x9]<f[0xffffffb5][0xffffffe8]=[0xffffffd1]p[0xffffffbd][[0xffffffcf][0xffffffe5][0x1b][0xfffffff4][0xffffff9c][0xffffffff][0xfffffffc][0xfffffff8][0xffffffe1][0xffffffe2][0xffffff94][0xffffffa2][0xffffffae][0xe][0x14]5[0xffffff9a]8[0xffffff83][0xffffffd1]`:[0xfffffffd]<[0xffffffb8][0x1f][0xffffff9c]R[0xffffffcf]u[0x7f]6[0xffffffbc][0xffffff83][0xffffffef][0xf][0xffffffc3][0xffffffd9]/[0xfffffff8][0xfffffff2][0xffffffcd]y s[0xffffffee]'[0x1b]*0g[0xffffffcb][0xffffffc8]nF7H][0xffffff83][0xffffff97]{[0xffffffb1]Q[0x5][\r][0xffffffb5]c[0xffffffb4][0xf][0x2][0xffffffb3][0xffffffb4][0xffffff93][0xe]C[0xffffffa7][0xffffffb3]kAD][0xffffff9d][0xffffffde][0xffffffdb][0xffffffda][0xffffff88][0xffffffec][0xffffffa5][0xffffffbc][0xffffff99][0xffffffd9][0xffffffba]t[0xffffffb5][0xffffffea]9[0xffffffea][0x10])[0xffffffb7][0xffffffca][0xffffff9e][0xfffffff2][0xffffffe2]d^N[0xffffffd8]FW[0x16][0xffffffcd][0xffffffdc]_[0x10][0xfffffff9]i|[0x1c][0xffffff93][0xffffff8e][0xfffffff9]o[0x16][0xffffff86]4'!$G[0xffffffdf]W[0xfffffff4]W*j[[0xfffffff3]xR[0xffffffae][0xffffffb6][0xc][0xffffffd0],; #[0xffffffa9][0xffffff92]5[0xffffffb5][0x7][0xffffff9c][0xffffffb5][0xffffffd0][0x7f][0xffffff90][0xffffffc7]jgs[0xfffffffc][0xffffffc2][0xb][0xffffffd9][0x0]t[0xffffff9e]^'Y[0xfffffffb][0xffffff9f][0xffffffb1][0xffffffd8]:[0xffffffbf][0xffffff8d][0xffffffa5][0xffffff9a][0xffffffad][0x7f]m[0x5]&[0xffffffaa][0xffffffa0]^[0xffffff9b][0xffffffcb][0x5]f[0xffffffae][0xffffffe0]RU[0xffffff82][0x10]MS9l[0xffffff91]4t[0xfffffffb][0xffffff8a]][0xffffffd6][0xfffffff4][0xffffff96][0xffffffa6][0xffffff9f]P[0xffffffce][0xffffffd5][0xffffffce][0xffffff93][0xffffffff][0xffffff97][0xffffffcc]p[0xfffffffd][0xfffffff3][0xffffffe8][0x1b][0xffffffcc][0xffffffa2][0xffffffd9]Q[0xffffffbe][0xffffffb2][0xffffffa3][0xffffffc7]m'[0xffffffdf][0xffffffe4][[0xfffffffb]^[0xffffffb0][0xffffff9a][0xffffffbe][0xffffffda][0xffffffda]_[0xffffffce][0xffffff80][0xffffffd2][0xffffffc1]7[0xffffffb7]][0xffffffc1]b[0xffffffee][0xffffffb5][0xffffffff]w[0xffffff83][0xffffffed][0xffffffa7];[0x15]<[0x10]4[0xffffff92][0xffffff84][0x18][\n]"
07:47:43.306 [main] DEBUG org.apache.hc.client5.http.wire - http-outgoing-0 << "BB[0xffffffba][0xffffff8e]][0xffffffb5]jo[0xffffffb9]+"[0xffffffea][0xffffffb4][0xffffffff]h"[0xffffffea]\?5[0xffffffa9][0xffffffaf]k[0xffffffec][0xffffffff]P[0xffffffea][\n]"
07:47:43.306 [main] DEBUG org.apache.hc.client5.http.wire - http-outgoing-0 << "w[0xffffffe1]K[0x13][0xffffffda][0xffffffec][0xffffff98][0xffffffe6]Y[0xfffffffd]h8m6[0xffffff9c]T[0xffffffc1][0xfffffff2][0xffffffa7][0xffffff91]z_[0xffffff95]o85p[0x1c][0x13][0xffffffe6][0xfffffff0]5[0xffffffee][0xfffffffc][0xffffff92][0xffffff96][0xffffffda][0xfffffff7][0xffffffcf][0xffffffb1][0x5][0x1d][0xffffffea]K[0xffffff9b]9[0xffffff8e][0xffffffad]e[0xfffffff7][0xffffff93][0xffffffa8]`[0xffffffda][0xffffffff][0x1a][0xffffffd2][0xffffff88][0xffffff85][0xfffffffd][0xfffffff2][0xffffff91]N[0xfffffff6]`[0xffffffdf]2[0xffffffcf][0xffffffae]E[0xffffff97][0xffffffc5][0xffffffa2][0xffffff9d][0xffffffef]'[0xffffff9d]mun.[0xffffffd3]f^[0xffffffc7][0xffffff82][0xffffffda][0xffffff82]9[0xfffffff5][0xffffffa9]`[0x5][0xffffffbc]4[0xffffffa1][0x1d]<M[0xffffffb5]A[0xffffffa7]3[[0xffffffc0][0x7f][0x0][0xffffffc1][0xffffffd0]$[0xffffff85][0x1d][\r][0x0][0x0]"
07:47:43.308 [main] DEBUG org.apache.hc.client5.http.impl.classic.InternalHttpClient - ep-00000000: releasing valid endpoint
07:47:43.309 [main] DEBUG org.apache.hc.client5.http.impl.io.PoolingHttpClientConnectionManager - ep-00000000: releasing endpoint
07:47:43.309 [main] DEBUG org.apache.hc.client5.http.impl.io.PoolingHttpClientConnectionManager - ep-00000000: connection http-outgoing-0 can be kept alive for 3 MINUTES
07:47:43.310 [main] DEBUG org.apache.hc.client5.http.impl.io.PoolingHttpClientConnectionManager - ep-00000000: connection released [route: {s}->https://raw.githubusercontent.com:443][total available: 1; route allocated: 1 of 5; total allocated: 1 of 25]
07:47:43.310 [main] DEBUG io.github.bonigarcia.wdm.versions.VersionDetector - Detecting chrome version using online commands.properties
07:47:43.312 [main] DEBUG io.github.bonigarcia.wdm.versions.Shell - Running command on the shell: [/Applications/Google Chrome.app/Contents/MacOS/Google Chrome, --version]
07:47:48.865 [main] DEBUG io.github.bonigarcia.wdm.versions.Shell - Result: Google Chrome 100.0.4896.88
07:47:48.872 [main] DEBUG io.github.bonigarcia.wdm.cache.ResolutionCache - Resolution chrome100=100.0.4896.60 in cache (valid until 21:00:52 16/04/2022 WIB)
07:47:48.877 [main] INFO io.github.bonigarcia.wdm.WebDriverManager - Using chromedriver 100.0.4896.60 (resolved driver for Chrome 100)
07:47:48.888 [main] DEBUG io.github.bonigarcia.wdm.cache.ResolutionCache - Storing resolution chrome=100 in cache (valid until 08:47:48 16/04/2022 WIB)
07:47:48.909 [main] DEBUG io.github.bonigarcia.wdm.WebDriverManager - Driver chromedriver 100.0.4896.60 found in cache
07:47:48.910 [main] INFO io.github.bonigarcia.wdm.WebDriverManager - Exporting webdriver.chrome.driver as /Users/anugerahfadillah/.cache/selenium/chromedriver/mac64/100.0.4896.60/chromedriver
07:47:49.087 [main] DEBUG net.thucydides.core.reflection.ClassFinder - Could not load class .fb.CucumberTestSuite
07:47:49.088 [main] DEBUG net.thucydides.core.reflection.ClassFinder - Could not load class .fb.pageobjects.checkPointPageObj
07:47:49.088 [main] DEBUG net.thucydides.core.reflection.ClassFinder - Could not load class .fb.pageobjects.loginPageObj
07:47:49.088 [main] DEBUG net.thucydides.core.reflection.ClassFinder - Could not load class .fb.stepdefinitions.checkPointStepDef
07:47:49.088 [main] DEBUG net.thucydides.core.reflection.ClassFinder - Could not load class .fb.stepdefinitions.loginStepDef
07:47:49.088 [main] DEBUG net.thucydides.core.reflection.ClassFinder - Could not load class .fb.stepdefinitions.parameterDef
07:47:49.089 [main] DEBUG net.thucydides.core.reflection.ClassFinder - Could not load class .orangehrm.CucumberTestSuite
07:47:49.089 [main] DEBUG net.thucydides.core.reflection.ClassFinder - Could not load class .orangehrm.pageobjects.HRMLoginPageObj
07:47:49.089 [main] DEBUG net.thucydides.core.reflection.ClassFinder - Could not load class .orangehrm.pageobjects.HRMPIMPageObj
07:47:49.089 [main] DEBUG net.thucydides.core.reflection.ClassFinder - Could not load class .orangehrm.stepdefinitions.PIMStepDef
07:47:49.089 [main] DEBUG net.thucydides.core.reflection.ClassFinder - Could not load class .orangehrm.stepdefinitions.loginStepDef
07:47:49.089 [main] DEBUG net.thucydides.core.reflection.ClassFinder - Could not load class .orangehrm.stepdefinitions.parameterDef
07:47:49.089 [main] DEBUG net.thucydides.core.reflection.ClassFinder - Could not load class .tasks.ClickOn
07:47:49.089 [main] DEBUG net.thucydides.core.reflection.ClassFinder - Could not load class .tasks.InputText
07:47:49.090 [main] DEBUG net.thucydides.core.reflection.ClassFinder - Could not load class .tasks.VerifyDisplayed
07:47:49.090 [main] DEBUG net.thucydides.core.reflection.ClassFinder - Could not load class .tasks.navigateTo
07:47:49.090 [main] DEBUG net.thucydides.core.reflection.ClassFinder - Could not load class .tasks.theMenu
07:47:49.090 [main] DEBUG net.thucydides.core.reflection.ClassFinder - Could not load class .tasks.theMessage
07:47:49.217 [main] DEBUG net.serenitybdd.core.webdriver.driverproviders.ProvideNewDriver - Instantiating driver
07:47:49.217 [main] DEBUG net.serenitybdd.core.webdriver.driverproviders.ProvideNewDriver - Driver capabilities: Capabilities {acceptInsecureCerts: false, base.url: , browserName: chrome, goog:chromeOptions: {args: [], extensions: []}}
07:47:49.501 [main] DEBUG io.netty.util.internal.logging.InternalLoggerFactory - Using SLF4J as the default logging framework
07:47:49.520 [main] DEBUG io.netty.util.ResourceLeakDetector - -Dio.netty.leakDetection.level: simple
07:47:49.520 [main] DEBUG io.netty.util.ResourceLeakDetector - -Dio.netty.leakDetection.targetRecords: 4
07:47:49.535 [main] DEBUG io.netty.util.ResourceLeakDetectorFactory - Loaded default ResourceLeakDetector: io.netty.util.ResourceLeakDetector@32ec9c90
07:47:49.626 [main] DEBUG io.netty.util.internal.PlatformDependent0 - -Dio.netty.noUnsafe: false
07:47:49.626 [main] DEBUG io.netty.util.internal.PlatformDependent0 - Java version: 8
07:47:49.630 [main] DEBUG io.netty.util.internal.PlatformDependent0 - sun.misc.Unsafe.theUnsafe: available
07:47:49.633 [main] DEBUG io.netty.util.internal.PlatformDependent0 - sun.misc.Unsafe.copyMemory: available
07:47:49.637 [main] DEBUG io.netty.util.internal.PlatformDependent0 - java.nio.Buffer.address: available
07:47:49.638 [main] DEBUG io.netty.util.internal.PlatformDependent0 - direct buffer constructor: available
07:47:49.641 [main] DEBUG io.netty.util.internal.PlatformDependent0 - java.nio.Bits.unaligned: available, true
07:47:49.642 [main] DEBUG io.netty.util.internal.PlatformDependent0 - jdk.internal.misc.Unsafe.allocateUninitializedArray(int): unavailable prior to Java9
07:47:49.642 [main] DEBUG io.netty.util.internal.PlatformDependent0 - java.nio.DirectByteBuffer.<init>(long, int): available
07:47:49.642 [main] DEBUG io.netty.util.internal.PlatformDependent - sun.misc.Unsafe: available
07:47:49.643 [main] DEBUG io.netty.util.internal.PlatformDependent - -Dio.netty.tmpdir: /var/folders/kt/clpkfqyx64ddk1nk4xm530ch0000gn/T (java.io.tmpdir)
07:47:49.643 [main] DEBUG io.netty.util.internal.PlatformDependent - -Dio.netty.bitMode: 64 (sun.arch.data.model)
07:47:49.643 [main] DEBUG io.netty.util.internal.PlatformDependent - Platform: MacOS
07:47:49.644 [main] DEBUG io.netty.util.internal.PlatformDependent - -Dio.netty.maxDirectMemory: 954728448 bytes
07:47:49.645 [main] DEBUG io.netty.util.internal.PlatformDependent - -Dio.netty.uninitializedArrayAllocationThreshold: -1
07:47:49.649 [main] DEBUG io.netty.util.internal.CleanerJava6 - java.nio.ByteBuffer.cleaner(): available
07:47:49.649 [main] DEBUG io.netty.util.internal.PlatformDependent - -Dio.netty.noPreferDirect: false
07:47:49.688 [main] DEBUG io.netty.util.internal.PlatformDependent - org.jctools-core.MpscChunkedArrayQueue: available
07:47:49.819 [main] DEBUG io.netty.util.internal.InternalThreadLocalMap - -Dio.netty.threadLocalMap.stringBuilder.initialSize: 1024
07:47:49.819 [main] DEBUG io.netty.util.internal.InternalThreadLocalMap - -Dio.netty.threadLocalMap.stringBuilder.maxSize: 4096
07:47:49.893 [main] DEBUG io.netty.handler.ssl.JdkSslContext - Default protocols (JDK): [TLSv1.2] 
07:47:49.893 [main] DEBUG io.netty.handler.ssl.JdkSslContext - Default cipher suites (JDK): [TLS_ECDHE_ECDSA_WITH_AES_256_GCM_SHA384, TLS_ECDHE_ECDSA_WITH_AES_128_GCM_SHA256, TLS_ECDHE_RSA_WITH_AES_128_GCM_SHA256, TLS_ECDHE_RSA_WITH_AES_256_GCM_SHA384, TLS_ECDHE_RSA_WITH_AES_128_CBC_SHA, TLS_ECDHE_RSA_WITH_AES_256_CBC_SHA, TLS_RSA_WITH_AES_128_GCM_SHA256, TLS_RSA_WITH_AES_128_CBC_SHA, TLS_RSA_WITH_AES_256_CBC_SHA, TLS_AES_128_GCM_SHA256, TLS_AES_256_GCM_SHA384]
07:47:50.036 [main] DEBUG io.netty.channel.MultithreadEventLoopGroup - -Dio.netty.eventLoopThreads: 8
07:47:50.081 [main] DEBUG io.netty.channel.nio.NioEventLoop - -Dio.netty.noKeySetOptimization: false
07:47:50.081 [main] DEBUG io.netty.channel.nio.NioEventLoop - -Dio.netty.selectorAutoRebuildThreshold: 512
07:47:50.211 [main] DEBUG io.netty.buffer.PooledByteBufAllocator - -Dio.netty.allocator.numHeapArenas: 8
07:47:50.211 [main] DEBUG io.netty.buffer.PooledByteBufAllocator - -Dio.netty.allocator.numDirectArenas: 8
07:47:50.211 [main] DEBUG io.netty.buffer.PooledByteBufAllocator - -Dio.netty.allocator.pageSize: 8192
07:47:50.211 [main] DEBUG io.netty.buffer.PooledByteBufAllocator - -Dio.netty.allocator.maxOrder: 11
07:47:50.211 [main] DEBUG io.netty.buffer.PooledByteBufAllocator - -Dio.netty.allocator.chunkSize: 16777216
07:47:50.212 [main] DEBUG io.netty.buffer.PooledByteBufAllocator - -Dio.netty.allocator.smallCacheSize: 256
07:47:50.212 [main] DEBUG io.netty.buffer.PooledByteBufAllocator - -Dio.netty.allocator.normalCacheSize: 64
07:47:50.212 [main] DEBUG io.netty.buffer.PooledByteBufAllocator - -Dio.netty.allocator.maxCachedBufferCapacity: 32768
07:47:50.212 [main] DEBUG io.netty.buffer.PooledByteBufAllocator - -Dio.netty.allocator.cacheTrimInterval: 8192
07:47:50.212 [main] DEBUG io.netty.buffer.PooledByteBufAllocator - -Dio.netty.allocator.cacheTrimIntervalMillis: 0
07:47:50.212 [main] DEBUG io.netty.buffer.PooledByteBufAllocator - -Dio.netty.allocator.useCacheForAllThreads: true
07:47:50.212 [main] DEBUG io.netty.buffer.PooledByteBufAllocator - -Dio.netty.allocator.maxCachedByteBuffersPerChunk: 1023
07:47:50.273 [main] DEBUG io.netty.buffer.ByteBufUtil - -Dio.netty.allocator.type: pooled
07:47:50.273 [main] DEBUG io.netty.buffer.ByteBufUtil - -Dio.netty.threadLocalDirectBufferSize: 0
07:47:50.273 [main] DEBUG io.netty.buffer.ByteBufUtil - -Dio.netty.maxThreadLocalCharBufferSize: 16384
07:47:56.452 [Forwarding newSession on session null to remote] DEBUG io.netty.channel.DefaultChannelId - -Dio.netty.processId: 1912 (auto-detected)
07:47:56.458 [Forwarding newSession on session null to remote] DEBUG io.netty.util.NetUtil - -Djava.net.preferIPv4Stack: false
07:47:56.458 [Forwarding newSession on session null to remote] DEBUG io.netty.util.NetUtil - -Djava.net.preferIPv6Addresses: false
07:47:56.467 [Forwarding newSession on session null to remote] DEBUG io.netty.util.NetUtilInitializations - Loopback interface: lo0 (lo0, 0:0:0:0:0:0:0:1%lo0)
07:47:56.471 [Forwarding newSession on session null to remote] DEBUG io.netty.util.NetUtil - Failed to get SOMAXCONN from sysctl and file /proc/sys/net/core/somaxconn. Default: 128
07:47:56.475 [Forwarding newSession on session null to remote] DEBUG io.netty.channel.DefaultChannelId - -Dio.netty.machineId: 98:e0:d9:ff:fe:a1:72:e7 (auto-detected)
07:47:56.674 [AsyncHttpClient-1-2] DEBUG io.netty.buffer.AbstractByteBuf - -Dio.netty.buffer.checkAccessible: true
07:47:56.674 [AsyncHttpClient-1-2] DEBUG io.netty.buffer.AbstractByteBuf - -Dio.netty.buffer.checkBounds: true
07:47:56.674 [AsyncHttpClient-1-2] DEBUG io.netty.util.ResourceLeakDetectorFactory - Loaded default ResourceLeakDetector: io.netty.util.ResourceLeakDetector@42ff7b79
07:47:56.703 [AsyncHttpClient-1-2] DEBUG org.asynchttpclient.netty.channel.NettyConnectListener - Using new Channel '[id: 0x33005029, L:/127.0.0.1:49881 - R:localhost/127.0.0.1:60901]' for 'POST' to '/session'
07:47:56.755 [AsyncHttpClient-1-2] DEBUG io.netty.util.Recycler - -Dio.netty.recycler.maxCapacityPerThread: 4096
07:47:56.755 [AsyncHttpClient-1-2] DEBUG io.netty.util.Recycler - -Dio.netty.recycler.ratio: 8
07:47:56.755 [AsyncHttpClient-1-2] DEBUG io.netty.util.Recycler - -Dio.netty.recycler.chunkSize: 32
07:47:56.755 [AsyncHttpClient-1-2] DEBUG io.netty.util.Recycler - -Dio.netty.recycler.blocking: false
07:48:05.426 [AsyncHttpClient-1-2] DEBUG io.netty.handler.codec.compression.Brotli - brotli4j not in the classpath; Brotli support will be unavailable.
07:48:05.429 [AsyncHttpClient-1-2] DEBUG org.asynchttpclient.netty.handler.HttpHandler - 

Request DefaultHttpRequest(decodeResult: success, version: HTTP/1.1)
POST /session HTTP/1.1
User-Agent: selenium/4.1.2 (java mac)
Content-Length: 457
Content-Type: application/json; charset=utf-8
host: localhost:60901
accept: */*

Response DefaultHttpResponse(decodeResult: success, version: HTTP/1.1)
HTTP/1.1 200 OK
Content-Type: application/json; charset=utf-8
cache-control: no-cache
content-length: 799

07:48:05.473 [AsyncHttpClient-1-2] DEBUG org.asynchttpclient.netty.channel.ChannelManager - Adding key: http://localhost:60901 for channel [id: 0x33005029, L:/127.0.0.1:49881 - R:localhost/127.0.0.1:60901]
07:48:05.723 [AsyncHttpClient-1-3] DEBUG org.asynchttpclient.netty.channel.NettyConnectListener - Using new Channel '[id: 0xa971ec13, L:/127.0.0.1:49887 - R:localhost/127.0.0.1:49882]' for 'GET' to '/json/version'
07:48:05.727 [AsyncHttpClient-1-3] DEBUG org.asynchttpclient.netty.handler.HttpHandler - 

Request DefaultFullHttpRequest(decodeResult: success, version: HTTP/1.1, content: EmptyByteBufBE)
GET /json/version HTTP/1.1
User-Agent: selenium/4.1.2 (java mac)
host: localhost:49882
accept: */*

Response DefaultHttpResponse(decodeResult: success, version: HTTP/1.1)
HTTP/1.1 200 OK
Content-Type: application/json; charset=UTF-8
content-length: 425

07:48:05.728 [AsyncHttpClient-1-3] DEBUG org.asynchttpclient.netty.channel.ChannelManager - Adding key: http://localhost:49882 for channel [id: 0xa971ec13, L:/127.0.0.1:49887 - R:localhost/127.0.0.1:49882]
07:48:05.751 [main] DEBUG io.netty.util.internal.ThreadLocalRandom - -Dio.netty.initialSeedUniquifier: 0xa3741029f99f5e81
07:48:05.761 [AsyncHttpClient-1-4] DEBUG org.asynchttpclient.netty.channel.NettyConnectListener - Using new Channel '[id: 0xc5b484e5, L:/127.0.0.1:49888 - R:localhost/127.0.0.1:49882]' for 'GET' to '/devtools/browser/6058df8b-c21b-4964-899d-996203fe80a3'
07:48:05.766 [AsyncHttpClient-1-4] DEBUG org.asynchttpclient.netty.handler.WebSocketHandler - 

Request DefaultFullHttpRequest(decodeResult: success, version: HTTP/1.1, content: EmptyByteBufBE)
GET /devtools/browser/6058df8b-c21b-4964-899d-996203fe80a3 HTTP/1.1
upgrade: websocket
connection: upgrade
sec-websocket-key: P1gYYo1z9yBFQ/QFcWkJvw==
sec-websocket-version: 13
origin: http://localhost:49882
host: localhost:49882
accept: */*
user-agent: AHC/2.1

Response DefaultHttpResponse(decodeResult: success, version: HTTP/1.1)
HTTP/1.1 101 WebSocket Protocol Handshake
Upgrade: WebSocket
Connection: Upgrade
Sec-WebSocket-Accept: nW8qjQcwqQlBPdy7/o7fvVpX/4E=

07:48:06.103 [main] DEBUG net.thucydides.core.reflection.ClassFinder - Could not load class .fb.CucumberTestSuite
07:48:06.104 [main] DEBUG net.thucydides.core.reflection.ClassFinder - Could not load class .fb.pageobjects.checkPointPageObj
07:48:06.104 [main] DEBUG net.thucydides.core.reflection.ClassFinder - Could not load class .fb.pageobjects.loginPageObj
07:48:06.104 [main] DEBUG net.thucydides.core.reflection.ClassFinder - Could not load class .fb.stepdefinitions.checkPointStepDef
07:48:06.104 [main] DEBUG net.thucydides.core.reflection.ClassFinder - Could not load class .fb.stepdefinitions.loginStepDef
07:48:06.104 [main] DEBUG net.thucydides.core.reflection.ClassFinder - Could not load class .fb.stepdefinitions.parameterDef
07:48:06.104 [main] DEBUG net.thucydides.core.reflection.ClassFinder - Could not load class .orangehrm.CucumberTestSuite
07:48:06.104 [main] DEBUG net.thucydides.core.reflection.ClassFinder - Could not load class .orangehrm.pageobjects.HRMLoginPageObj
07:48:06.104 [main] DEBUG net.thucydides.core.reflection.ClassFinder - Could not load class .orangehrm.pageobjects.HRMPIMPageObj
07:48:06.105 [main] DEBUG net.thucydides.core.reflection.ClassFinder - Could not load class .orangehrm.stepdefinitions.PIMStepDef
07:48:06.105 [main] DEBUG net.thucydides.core.reflection.ClassFinder - Could not load class .orangehrm.stepdefinitions.loginStepDef
07:48:06.105 [main] DEBUG net.thucydides.core.reflection.ClassFinder - Could not load class .orangehrm.stepdefinitions.parameterDef
07:48:06.105 [main] DEBUG net.thucydides.core.reflection.ClassFinder - Could not load class .tasks.ClickOn
07:48:06.105 [main] DEBUG net.thucydides.core.reflection.ClassFinder - Could not load class .tasks.InputText
07:48:06.105 [main] DEBUG net.thucydides.core.reflection.ClassFinder - Could not load class .tasks.VerifyDisplayed
07:48:06.105 [main] DEBUG net.thucydides.core.reflection.ClassFinder - Could not load class .tasks.navigateTo
07:48:06.105 [main] DEBUG net.thucydides.core.reflection.ClassFinder - Could not load class .tasks.theMenu
07:48:06.106 [main] DEBUG net.thucydides.core.reflection.ClassFinder - Could not load class .tasks.theMessage
07:48:06.128 [Forwarding get on session 65b348c69b96d99e4ea7e3797f9fe4c4 to remote] DEBUG org.asynchttpclient.netty.request.NettyRequestSender - Using pooled Channel '[id: 0x33005029, L:/127.0.0.1:49881 - R:localhost/127.0.0.1:60901]' for 'POST' to 'http://localhost:60901/session/65b348c69b96d99e4ea7e3797f9fe4c4/url'
07:48:06.128 [Forwarding get on session 65b348c69b96d99e4ea7e3797f9fe4c4 to remote] DEBUG org.asynchttpclient.netty.request.NettyRequestSender - Using open Channel [id: 0x33005029, L:/127.0.0.1:49881 - R:localhost/127.0.0.1:60901] for POST '/session/65b348c69b96d99e4ea7e3797f9fe4c4/url'
07:48:06.409 [AsyncHttpClient-1-1] DEBUG org.asynchttpclient.netty.channel.DefaultChannelPool - Entry count for : http://localhost:49882 : 1
07:48:07.507 [AsyncHttpClient-1-1] DEBUG org.asynchttpclient.netty.channel.DefaultChannelPool - Entry count for : http://localhost:49882 : 1
07:48:08.605 [AsyncHttpClient-1-1] DEBUG org.asynchttpclient.netty.channel.DefaultChannelPool - Entry count for : http://localhost:49882 : 1
07:48:09.706 [AsyncHttpClient-1-1] DEBUG org.asynchttpclient.netty.channel.DefaultChannelPool - Entry count for : http://localhost:49882 : 1
07:48:09.713 [AsyncHttpClient-1-2] DEBUG org.asynchttpclient.netty.handler.HttpHandler - 

Request DefaultHttpRequest(decodeResult: success, version: HTTP/1.1)
POST /session/65b348c69b96d99e4ea7e3797f9fe4c4/url HTTP/1.1
User-Agent: selenium/4.1.2 (java mac)
Content-Length: 60
Content-Type: application/json; charset=utf-8
host: localhost:60901
accept: */*

Response DefaultHttpResponse(decodeResult: success, version: HTTP/1.1)
HTTP/1.1 200 OK
Content-Type: application/json; charset=utf-8
cache-control: no-cache
content-length: 14

07:48:09.714 [AsyncHttpClient-1-2] DEBUG org.asynchttpclient.netty.channel.ChannelManager - Adding key: http://localhost:60901 for channel [id: 0x33005029, L:/127.0.0.1:49881 - R:localhost/127.0.0.1:60901]
07:48:09.723 [Forwarding setTimeout on session 65b348c69b96d99e4ea7e3797f9fe4c4 to remote] DEBUG org.asynchttpclient.netty.request.NettyRequestSender - Using pooled Channel '[id: 0x33005029, L:/127.0.0.1:49881 - R:localhost/127.0.0.1:60901]' for 'POST' to 'http://localhost:60901/session/65b348c69b96d99e4ea7e3797f9fe4c4/timeouts'
07:48:09.724 [Forwarding setTimeout on session 65b348c69b96d99e4ea7e3797f9fe4c4 to remote] DEBUG org.asynchttpclient.netty.request.NettyRequestSender - Using open Channel [id: 0x33005029, L:/127.0.0.1:49881 - R:localhost/127.0.0.1:60901] for POST '/session/65b348c69b96d99e4ea7e3797f9fe4c4/timeouts'
07:48:09.726 [AsyncHttpClient-1-2] DEBUG org.asynchttpclient.netty.handler.HttpHandler - 

Request DefaultHttpRequest(decodeResult: success, version: HTTP/1.1)
POST /session/65b348c69b96d99e4ea7e3797f9fe4c4/timeouts HTTP/1.1
User-Agent: selenium/4.1.2 (java mac)
Content-Length: 22
Content-Type: application/json; charset=utf-8
host: localhost:60901
accept: */*

Response DefaultHttpResponse(decodeResult: success, version: HTTP/1.1)
HTTP/1.1 200 OK
Content-Type: application/json; charset=utf-8
cache-control: no-cache
content-length: 14

07:48:09.727 [AsyncHttpClient-1-2] DEBUG org.asynchttpclient.netty.channel.ChannelManager - Adding key: http://localhost:60901 for channel [id: 0x33005029, L:/127.0.0.1:49881 - R:localhost/127.0.0.1:60901]
07:48:09.743 [Forwarding getCurrentUrl on session 65b348c69b96d99e4ea7e3797f9fe4c4 to remote] DEBUG org.asynchttpclient.netty.request.NettyRequestSender - Using pooled Channel '[id: 0x33005029, L:/127.0.0.1:49881 - R:localhost/127.0.0.1:60901]' for 'GET' to 'http://localhost:60901/session/65b348c69b96d99e4ea7e3797f9fe4c4/url'
07:48:09.743 [Forwarding getCurrentUrl on session 65b348c69b96d99e4ea7e3797f9fe4c4 to remote] DEBUG org.asynchttpclient.netty.request.NettyRequestSender - Using open Channel [id: 0x33005029, L:/127.0.0.1:49881 - R:localhost/127.0.0.1:60901] for GET '/session/65b348c69b96d99e4ea7e3797f9fe4c4/url'
07:48:09.750 [AsyncHttpClient-1-2] DEBUG org.asynchttpclient.netty.handler.HttpHandler - 

Request DefaultFullHttpRequest(decodeResult: success, version: HTTP/1.1, content: EmptyByteBufBE)
GET /session/65b348c69b96d99e4ea7e3797f9fe4c4/url HTTP/1.1
User-Agent: selenium/4.1.2 (java mac)
Cache-Control: no-cache
Content-Type: application/json; charset=utf-8
host: localhost:60901
accept: */*

Response DefaultHttpResponse(decodeResult: success, version: HTTP/1.1)
HTTP/1.1 200 OK
Content-Type: application/json; charset=utf-8
cache-control: no-cache
content-length: 54

07:48:09.751 [AsyncHttpClient-1-2] DEBUG org.asynchttpclient.netty.channel.ChannelManager - Adding key: http://localhost:60901 for channel [id: 0x33005029, L:/127.0.0.1:49881 - R:localhost/127.0.0.1:60901]
07:48:09.757 [Forwarding getCurrentUrl on session 65b348c69b96d99e4ea7e3797f9fe4c4 to remote] DEBUG org.asynchttpclient.netty.request.NettyRequestSender - Using pooled Channel '[id: 0x33005029, L:/127.0.0.1:49881 - R:localhost/127.0.0.1:60901]' for 'GET' to 'http://localhost:60901/session/65b348c69b96d99e4ea7e3797f9fe4c4/url'
07:48:09.758 [Forwarding getCurrentUrl on session 65b348c69b96d99e4ea7e3797f9fe4c4 to remote] DEBUG org.asynchttpclient.netty.request.NettyRequestSender - Using open Channel [id: 0x33005029, L:/127.0.0.1:49881 - R:localhost/127.0.0.1:60901] for GET '/session/65b348c69b96d99e4ea7e3797f9fe4c4/url'
07:48:09.764 [AsyncHttpClient-1-2] DEBUG org.asynchttpclient.netty.handler.HttpHandler - 

Request DefaultFullHttpRequest(decodeResult: success, version: HTTP/1.1, content: EmptyByteBufBE)
GET /session/65b348c69b96d99e4ea7e3797f9fe4c4/url HTTP/1.1
User-Agent: selenium/4.1.2 (java mac)
Cache-Control: no-cache
Content-Type: application/json; charset=utf-8
host: localhost:60901
accept: */*

Response DefaultHttpResponse(decodeResult: success, version: HTTP/1.1)
HTTP/1.1 200 OK
Content-Type: application/json; charset=utf-8
cache-control: no-cache
content-length: 54

07:48:09.765 [AsyncHttpClient-1-2] DEBUG org.asynchttpclient.netty.channel.ChannelManager - Adding key: http://localhost:60901 for channel [id: 0x33005029, L:/127.0.0.1:49881 - R:localhost/127.0.0.1:60901]
07:48:09.801 [main] DEBUG net.serenitybdd.core.photography.Darkroom - Opening darkroom
07:48:09.802 [Darkroom Processing Line] DEBUG net.serenitybdd.core.photography.DarkroomProcessingLine - Darkroom processing line starting up
07:48:09.807 [Forwarding screenshot on session 65b348c69b96d99e4ea7e3797f9fe4c4 to remote] DEBUG org.asynchttpclient.netty.request.NettyRequestSender - Using pooled Channel '[id: 0x33005029, L:/127.0.0.1:49881 - R:localhost/127.0.0.1:60901]' for 'GET' to 'http://localhost:60901/session/65b348c69b96d99e4ea7e3797f9fe4c4/screenshot'
07:48:09.807 [Forwarding screenshot on session 65b348c69b96d99e4ea7e3797f9fe4c4 to remote] DEBUG org.asynchttpclient.netty.request.NettyRequestSender - Using open Channel [id: 0x33005029, L:/127.0.0.1:49881 - R:localhost/127.0.0.1:60901] for GET '/session/65b348c69b96d99e4ea7e3797f9fe4c4/screenshot'
07:48:10.009 [AsyncHttpClient-1-2] DEBUG org.asynchttpclient.netty.handler.HttpHandler - 

Request DefaultFullHttpRequest(decodeResult: success, version: HTTP/1.1, content: EmptyByteBufBE)
GET /session/65b348c69b96d99e4ea7e3797f9fe4c4/screenshot HTTP/1.1
User-Agent: selenium/4.1.2 (java mac)
Cache-Control: no-cache
Content-Type: application/json; charset=utf-8
host: localhost:60901
accept: */*

Response DefaultHttpResponse(decodeResult: success, version: HTTP/1.1)
HTTP/1.1 200 OK
Content-Type: application/json; charset=utf-8
cache-control: no-cache
content-length: 71932

07:48:10.011 [AsyncHttpClient-1-2] DEBUG org.asynchttpclient.netty.channel.ChannelManager - Adding key: http://localhost:60901 for channel [id: 0x33005029, L:/127.0.0.1:49881 - R:localhost/127.0.0.1:60901]
07:48:10.273 [main] DEBUG net.serenitybdd.core.photography.Darkroom - Send negative for processing for target/site/serenity/766db149315a4e680d8972cbb61f4fdbcc69f37ffd7fbd8b422a644f4d735ae0.png
07:48:10.273 [Darkroom Processing Line] DEBUG net.serenitybdd.core.photography.DarkroomProcessingLine - Processing screenshot image in /var/screenshots/screenshot-7035839036469329512
07:48:10.274 [Darkroom Processing Line] DEBUG net.serenitybdd.core.photography.DarkroomProcessingLine - Saving screenshot to target/site/serenity/766db149315a4e680d8972cbb61f4fdbcc69f37ffd7fbd8b422a644f4d735ae0.png
07:48:10.280 [main] DEBUG net.thucydides.core.steps.StepInterceptor - STEP DONE: {0} opens the #targetPageName
07:48:10.298 [main] DEBUG net.thucydides.core.steps.StepInterceptor - STEP DONE: !#title
  &amp#27;[32mGiven &amp#27;[0m&amp#27;[32m&amp#27;[0m&amp#27;[32m&amp#27;[1mI&amp#27;[0m&amp#27;[32m open facebook login page&amp#27;[0m     &amp#27;[90m# fb.stepdefinitions.loginStepDef.loadFBLoginPage(net.serenitybdd.screenplay.Actor)&amp#27;[0m
07:48:10.559 [Forwarding screenshot on session 65b348c69b96d99e4ea7e3797f9fe4c4 to remote] DEBUG org.asynchttpclient.netty.request.NettyRequestSender - Using pooled Channel '[id: 0x33005029, L:/127.0.0.1:49881 - R:localhost/127.0.0.1:60901]' for 'GET' to 'http://localhost:60901/session/65b348c69b96d99e4ea7e3797f9fe4c4/screenshot'
07:48:10.559 [Forwarding screenshot on session 65b348c69b96d99e4ea7e3797f9fe4c4 to remote] DEBUG org.asynchttpclient.netty.request.NettyRequestSender - Using open Channel [id: 0x33005029, L:/127.0.0.1:49881 - R:localhost/127.0.0.1:60901] for GET '/session/65b348c69b96d99e4ea7e3797f9fe4c4/screenshot'
07:48:10.655 [AsyncHttpClient-1-2] DEBUG org.asynchttpclient.netty.handler.HttpHandler - 

Request DefaultFullHttpRequest(decodeResult: success, version: HTTP/1.1, content: EmptyByteBufBE)
GET /session/65b348c69b96d99e4ea7e3797f9fe4c4/screenshot HTTP/1.1
User-Agent: selenium/4.1.2 (java mac)
Cache-Control: no-cache
Content-Type: application/json; charset=utf-8
host: localhost:60901
accept: */*

Response DefaultHttpResponse(decodeResult: success, version: HTTP/1.1)
HTTP/1.1 200 OK
Content-Type: application/json; charset=utf-8
cache-control: no-cache
content-length: 71896

07:48:10.656 [AsyncHttpClient-1-2] DEBUG org.asynchttpclient.netty.channel.ChannelManager - Adding key: http://localhost:60901 for channel [id: 0x33005029, L:/127.0.0.1:49881 - R:localhost/127.0.0.1:60901]
07:48:10.664 [main] DEBUG net.serenitybdd.core.photography.Darkroom - Send negative for processing for target/site/serenity/4b3077a395a2e0e49f86339101ef163d6db4c0e3277d0660b8c2856b8d3dd272.png
07:48:10.664 [Darkroom Processing Line] DEBUG net.serenitybdd.core.photography.DarkroomProcessingLine - Processing screenshot image in /var/screenshots/screenshot-1478613598298936073
07:48:10.665 [Darkroom Processing Line] DEBUG net.serenitybdd.core.photography.DarkroomProcessingLine - Saving screenshot to target/site/serenity/4b3077a395a2e0e49f86339101ef163d6db4c0e3277d0660b8c2856b8d3dd272.png
07:48:10.665 [main] DEBUG net.thucydides.core.steps.StepInterceptor - STARTING STEP: loginStepDef.inputField - !#title
07:48:10.681 [main] DEBUG net.thucydides.core.steps.StepInterceptor - STARTING STEP: loginStepDef.inputField - {0} enters #theTextAsAString into #target
07:48:10.685 [main] DEBUG net.serenitybdd.screenplay.targets.IFrameSwitcher - default content already selected for email field
07:48:10.715 [Forwarding findElement on session 65b348c69b96d99e4ea7e3797f9fe4c4 to remote] DEBUG org.asynchttpclient.netty.request.NettyRequestSender - Using pooled Channel '[id: 0x33005029, L:/127.0.0.1:49881 - R:localhost/127.0.0.1:60901]' for 'POST' to 'http://localhost:60901/session/65b348c69b96d99e4ea7e3797f9fe4c4/element'
07:48:10.716 [Forwarding findElement on session 65b348c69b96d99e4ea7e3797f9fe4c4 to remote] DEBUG org.asynchttpclient.netty.request.NettyRequestSender - Using open Channel [id: 0x33005029, L:/127.0.0.1:49881 - R:localhost/127.0.0.1:60901] for POST '/session/65b348c69b96d99e4ea7e3797f9fe4c4/element'
07:48:10.738 [AsyncHttpClient-1-2] DEBUG org.asynchttpclient.netty.handler.HttpHandler - 

Request DefaultHttpRequest(decodeResult: success, version: HTTP/1.1)
POST /session/65b348c69b96d99e4ea7e3797f9fe4c4/element HTTP/1.1
User-Agent: selenium/4.1.2 (java mac)
Content-Length: 50
Content-Type: application/json; charset=utf-8
host: localhost:60901
accept: */*

Response DefaultHttpResponse(decodeResult: success, version: HTTP/1.1)
HTTP/1.1 200 OK
Content-Type: application/json; charset=utf-8
cache-control: no-cache
content-length: 88

07:48:10.738 [AsyncHttpClient-1-2] DEBUG org.asynchttpclient.netty.channel.ChannelManager - Adding key: http://localhost:60901 for channel [id: 0x33005029, L:/127.0.0.1:49881 - R:localhost/127.0.0.1:60901]
07:48:10.749 [Forwarding clearElement on session 65b348c69b96d99e4ea7e3797f9fe4c4 to remote] DEBUG org.asynchttpclient.netty.request.NettyRequestSender - Using pooled Channel '[id: 0x33005029, L:/127.0.0.1:49881 - R:localhost/127.0.0.1:60901]' for 'POST' to 'http://localhost:60901/session/65b348c69b96d99e4ea7e3797f9fe4c4/element/e5d30bfe-02c8-4362-95b7-b99c8def502e/clear'
07:48:10.749 [Forwarding clearElement on session 65b348c69b96d99e4ea7e3797f9fe4c4 to remote] DEBUG org.asynchttpclient.netty.request.NettyRequestSender - Using open Channel [id: 0x33005029, L:/127.0.0.1:49881 - R:localhost/127.0.0.1:60901] for POST '/session/65b348c69b96d99e4ea7e3797f9fe4c4/element/e5d30bfe-02c8-4362-95b7-b99c8def502e/clear'
07:48:10.801 [AsyncHttpClient-1-2] DEBUG org.asynchttpclient.netty.handler.HttpHandler - 

Request DefaultHttpRequest(decodeResult: success, version: HTTP/1.1)
POST /session/65b348c69b96d99e4ea7e3797f9fe4c4/element/e5d30bfe-02c8-4362-95b7-b99c8def502e/clear HTTP/1.1
User-Agent: selenium/4.1.2 (java mac)
Content-Length: 50
Content-Type: application/json; charset=utf-8
host: localhost:60901
accept: */*

Response DefaultHttpResponse(decodeResult: success, version: HTTP/1.1)
HTTP/1.1 200 OK
Content-Type: application/json; charset=utf-8
cache-control: no-cache
content-length: 14

07:48:10.801 [AsyncHttpClient-1-2] DEBUG org.asynchttpclient.netty.channel.ChannelManager - Adding key: http://localhost:60901 for channel [id: 0x33005029, L:/127.0.0.1:49881 - R:localhost/127.0.0.1:60901]
07:48:10.808 [Forwarding sendKeysToElement on session 65b348c69b96d99e4ea7e3797f9fe4c4 to remote] DEBUG org.asynchttpclient.netty.request.NettyRequestSender - Using pooled Channel '[id: 0x33005029, L:/127.0.0.1:49881 - R:localhost/127.0.0.1:60901]' for 'POST' to 'http://localhost:60901/session/65b348c69b96d99e4ea7e3797f9fe4c4/element/e5d30bfe-02c8-4362-95b7-b99c8def502e/value'
07:48:10.808 [Forwarding sendKeysToElement on session 65b348c69b96d99e4ea7e3797f9fe4c4 to remote] DEBUG org.asynchttpclient.netty.request.NettyRequestSender - Using open Channel [id: 0x33005029, L:/127.0.0.1:49881 - R:localhost/127.0.0.1:60901] for POST '/session/65b348c69b96d99e4ea7e3797f9fe4c4/element/e5d30bfe-02c8-4362-95b7-b99c8def502e/value'
07:48:10.808 [AsyncHttpClient-1-1] DEBUG org.asynchttpclient.netty.channel.DefaultChannelPool - Entry count for : http://localhost:49882 : 1
07:48:11.040 [AsyncHttpClient-1-2] DEBUG org.asynchttpclient.netty.handler.HttpHandler - 

Request DefaultHttpRequest(decodeResult: success, version: HTTP/1.1)
POST /session/65b348c69b96d99e4ea7e3797f9fe4c4/element/e5d30bfe-02c8-4362-95b7-b99c8def502e/value HTTP/1.1
User-Agent: selenium/4.1.2 (java mac)
Content-Length: 421
Content-Type: application/json; charset=utf-8
host: localhost:60901
accept: */*

Response DefaultHttpResponse(decodeResult: success, version: HTTP/1.1)
HTTP/1.1 200 OK
Content-Type: application/json; charset=utf-8
cache-control: no-cache
content-length: 14

07:48:11.040 [AsyncHttpClient-1-2] DEBUG org.asynchttpclient.netty.channel.ChannelManager - Adding key: http://localhost:60901 for channel [id: 0x33005029, L:/127.0.0.1:49881 - R:localhost/127.0.0.1:60901]
07:48:11.055 [Forwarding screenshot on session 65b348c69b96d99e4ea7e3797f9fe4c4 to remote] DEBUG org.asynchttpclient.netty.request.NettyRequestSender - Using pooled Channel '[id: 0x33005029, L:/127.0.0.1:49881 - R:localhost/127.0.0.1:60901]' for 'GET' to 'http://localhost:60901/session/65b348c69b96d99e4ea7e3797f9fe4c4/screenshot'
07:48:11.055 [Forwarding screenshot on session 65b348c69b96d99e4ea7e3797f9fe4c4 to remote] DEBUG org.asynchttpclient.netty.request.NettyRequestSender - Using open Channel [id: 0x33005029, L:/127.0.0.1:49881 - R:localhost/127.0.0.1:60901] for GET '/session/65b348c69b96d99e4ea7e3797f9fe4c4/screenshot'
07:48:11.180 [AsyncHttpClient-1-2] DEBUG org.asynchttpclient.netty.handler.HttpHandler - 

Request DefaultFullHttpRequest(decodeResult: success, version: HTTP/1.1, content: EmptyByteBufBE)
GET /session/65b348c69b96d99e4ea7e3797f9fe4c4/screenshot HTTP/1.1
User-Agent: selenium/4.1.2 (java mac)
Cache-Control: no-cache
Content-Type: application/json; charset=utf-8
host: localhost:60901
accept: */*

Response DefaultHttpResponse(decodeResult: success, version: HTTP/1.1)
HTTP/1.1 200 OK
Content-Type: application/json; charset=utf-8
cache-control: no-cache
content-length: 74804

07:48:11.181 [AsyncHttpClient-1-2] DEBUG org.asynchttpclient.netty.channel.ChannelManager - Adding key: http://localhost:60901 for channel [id: 0x33005029, L:/127.0.0.1:49881 - R:localhost/127.0.0.1:60901]
07:48:11.189 [main] DEBUG net.serenitybdd.core.photography.Darkroom - Send negative for processing for target/site/serenity/30b2e4506c8bfa11f58d5e8b1a9150cfa5d2ab2768dd2271ed7e9e62e9757c61.png
07:48:11.189 [Darkroom Processing Line] DEBUG net.serenitybdd.core.photography.DarkroomProcessingLine - Processing screenshot image in /var/screenshots/screenshot-875628373403542157
07:48:11.189 [Darkroom Processing Line] DEBUG net.serenitybdd.core.photography.DarkroomProcessingLine - Saving screenshot to target/site/serenity/30b2e4506c8bfa11f58d5e8b1a9150cfa5d2ab2768dd2271ed7e9e62e9757c61.png
07:48:11.189 [main] DEBUG net.thucydides.core.steps.StepInterceptor - STEP DONE: {0} enters #theTextAsAString into #target
07:48:11.196 [main] DEBUG net.thucydides.core.steps.StepInterceptor - STEP DONE: !#title
07:48:11.294 [Forwarding screenshot on session 65b348c69b96d99e4ea7e3797f9fe4c4 to remote] DEBUG org.asynchttpclient.netty.request.NettyRequestSender - Using pooled Channel '[id: 0x33005029, L:/127.0.0.1:49881 - R:localhost/127.0.0.1:60901]' for 'GET' to 'http://localhost:60901/session/65b348c69b96d99e4ea7e3797f9fe4c4/screenshot'
07:48:11.295 [Forwarding screenshot on session 65b348c69b96d99e4ea7e3797f9fe4c4 to remote] DEBUG org.asynchttpclient.netty.request.NettyRequestSender - Using open Channel [id: 0x33005029, L:/127.0.0.1:49881 - R:localhost/127.0.0.1:60901] for GET '/session/65b348c69b96d99e4ea7e3797f9fe4c4/screenshot'
07:48:11.414 [AsyncHttpClient-1-2] DEBUG org.asynchttpclient.netty.handler.HttpHandler - 

Request DefaultFullHttpRequest(decodeResult: success, version: HTTP/1.1, content: EmptyByteBufBE)
GET /session/65b348c69b96d99e4ea7e3797f9fe4c4/screenshot HTTP/1.1
User-Agent: selenium/4.1.2 (java mac)
Cache-Control: no-cache
Content-Type: application/json; charset=utf-8
host: localhost:60901
accept: */*

Response DefaultHttpResponse(decodeResult: success, version: HTTP/1.1)
HTTP/1.1 200 OK
Content-Type: application/json; charset=utf-8
cache-control: no-cache
content-length: 74804

07:48:11.415 [AsyncHttpClient-1-2] DEBUG org.asynchttpclient.netty.channel.ChannelManager - Adding key: http://localhost:60901 for channel [id: 0x33005029, L:/127.0.0.1:49881 - R:localhost/127.0.0.1:60901]
07:48:11.422 [main] DEBUG net.serenitybdd.core.photography.Darkroom - Send negative for processing for target/site/serenity/30b2e4506c8bfa11f58d5e8b1a9150cfa5d2ab2768dd2271ed7e9e62e9757c61.png
07:48:11.423 [main] DEBUG net.thucydides.core.steps.StepInterceptor - STARTING STEP: loginStepDef.inputField - !#title
07:48:11.431 [main] DEBUG net.thucydides.core.steps.StepInterceptor - STARTING STEP: loginStepDef.inputField - {0} enters #theTextAsAString into #target
07:48:11.432 [main] DEBUG net.serenitybdd.screenplay.targets.IFrameSwitcher - default content already selected for password field
07:48:11.438 [Forwarding findElement on session 65b348c69b96d99e4ea7e3797f9fe4c4 to remote] DEBUG org.asynchttpclient.netty.request.NettyRequestSender - Using pooled Channel '[id: 0x33005029, L:/127.0.0.1:49881 - R:localhost/127.0.0.1:60901]' for 'POST' to 'http://localhost:60901/session/65b348c69b96d99e4ea7e3797f9fe4c4/element'
07:48:11.438 [Forwarding findElement on session 65b348c69b96d99e4ea7e3797f9fe4c4 to remote] DEBUG org.asynchttpclient.netty.request.NettyRequestSender - Using open Channel [id: 0x33005029, L:/127.0.0.1:49881 - R:localhost/127.0.0.1:60901] for POST '/session/65b348c69b96d99e4ea7e3797f9fe4c4/element'
07:48:11.449 [AsyncHttpClient-1-2] DEBUG org.asynchttpclient.netty.handler.HttpHandler - 

Request DefaultHttpRequest(decodeResult: success, version: HTTP/1.1)
POST /session/65b348c69b96d99e4ea7e3797f9fe4c4/element HTTP/1.1
User-Agent: selenium/4.1.2 (java mac)
Content-Length: 49
Content-Type: application/json; charset=utf-8
host: localhost:60901
accept: */*

Response DefaultHttpResponse(decodeResult: success, version: HTTP/1.1)
HTTP/1.1 200 OK
Content-Type: application/json; charset=utf-8
cache-control: no-cache
content-length: 88

07:48:11.449 [AsyncHttpClient-1-2] DEBUG org.asynchttpclient.netty.channel.ChannelManager - Adding key: http://localhost:60901 for channel [id: 0x33005029, L:/127.0.0.1:49881 - R:localhost/127.0.0.1:60901]
07:48:11.452 [Forwarding clearElement on session 65b348c69b96d99e4ea7e3797f9fe4c4 to remote] DEBUG org.asynchttpclient.netty.request.NettyRequestSender - Using pooled Channel '[id: 0x33005029, L:/127.0.0.1:49881 - R:localhost/127.0.0.1:60901]' for 'POST' to 'http://localhost:60901/session/65b348c69b96d99e4ea7e3797f9fe4c4/element/ef5b459a-ba12-4174-bfaf-3448d4a4c8f3/clear'
07:48:11.452 [Forwarding clearElement on session 65b348c69b96d99e4ea7e3797f9fe4c4 to remote] DEBUG org.asynchttpclient.netty.request.NettyRequestSender - Using open Channel [id: 0x33005029, L:/127.0.0.1:49881 - R:localhost/127.0.0.1:60901] for POST '/session/65b348c69b96d99e4ea7e3797f9fe4c4/element/ef5b459a-ba12-4174-bfaf-3448d4a4c8f3/clear'
07:48:11.486 [AsyncHttpClient-1-2] DEBUG org.asynchttpclient.netty.handler.HttpHandler - 

Request DefaultHttpRequest(decodeResult: success, version: HTTP/1.1)
POST /session/65b348c69b96d99e4ea7e3797f9fe4c4/element/ef5b459a-ba12-4174-bfaf-3448d4a4c8f3/clear HTTP/1.1
User-Agent: selenium/4.1.2 (java mac)
Content-Length: 50
Content-Type: application/json; charset=utf-8
host: localhost:60901
accept: */*

Response DefaultHttpResponse(decodeResult: success, version: HTTP/1.1)
HTTP/1.1 200 OK
Content-Type: application/json; charset=utf-8
cache-control: no-cache
content-length: 14

07:48:11.486 [AsyncHttpClient-1-2] DEBUG org.asynchttpclient.netty.channel.ChannelManager - Adding key: http://localhost:60901 for channel [id: 0x33005029, L:/127.0.0.1:49881 - R:localhost/127.0.0.1:60901]
07:48:11.490 [Forwarding sendKeysToElement on session 65b348c69b96d99e4ea7e3797f9fe4c4 to remote] DEBUG org.asynchttpclient.netty.request.NettyRequestSender - Using pooled Channel '[id: 0x33005029, L:/127.0.0.1:49881 - R:localhost/127.0.0.1:60901]' for 'POST' to 'http://localhost:60901/session/65b348c69b96d99e4ea7e3797f9fe4c4/element/ef5b459a-ba12-4174-bfaf-3448d4a4c8f3/value'
07:48:11.490 [Forwarding sendKeysToElement on session 65b348c69b96d99e4ea7e3797f9fe4c4 to remote] DEBUG org.asynchttpclient.netty.request.NettyRequestSender - Using open Channel [id: 0x33005029, L:/127.0.0.1:49881 - R:localhost/127.0.0.1:60901] for POST '/session/65b348c69b96d99e4ea7e3797f9fe4c4/element/ef5b459a-ba12-4174-bfaf-3448d4a4c8f3/value'
07:48:11.600 [AsyncHttpClient-1-2] DEBUG org.asynchttpclient.netty.handler.HttpHandler - 

Request DefaultHttpRequest(decodeResult: success, version: HTTP/1.1)
POST /session/65b348c69b96d99e4ea7e3797f9fe4c4/element/ef5b459a-ba12-4174-bfaf-3448d4a4c8f3/value HTTP/1.1
User-Agent: selenium/4.1.2 (java mac)
Content-Length: 211
Content-Type: application/json; charset=utf-8
host: localhost:60901
accept: */*

Response DefaultHttpResponse(decodeResult: success, version: HTTP/1.1)
HTTP/1.1 200 OK
Content-Type: application/json; charset=utf-8
cache-control: no-cache
content-length: 14

07:48:11.601 [AsyncHttpClient-1-2] DEBUG org.asynchttpclient.netty.channel.ChannelManager - Adding key: http://localhost:60901 for channel [id: 0x33005029, L:/127.0.0.1:49881 - R:localhost/127.0.0.1:60901]
07:48:11.611 [Forwarding screenshot on session 65b348c69b96d99e4ea7e3797f9fe4c4 to remote] DEBUG org.asynchttpclient.netty.request.NettyRequestSender - Using pooled Channel '[id: 0x33005029, L:/127.0.0.1:49881 - R:localhost/127.0.0.1:60901]' for 'GET' to 'http://localhost:60901/session/65b348c69b96d99e4ea7e3797f9fe4c4/screenshot'
07:48:11.612 [Forwarding screenshot on session 65b348c69b96d99e4ea7e3797f9fe4c4 to remote] DEBUG org.asynchttpclient.netty.request.NettyRequestSender - Using open Channel [id: 0x33005029, L:/127.0.0.1:49881 - R:localhost/127.0.0.1:60901] for GET '/session/65b348c69b96d99e4ea7e3797f9fe4c4/screenshot'
07:48:11.724 [AsyncHttpClient-1-2] DEBUG org.asynchttpclient.netty.handler.HttpHandler - 

Request DefaultFullHttpRequest(decodeResult: success, version: HTTP/1.1, content: EmptyByteBufBE)
GET /session/65b348c69b96d99e4ea7e3797f9fe4c4/screenshot HTTP/1.1
User-Agent: selenium/4.1.2 (java mac)
Cache-Control: no-cache
Content-Type: application/json; charset=utf-8
host: localhost:60901
accept: */*

Response DefaultHttpResponse(decodeResult: success, version: HTTP/1.1)
HTTP/1.1 200 OK
Content-Type: application/json; charset=utf-8
cache-control: no-cache
content-length: 73612

07:48:11.725 [AsyncHttpClient-1-2] DEBUG org.asynchttpclient.netty.channel.ChannelManager - Adding key: http://localhost:60901 for channel [id: 0x33005029, L:/127.0.0.1:49881 - R:localhost/127.0.0.1:60901]
07:48:11.734 [main] DEBUG net.serenitybdd.core.photography.Darkroom - Send negative for processing for target/site/serenity/39dbd868e2814bc83ee143475a8f0cc362f4680df1b08a4da0a62d40e8adf0f2.png
07:48:11.734 [Darkroom Processing Line] DEBUG net.serenitybdd.core.photography.DarkroomProcessingLine - Processing screenshot image in /var/screenshots/screenshot-5923775450687510698
07:48:11.734 [main] DEBUG net.thucydides.core.steps.StepInterceptor - STEP DONE: {0} enters #theTextAsAString into #target
07:48:11.734 [Darkroom Processing Line] DEBUG net.serenitybdd.core.photography.DarkroomProcessingLine - Saving screenshot to target/site/serenity/39dbd868e2814bc83ee143475a8f0cc362f4680df1b08a4da0a62d40e8adf0f2.png
07:48:11.740 [main] DEBUG net.thucydides.core.steps.StepInterceptor - STEP DONE: !#title
  &amp#27;[32mWhen &amp#27;[0m&amp#27;[32m&amp#27;[0m&amp#27;[32m&amp#27;[1mI&amp#27;[0m&amp#27;[32m input email and password&amp#27;[0m      &amp#27;[90m# fb.stepdefinitions.loginStepDef.inputField(net.serenitybdd.screenplay.Actor)&amp#27;[0m
07:48:11.814 [Forwarding screenshot on session 65b348c69b96d99e4ea7e3797f9fe4c4 to remote] DEBUG org.asynchttpclient.netty.request.NettyRequestSender - Using pooled Channel '[id: 0x33005029, L:/127.0.0.1:49881 - R:localhost/127.0.0.1:60901]' for 'GET' to 'http://localhost:60901/session/65b348c69b96d99e4ea7e3797f9fe4c4/screenshot'
07:48:11.814 [Forwarding screenshot on session 65b348c69b96d99e4ea7e3797f9fe4c4 to remote] DEBUG org.asynchttpclient.netty.request.NettyRequestSender - Using open Channel [id: 0x33005029, L:/127.0.0.1:49881 - R:localhost/127.0.0.1:60901] for GET '/session/65b348c69b96d99e4ea7e3797f9fe4c4/screenshot'
07:48:11.910 [AsyncHttpClient-1-1] DEBUG org.asynchttpclient.netty.channel.DefaultChannelPool - Entry count for : http://localhost:49882 : 1
07:48:11.924 [AsyncHttpClient-1-2] DEBUG org.asynchttpclient.netty.handler.HttpHandler - 

Request DefaultFullHttpRequest(decodeResult: success, version: HTTP/1.1, content: EmptyByteBufBE)
GET /session/65b348c69b96d99e4ea7e3797f9fe4c4/screenshot HTTP/1.1
User-Agent: selenium/4.1.2 (java mac)
Cache-Control: no-cache
Content-Type: application/json; charset=utf-8
host: localhost:60901
accept: */*

Response DefaultHttpResponse(decodeResult: success, version: HTTP/1.1)
HTTP/1.1 200 OK
Content-Type: application/json; charset=utf-8
cache-control: no-cache
content-length: 73612

07:48:11.925 [AsyncHttpClient-1-2] DEBUG org.asynchttpclient.netty.channel.ChannelManager - Adding key: http://localhost:60901 for channel [id: 0x33005029, L:/127.0.0.1:49881 - R:localhost/127.0.0.1:60901]
07:48:11.931 [main] DEBUG net.serenitybdd.core.photography.Darkroom - Send negative for processing for target/site/serenity/39dbd868e2814bc83ee143475a8f0cc362f4680df1b08a4da0a62d40e8adf0f2.png
07:48:11.932 [main] DEBUG net.thucydides.core.steps.StepInterceptor - STARTING STEP: loginStepDef.clickButton - !#title
07:48:11.940 [main] DEBUG net.thucydides.core.steps.StepInterceptor - STARTING STEP: loginStepDef.clickButton - {0} clicks on #target
07:48:11.940 [main] DEBUG net.serenitybdd.screenplay.targets.IFrameSwitcher - default content already selected for login button
07:48:11.949 [Forwarding findElement on session 65b348c69b96d99e4ea7e3797f9fe4c4 to remote] DEBUG org.asynchttpclient.netty.request.NettyRequestSender - Using pooled Channel '[id: 0x33005029, L:/127.0.0.1:49881 - R:localhost/127.0.0.1:60901]' for 'POST' to 'http://localhost:60901/session/65b348c69b96d99e4ea7e3797f9fe4c4/element'
07:48:11.949 [Forwarding findElement on session 65b348c69b96d99e4ea7e3797f9fe4c4 to remote] DEBUG org.asynchttpclient.netty.request.NettyRequestSender - Using open Channel [id: 0x33005029, L:/127.0.0.1:49881 - R:localhost/127.0.0.1:60901] for POST '/session/65b348c69b96d99e4ea7e3797f9fe4c4/element'
07:48:11.964 [AsyncHttpClient-1-2] DEBUG org.asynchttpclient.netty.handler.HttpHandler - 

Request DefaultHttpRequest(decodeResult: success, version: HTTP/1.1)
POST /session/65b348c69b96d99e4ea7e3797f9fe4c4/element HTTP/1.1
User-Agent: selenium/4.1.2 (java mac)
Content-Length: 56
Content-Type: application/json; charset=utf-8
host: localhost:60901
accept: */*

Response DefaultHttpResponse(decodeResult: success, version: HTTP/1.1)
HTTP/1.1 200 OK
Content-Type: application/json; charset=utf-8
cache-control: no-cache
content-length: 88

07:48:11.965 [AsyncHttpClient-1-2] DEBUG org.asynchttpclient.netty.channel.ChannelManager - Adding key: http://localhost:60901 for channel [id: 0x33005029, L:/127.0.0.1:49881 - R:localhost/127.0.0.1:60901]
07:48:12.010 [Forwarding isElementDisplayed on session 65b348c69b96d99e4ea7e3797f9fe4c4 to remote] DEBUG org.asynchttpclient.netty.request.NettyRequestSender - Using pooled Channel '[id: 0x33005029, L:/127.0.0.1:49881 - R:localhost/127.0.0.1:60901]' for 'POST' to 'http://localhost:60901/session/65b348c69b96d99e4ea7e3797f9fe4c4/execute/sync'
07:48:12.010 [Forwarding isElementDisplayed on session 65b348c69b96d99e4ea7e3797f9fe4c4 to remote] DEBUG org.asynchttpclient.netty.request.NettyRequestSender - Using open Channel [id: 0x33005029, L:/127.0.0.1:49881 - R:localhost/127.0.0.1:60901] for POST '/session/65b348c69b96d99e4ea7e3797f9fe4c4/execute/sync'
07:48:12.030 [AsyncHttpClient-1-2] DEBUG org.asynchttpclient.netty.handler.HttpHandler - 

Request DefaultHttpRequest(decodeResult: success, version: HTTP/1.1)
POST /session/65b348c69b96d99e4ea7e3797f9fe4c4/execute/sync HTTP/1.1
User-Agent: selenium/4.1.2 (java mac)
Content-Length: 48780
Content-Type: application/json; charset=utf-8
host: localhost:60901
accept: */*

Response DefaultHttpResponse(decodeResult: success, version: HTTP/1.1)
HTTP/1.1 200 OK
Content-Type: application/json; charset=utf-8
cache-control: no-cache
content-length: 14

07:48:12.030 [AsyncHttpClient-1-2] DEBUG org.asynchttpclient.netty.channel.ChannelManager - Adding key: http://localhost:60901 for channel [id: 0x33005029, L:/127.0.0.1:49881 - R:localhost/127.0.0.1:60901]
07:48:12.034 [Forwarding findElement on session 65b348c69b96d99e4ea7e3797f9fe4c4 to remote] DEBUG org.asynchttpclient.netty.request.NettyRequestSender - Using pooled Channel '[id: 0x33005029, L:/127.0.0.1:49881 - R:localhost/127.0.0.1:60901]' for 'POST' to 'http://localhost:60901/session/65b348c69b96d99e4ea7e3797f9fe4c4/element'
07:48:12.034 [Forwarding findElement on session 65b348c69b96d99e4ea7e3797f9fe4c4 to remote] DEBUG org.asynchttpclient.netty.request.NettyRequestSender - Using open Channel [id: 0x33005029, L:/127.0.0.1:49881 - R:localhost/127.0.0.1:60901] for POST '/session/65b348c69b96d99e4ea7e3797f9fe4c4/element'
07:48:12.062 [AsyncHttpClient-1-2] DEBUG org.asynchttpclient.netty.handler.HttpHandler - 

Request DefaultHttpRequest(decodeResult: success, version: HTTP/1.1)
POST /session/65b348c69b96d99e4ea7e3797f9fe4c4/element HTTP/1.1
User-Agent: selenium/4.1.2 (java mac)
Content-Length: 56
Content-Type: application/json; charset=utf-8
host: localhost:60901
accept: */*

Response DefaultHttpResponse(decodeResult: success, version: HTTP/1.1)
HTTP/1.1 200 OK
Content-Type: application/json; charset=utf-8
cache-control: no-cache
content-length: 88

07:48:12.063 [AsyncHttpClient-1-2] DEBUG org.asynchttpclient.netty.channel.ChannelManager - Adding key: http://localhost:60901 for channel [id: 0x33005029, L:/127.0.0.1:49881 - R:localhost/127.0.0.1:60901]
07:48:12.071 [Forwarding clickElement on session 65b348c69b96d99e4ea7e3797f9fe4c4 to remote] DEBUG org.asynchttpclient.netty.request.NettyRequestSender - Using pooled Channel '[id: 0x33005029, L:/127.0.0.1:49881 - R:localhost/127.0.0.1:60901]' for 'POST' to 'http://localhost:60901/session/65b348c69b96d99e4ea7e3797f9fe4c4/element/80ace80d-9a32-4e56-b63e-239f35f556d4/click'
07:48:12.072 [Forwarding clickElement on session 65b348c69b96d99e4ea7e3797f9fe4c4 to remote] DEBUG org.asynchttpclient.netty.request.NettyRequestSender - Using open Channel [id: 0x33005029, L:/127.0.0.1:49881 - R:localhost/127.0.0.1:60901] for POST '/session/65b348c69b96d99e4ea7e3797f9fe4c4/element/80ace80d-9a32-4e56-b63e-239f35f556d4/click'
07:48:12.293 [AsyncHttpClient-1-2] DEBUG org.asynchttpclient.netty.handler.HttpHandler - 

Request DefaultHttpRequest(decodeResult: success, version: HTTP/1.1)
POST /session/65b348c69b96d99e4ea7e3797f9fe4c4/element/80ace80d-9a32-4e56-b63e-239f35f556d4/click HTTP/1.1
User-Agent: selenium/4.1.2 (java mac)
Content-Length: 50
Content-Type: application/json; charset=utf-8
host: localhost:60901
accept: */*

Response DefaultHttpResponse(decodeResult: success, version: HTTP/1.1)
HTTP/1.1 200 OK
Content-Type: application/json; charset=utf-8
cache-control: no-cache
content-length: 14

07:48:12.294 [AsyncHttpClient-1-2] DEBUG org.asynchttpclient.netty.channel.ChannelManager - Adding key: http://localhost:60901 for channel [id: 0x33005029, L:/127.0.0.1:49881 - R:localhost/127.0.0.1:60901]
07:48:12.322 [Forwarding screenshot on session 65b348c69b96d99e4ea7e3797f9fe4c4 to remote] DEBUG org.asynchttpclient.netty.request.NettyRequestSender - Using pooled Channel '[id: 0x33005029, L:/127.0.0.1:49881 - R:localhost/127.0.0.1:60901]' for 'GET' to 'http://localhost:60901/session/65b348c69b96d99e4ea7e3797f9fe4c4/screenshot'
07:48:12.322 [Forwarding screenshot on session 65b348c69b96d99e4ea7e3797f9fe4c4 to remote] DEBUG org.asynchttpclient.netty.request.NettyRequestSender - Using open Channel [id: 0x33005029, L:/127.0.0.1:49881 - R:localhost/127.0.0.1:60901] for GET '/session/65b348c69b96d99e4ea7e3797f9fe4c4/screenshot'
07:48:13.005 [AsyncHttpClient-1-1] DEBUG org.asynchttpclient.netty.channel.DefaultChannelPool - Entry count for : http://localhost:49882 : 1
07:48:14.109 [AsyncHttpClient-1-1] DEBUG org.asynchttpclient.netty.channel.DefaultChannelPool - Entry count for : http://localhost:49882 : 1
07:48:15.207 [AsyncHttpClient-1-1] DEBUG org.asynchttpclient.netty.channel.DefaultChannelPool - Entry count for : http://localhost:49882 : 1
07:48:16.309 [AsyncHttpClient-1-1] DEBUG org.asynchttpclient.netty.channel.DefaultChannelPool - Entry count for : http://localhost:49882 : 1
07:48:17.095 [AsyncHttpClient-1-2] DEBUG org.asynchttpclient.netty.handler.HttpHandler - 

Request DefaultFullHttpRequest(decodeResult: success, version: HTTP/1.1, content: EmptyByteBufBE)
GET /session/65b348c69b96d99e4ea7e3797f9fe4c4/screenshot HTTP/1.1
User-Agent: selenium/4.1.2 (java mac)
Cache-Control: no-cache
Content-Type: application/json; charset=utf-8
host: localhost:60901
accept: */*

Response DefaultHttpResponse(decodeResult: success, version: HTTP/1.1)
HTTP/1.1 200 OK
Content-Type: application/json; charset=utf-8
cache-control: no-cache
content-length: 73724

07:48:17.097 [AsyncHttpClient-1-2] DEBUG org.asynchttpclient.netty.channel.ChannelManager - Adding key: http://localhost:60901 for channel [id: 0x33005029, L:/127.0.0.1:49881 - R:localhost/127.0.0.1:60901]
07:48:17.108 [main] DEBUG net.serenitybdd.core.photography.Darkroom - Send negative for processing for target/site/serenity/f8ee97a557a3f92fb0f07a290a91f0f6bcbb3ac3503179f7ff9716b3629025b6.png
07:48:17.108 [main] DEBUG net.thucydides.core.steps.StepInterceptor - STEP DONE: {0} clicks on #target
07:48:17.108 [Darkroom Processing Line] DEBUG net.serenitybdd.core.photography.DarkroomProcessingLine - Processing screenshot image in /var/screenshots/screenshot-2068148892340981091
07:48:17.108 [Darkroom Processing Line] DEBUG net.serenitybdd.core.photography.DarkroomProcessingLine - Saving screenshot to target/site/serenity/f8ee97a557a3f92fb0f07a290a91f0f6bcbb3ac3503179f7ff9716b3629025b6.png
07:48:17.114 [main] DEBUG net.thucydides.core.steps.StepInterceptor - STEP DONE: !#title
  &amp#27;[32mAnd &amp#27;[0m&amp#27;[32m&amp#27;[0m&amp#27;[32m&amp#27;[1mI&amp#27;[0m&amp#27;[32m click button login&amp#27;[0m             &amp#27;[90m# fb.stepdefinitions.loginStepDef.clickButton(net.serenitybdd.screenplay.Actor)&amp#27;[0m
07:48:17.408 [AsyncHttpClient-1-1] DEBUG org.asynchttpclient.netty.channel.DefaultChannelPool - Entry count for : http://localhost:49882 : 1
07:48:17.408 [AsyncHttpClient-1-1] DEBUG org.asynchttpclient.netty.channel.DefaultChannelPool - Entry count for : http://localhost:60901 : 1
07:48:17.528 [Forwarding screenshot on session 65b348c69b96d99e4ea7e3797f9fe4c4 to remote] DEBUG org.asynchttpclient.netty.request.NettyRequestSender - Using pooled Channel '[id: 0x33005029, L:/127.0.0.1:49881 - R:localhost/127.0.0.1:60901]' for 'GET' to 'http://localhost:60901/session/65b348c69b96d99e4ea7e3797f9fe4c4/screenshot'
07:48:17.529 [Forwarding screenshot on session 65b348c69b96d99e4ea7e3797f9fe4c4 to remote] DEBUG org.asynchttpclient.netty.request.NettyRequestSender - Using open Channel [id: 0x33005029, L:/127.0.0.1:49881 - R:localhost/127.0.0.1:60901] for GET '/session/65b348c69b96d99e4ea7e3797f9fe4c4/screenshot'
07:48:17.641 [AsyncHttpClient-1-2] DEBUG org.asynchttpclient.netty.handler.HttpHandler - 

Request DefaultFullHttpRequest(decodeResult: success, version: HTTP/1.1, content: EmptyByteBufBE)
GET /session/65b348c69b96d99e4ea7e3797f9fe4c4/screenshot HTTP/1.1
User-Agent: selenium/4.1.2 (java mac)
Cache-Control: no-cache
Content-Type: application/json; charset=utf-8
host: localhost:60901
accept: */*

Response DefaultHttpResponse(decodeResult: success, version: HTTP/1.1)
HTTP/1.1 200 OK
Content-Type: application/json; charset=utf-8
cache-control: no-cache
content-length: 89448

07:48:17.642 [AsyncHttpClient-1-2] DEBUG org.asynchttpclient.netty.channel.ChannelManager - Adding key: http://localhost:60901 for channel [id: 0x33005029, L:/127.0.0.1:49881 - R:localhost/127.0.0.1:60901]
07:48:17.647 [main] DEBUG net.serenitybdd.core.photography.Darkroom - Send negative for processing for target/site/serenity/5d6f15fa51fd8163deb58560132c0f94ba784827ea57d8260c4789eb42626180.png
07:48:17.648 [Darkroom Processing Line] DEBUG net.serenitybdd.core.photography.DarkroomProcessingLine - Processing screenshot image in /var/screenshots/screenshot-574110391939533694
07:48:17.648 [Darkroom Processing Line] DEBUG net.serenitybdd.core.photography.DarkroomProcessingLine - Saving screenshot to target/site/serenity/5d6f15fa51fd8163deb58560132c0f94ba784827ea57d8260c4789eb42626180.png
07:48:17.653 [main] DEBUG net.serenitybdd.screenplay.targets.IFrameSwitcher - default content already selected for list of menu
[...]
07:48:18.268 [Forwarding getElementText on session 65b348c69b96d99e4ea7e3797f9fe4c4 to remote] DEBUG org.asynchttpclient.netty.request.NettyRequestSender - Using open Channel [id: 0x33005029, L:/127.0.0.1:49881 - R:localhost/127.0.0.1:60901] for GET '/session/65b348c69b96d99e4ea7e3797f9fe4c4/element/fa823d41-f175-4e65-9fc8-d884d9c579b3/text'
07:48:18.286 [AsyncHttpClient-1-2] DEBUG org.asynchttpclient.netty.handler.HttpHandler - 

Request DefaultFullHttpRequest(decodeResult: success, version: HTTP/1.1, content: EmptyByteBufBE)
GET /session/65b348c69b96d99e4ea7e3797f9fe4c4/element/fa823d41-f175-4e65-9fc8-d884d9c579b3/text HTTP/1.1
User-Agent: selenium/4.1.2 (java mac)
Cache-Control: no-cache
Content-Type: application/json; charset=utf-8
host: localhost:60901
accept: */*

Response DefaultHttpResponse(decodeResult: success, version: HTTP/1.1)
HTTP/1.1 200 OK
Content-Type: application/json; charset=utf-8
cache-control: no-cache
content-length: 28

07:48:18.287 [AsyncHttpClient-1-2] DEBUG org.asynchttpclient.netty.channel.ChannelManager - Adding key: http://localhost:60901 for channel [id: 0x33005029, L:/127.0.0.1:49881 - R:localhost/127.0.0.1:60901]
07:48:18.289 [Forwarding getElementText on session 65b348c69b96d99e4ea7e3797f9fe4c4 to remote] DEBUG org.asynchttpclient.netty.request.NettyRequestSender - Using pooled Channel '[id: 0x33005029, L:/127.0.0.1:49881 - R:localhost/127.0.0.1:60901]' for 'GET' to 'http://localhost:60901/session/65b348c69b96d99e4ea7e3797f9fe4c4/element/ba6f17bc-2dc6-4c4b-8d35-fdacf4d7b343/text'
07:48:18.289 [Forwarding getElementText on session 65b348c69b96d99e4ea7e3797f9fe4c4 to remote] DEBUG org.asynchttpclient.netty.request.NettyRequestSender - Using open Channel [id: 0x33005029, L:/127.0.0.1:49881 - R:localhost/127.0.0.1:60901] for GET '/session/65b348c69b96d99e4ea7e3797f9fe4c4/element/ba6f17bc-2dc6-4c4b-8d35-fdacf4d7b343/text'
07:48:18.309 [AsyncHttpClient-1-2] DEBUG org.asynchttpclient.netty.handler.HttpHandler - 

Request DefaultFullHttpRequest(decodeResult: success, version: HTTP/1.1, content: EmptyByteBufBE)
GET /session/65b348c69b96d99e4ea7e3797f9fe4c4/element/ba6f17bc-2dc6-4c4b-8d35-fdacf4d7b343/text HTTP/1.1
User-Agent: selenium/4.1.2 (java mac)
Cache-Control: no-cache
Content-Type: application/json; charset=utf-8
host: localhost:60901
accept: */*

Response DefaultHttpResponse(decodeResult: success, version: HTTP/1.1)
HTTP/1.1 200 OK
Content-Type: application/json; charset=utf-8
cache-control: no-cache
content-length: 28

07:48:18.310 [AsyncHttpClient-1-2] DEBUG org.asynchttpclient.netty.channel.ChannelManager - Adding key: http://localhost:60901 for channel [id: 0x33005029, L:/127.0.0.1:49881 - R:localhost/127.0.0.1:60901]
07:48:18.312 [Forwarding getElementText on session 65b348c69b96d99e4ea7e3797f9fe4c4 to remote] DEBUG org.asynchttpclient.netty.request.NettyRequestSender - Using pooled Channel '[id: 0x33005029, L:/127.0.0.1:49881 - R:localhost/127.0.0.1:60901]' for 'GET' to 'http://localhost:60901/session/65b348c69b96d99e4ea7e3797f9fe4c4/element/afb99845-fe54-4609-952b-37e64c364df9/text'
07:48:18.312 [Forwarding getElementText on session 65b348c69b96d99e4ea7e3797f9fe4c4 to remote] DEBUG org.asynchttpclient.netty.request.NettyRequestSender - Using open Channel [id: 0x33005029, L:/127.0.0.1:49881 - R:localhost/127.0.0.1:60901] for GET '/session/65b348c69b96d99e4ea7e3797f9fe4c4/element/afb99845-fe54-4609-952b-37e64c364df9/text'
07:48:18.327 [AsyncHttpClient-1-2] DEBUG org.asynchttpclient.netty.handler.HttpHandler - 

Request DefaultFullHttpRequest(decodeResult: success, version: HTTP/1.1, content: EmptyByteBufBE)
GET /session/65b348c69b96d99e4ea7e3797f9fe4c4/element/afb99845-fe54-4609-952b-37e64c364df9/text HTTP/1.1
User-Agent: selenium/4.1.2 (java mac)
Cache-Control: no-cache
Content-Type: application/json; charset=utf-8
host: localhost:60901
accept: */*

Response DefaultHttpResponse(decodeResult: success, version: HTTP/1.1)
HTTP/1.1 200 OK
Content-Type: application/json; charset=utf-8
cache-control: no-cache
content-length: 28

07:48:18.327 [AsyncHttpClient-1-2] DEBUG org.asynchttpclient.netty.channel.ChannelManager - Adding key: http://localhost:60901 for channel [id: 0x33005029, L:/127.0.0.1:49881 - R:localhost/127.0.0.1:60901]
07:48:18.341 [Forwarding screenshot on session 65b348c69b96d99e4ea7e3797f9fe4c4 to remote] DEBUG org.asynchttpclient.netty.request.NettyRequestSender - Using pooled Channel '[id: 0x33005029, L:/127.0.0.1:49881 - R:localhost/127.0.0.1:60901]' for 'GET' to 'http://localhost:60901/session/65b348c69b96d99e4ea7e3797f9fe4c4/screenshot'
07:48:18.341 [Forwarding screenshot on session 65b348c69b96d99e4ea7e3797f9fe4c4 to remote] DEBUG org.asynchttpclient.netty.request.NettyRequestSender - Using open Channel [id: 0x33005029, L:/127.0.0.1:49881 - R:localhost/127.0.0.1:60901] for GET '/session/65b348c69b96d99e4ea7e3797f9fe4c4/screenshot'
07:48:18.459 [AsyncHttpClient-1-2] DEBUG org.asynchttpclient.netty.handler.HttpHandler - 

Request DefaultFullHttpRequest(decodeResult: success, version: HTTP/1.1, content: EmptyByteBufBE)
GET /session/65b348c69b96d99e4ea7e3797f9fe4c4/screenshot HTTP/1.1
User-Agent: selenium/4.1.2 (java mac)
Cache-Control: no-cache
Content-Type: application/json; charset=utf-8
host: localhost:60901
accept: */*

Response DefaultHttpResponse(decodeResult: success, version: HTTP/1.1)
HTTP/1.1 200 OK
Content-Type: application/json; charset=utf-8
cache-control: no-cache
content-length: 89448

07:48:18.460 [AsyncHttpClient-1-2] DEBUG org.asynchttpclient.netty.channel.ChannelManager - Adding key: http://localhost:60901 for channel [id: 0x33005029, L:/127.0.0.1:49881 - R:localhost/127.0.0.1:60901]
07:48:18.466 [main] DEBUG net.serenitybdd.core.photography.Darkroom - Send negative for processing for target/site/serenity/5d6f15fa51fd8163deb58560132c0f94ba784827ea57d8260c4789eb42626180.png
  &amp#27;[32mThen &amp#27;[0m&amp#27;[32m&amp#27;[0m&amp#27;[32m&amp#27;[1mI&amp#27;[0m&amp#27;[32m can't see my news feed&amp#27;[0m        &amp#27;[90m# fb.stepdefinitions.checkPointStepDef.validateNewsFeed(net.serenitybdd.screenplay.Actor)&amp#27;[0m
07:48:18.483 [main] DEBUG net.serenitybdd.screenplay.targets.IFrameSwitcher - default content already selected for banned account
07:48:18.485 [Forwarding findElements on session 65b348c69b96d99e4ea7e3797f9fe4c4 to remote] DEBUG org.asynchttpclient.netty.request.NettyRequestSender - Using pooled Channel '[id: 0x33005029, L:/127.0.0.1:49881 - R:localhost/127.0.0.1:60901]' for 'POST' to 'http://localhost:60901/session/65b348c69b96d99e4ea7e3797f9fe4c4/elements'
07:48:18.485 [Forwarding findElements on session 65b348c69b96d99e4ea7e3797f9fe4c4 to remote] DEBUG org.asynchttpclient.netty.request.NettyRequestSender - Using open Channel [id: 0x33005029, L:/127.0.0.1:49881 - R:localhost/127.0.0.1:60901] for POST '/session/65b348c69b96d99e4ea7e3797f9fe4c4/elements'
07:48:18.496 [AsyncHttpClient-1-2] DEBUG org.asynchttpclient.netty.handler.HttpHandler - 

Request DefaultHttpRequest(decodeResult: success, version: HTTP/1.1)
POST /session/65b348c69b96d99e4ea7e3797f9fe4c4/elements HTTP/1.1
User-Agent: selenium/4.1.2 (java mac)
Content-Length: 94
Content-Type: application/json; charset=utf-8
host: localhost:60901
accept: */*

Response DefaultHttpResponse(decodeResult: success, version: HTTP/1.1)
HTTP/1.1 200 OK
Content-Type: application/json; charset=utf-8
cache-control: no-cache
content-length: 90

07:48:18.496 [AsyncHttpClient-1-2] DEBUG org.asynchttpclient.netty.channel.ChannelManager - Adding key: http://localhost:60901 for channel [id: 0x33005029, L:/127.0.0.1:49881 - R:localhost/127.0.0.1:60901]
07:48:18.499 [Forwarding getElementText on session 65b348c69b96d99e4ea7e3797f9fe4c4 to remote] DEBUG org.asynchttpclient.netty.request.NettyRequestSender - Using pooled Channel '[id: 0x33005029, L:/127.0.0.1:49881 - R:localhost/127.0.0.1:60901]' for 'GET' to 'http://localhost:60901/session/65b348c69b96d99e4ea7e3797f9fe4c4/element/a2ae0d43-c49c-4964-b6a2-86b68d37efe4/text'
07:48:18.499 [Forwarding getElementText on session 65b348c69b96d99e4ea7e3797f9fe4c4 to remote] DEBUG org.asynchttpclient.netty.request.NettyRequestSender - Using open Channel [id: 0x33005029, L:/127.0.0.1:49881 - R:localhost/127.0.0.1:60901] for GET '/session/65b348c69b96d99e4ea7e3797f9fe4c4/element/a2ae0d43-c49c-4964-b6a2-86b68d37efe4/text'
07:48:18.507 [AsyncHttpClient-1-1] DEBUG org.asynchttpclient.netty.channel.DefaultChannelPool - Entry count for : http://localhost:49882 : 1
07:48:18.513 [AsyncHttpClient-1-2] DEBUG org.asynchttpclient.netty.handler.HttpHandler - 

Request DefaultFullHttpRequest(decodeResult: success, version: HTTP/1.1, content: EmptyByteBufBE)
GET /session/65b348c69b96d99e4ea7e3797f9fe4c4/element/a2ae0d43-c49c-4964-b6a2-86b68d37efe4/text HTTP/1.1
User-Agent: selenium/4.1.2 (java mac)
Cache-Control: no-cache
Content-Type: application/json; charset=utf-8
host: localhost:60901
accept: */*

Response DefaultHttpResponse(decodeResult: success, version: HTTP/1.1)
HTTP/1.1 200 OK
Content-Type: application/json; charset=utf-8
cache-control: no-cache
content-length: 42

07:48:18.514 [AsyncHttpClient-1-2] DEBUG org.asynchttpclient.netty.channel.ChannelManager - Adding key: http://localhost:60901 for channel [id: 0x33005029, L:/127.0.0.1:49881 - R:localhost/127.0.0.1:60901]
07:48:18.522 [Forwarding screenshot on session 65b348c69b96d99e4ea7e3797f9fe4c4 to remote] DEBUG org.asynchttpclient.netty.request.NettyRequestSender - Using pooled Channel '[id: 0x33005029, L:/127.0.0.1:49881 - R:localhost/127.0.0.1:60901]' for 'GET' to 'http://localhost:60901/session/65b348c69b96d99e4ea7e3797f9fe4c4/screenshot'
07:48:18.522 [Forwarding screenshot on session 65b348c69b96d99e4ea7e3797f9fe4c4 to remote] DEBUG org.asynchttpclient.netty.request.NettyRequestSender - Using open Channel [id: 0x33005029, L:/127.0.0.1:49881 - R:localhost/127.0.0.1:60901] for GET '/session/65b348c69b96d99e4ea7e3797f9fe4c4/screenshot'
07:48:18.809 [AsyncHttpClient-1-2] DEBUG org.asynchttpclient.netty.handler.HttpHandler - 

Request DefaultFullHttpRequest(decodeResult: success, version: HTTP/1.1, content: EmptyByteBufBE)
GET /session/65b348c69b96d99e4ea7e3797f9fe4c4/screenshot HTTP/1.1
User-Agent: selenium/4.1.2 (java mac)
Cache-Control: no-cache
Content-Type: application/json; charset=utf-8
host: localhost:60901
accept: */*

Response DefaultHttpResponse(decodeResult: success, version: HTTP/1.1)
HTTP/1.1 200 OK
Content-Type: application/json; charset=utf-8
cache-control: no-cache
content-length: 89448

07:48:18.811 [AsyncHttpClient-1-2] DEBUG org.asynchttpclient.netty.channel.ChannelManager - Adding key: http://localhost:60901 for channel [id: 0x33005029, L:/127.0.0.1:49881 - R:localhost/127.0.0.1:60901]
07:48:18.821 [main] DEBUG net.serenitybdd.core.photography.Darkroom - Send negative for processing for target/site/serenity/5d6f15fa51fd8163deb58560132c0f94ba784827ea57d8260c4789eb42626180.png
07:48:18.917 [Forwarding screenshot on session 65b348c69b96d99e4ea7e3797f9fe4c4 to remote] DEBUG org.asynchttpclient.netty.request.NettyRequestSender - Using pooled Channel '[id: 0x33005029, L:/127.0.0.1:49881 - R:localhost/127.0.0.1:60901]' for 'GET' to 'http://localhost:60901/session/65b348c69b96d99e4ea7e3797f9fe4c4/screenshot'
07:48:18.917 [Forwarding screenshot on session 65b348c69b96d99e4ea7e3797f9fe4c4 to remote] DEBUG org.asynchttpclient.netty.request.NettyRequestSender - Using open Channel [id: 0x33005029, L:/127.0.0.1:49881 - R:localhost/127.0.0.1:60901] for GET '/session/65b348c69b96d99e4ea7e3797f9fe4c4/screenshot'
07:48:19.025 [AsyncHttpClient-1-2] DEBUG org.asynchttpclient.netty.handler.HttpHandler - 

Request DefaultFullHttpRequest(decodeResult: success, version: HTTP/1.1, content: EmptyByteBufBE)
GET /session/65b348c69b96d99e4ea7e3797f9fe4c4/screenshot HTTP/1.1
User-Agent: selenium/4.1.2 (java mac)
Cache-Control: no-cache
Content-Type: application/json; charset=utf-8
host: localhost:60901
accept: */*

Response DefaultHttpResponse(decodeResult: success, version: HTTP/1.1)
HTTP/1.1 200 OK
Content-Type: application/json; charset=utf-8
cache-control: no-cache
content-length: 89448

07:48:19.027 [AsyncHttpClient-1-2] DEBUG org.asynchttpclient.netty.channel.ChannelManager - Adding key: http://localhost:60901 for channel [id: 0x33005029, L:/127.0.0.1:49881 - R:localhost/127.0.0.1:60901]
07:48:19.035 [main] DEBUG net.serenitybdd.core.photography.Darkroom - Send negative for processing for target/site/serenity/5d6f15fa51fd8163deb58560132c0f94ba784827ea57d8260c4789eb42626180.png
07:48:19.036 [main] DEBUG net.thucydides.core.steps.StepInterceptor - STARTING STEP: checkPointStepDef.validateAccountIsDisable - {0} should see #description
07:48:19.038 [Forwarding getCurrentUrl on session 65b348c69b96d99e4ea7e3797f9fe4c4 to remote] DEBUG org.asynchttpclient.netty.request.NettyRequestSender - Using pooled Channel '[id: 0x33005029, L:/127.0.0.1:49881 - R:localhost/127.0.0.1:60901]' for 'GET' to 'http://localhost:60901/session/65b348c69b96d99e4ea7e3797f9fe4c4/url'
07:48:19.038 [Forwarding getCurrentUrl on session 65b348c69b96d99e4ea7e3797f9fe4c4 to remote] DEBUG org.asynchttpclient.netty.request.NettyRequestSender - Using open Channel [id: 0x33005029, L:/127.0.0.1:49881 - R:localhost/127.0.0.1:60901] for GET '/session/65b348c69b96d99e4ea7e3797f9fe4c4/url'
07:48:19.043 [AsyncHttpClient-1-2] DEBUG org.asynchttpclient.netty.handler.HttpHandler - 

Request DefaultFullHttpRequest(decodeResult: success, version: HTTP/1.1, content: EmptyByteBufBE)
GET /session/65b348c69b96d99e4ea7e3797f9fe4c4/url HTTP/1.1
User-Agent: selenium/4.1.2 (java mac)
Cache-Control: no-cache
Content-Type: application/json; charset=utf-8
host: localhost:60901
accept: */*

Response DefaultHttpResponse(decodeResult: success, version: HTTP/1.1)
HTTP/1.1 200 OK
Content-Type: application/json; charset=utf-8
cache-control: no-cache
content-length: 119

07:48:19.043 [AsyncHttpClient-1-2] DEBUG org.asynchttpclient.netty.channel.ChannelManager - Adding key: http://localhost:60901 for channel [id: 0x33005029, L:/127.0.0.1:49881 - R:localhost/127.0.0.1:60901]
07:48:19.047 [main] DEBUG net.thucydides.core.steps.StepInterceptor - STEP DONE: {0} should see #description
  &amp#27;[32mBut &amp#27;[0m&amp#27;[32m&amp#27;[0m&amp#27;[32m&amp#27;[1mI&amp#27;[0m&amp#27;[32m see FB has disabled my account&amp#27;[0m &amp#27;[90m# fb.stepdefinitions.checkPointStepDef.validateAccountIsDisable(net.serenitybdd.screenplay.Actor)&amp#27;[0m
07:48:19.055 [main] INFO  - 
  _____   ___   ___   _____     ___     _     ___   ___   ___   ___  
 |_   _| | __| / __| |_   _|   | _ \   /_\   / __| / __| | __| |   \ 
   | |   | _|  \__ \   | |     |  _/  / _ \  \__ \ \__ \ | _|  | |) |
   |_|   |___| |___/   |_|     |_|   /_/ \_\ |___/ |___/ |___| |___/ 

User has failed to login FB
----------------------------------------------------------------------
07:48:19.168 [Driver Command Executor] DEBUG org.asynchttpclient.netty.request.NettyRequestSender - Using pooled Channel '[id: 0x33005029, L:/127.0.0.1:49881 - R:localhost/127.0.0.1:60901]' for 'DELETE' to 'http://localhost:60901/session/65b348c69b96d99e4ea7e3797f9fe4c4'
07:48:19.169 [Driver Command Executor] DEBUG org.asynchttpclient.netty.request.NettyRequestSender - Using open Channel [id: 0x33005029, L:/127.0.0.1:49881 - R:localhost/127.0.0.1:60901] for DELETE '/session/65b348c69b96d99e4ea7e3797f9fe4c4'
07:48:19.241 [AsyncHttpClient-1-3] DEBUG org.asynchttpclient.netty.handler.HttpHandler - Channel Closed: [id: 0xa971ec13, L:/127.0.0.1:49887 ! R:localhost/127.0.0.1:49882] with attribute DISCARD
07:48:19.245 [AsyncHttpClient-1-4] DEBUG org.asynchttpclient.netty.handler.WebSocketHandler - Unexpected I/O exception on channel [id: 0xc5b484e5, L:/127.0.0.1:49888 - R:localhost/127.0.0.1:49882]
java.io.IOException: Connection reset by peer
	at sun.nio.ch.FileDispatcherImpl.read0(Native Method)
	at sun.nio.ch.SocketDispatcher.read(SocketDispatcher.java:39)
	at sun.nio.ch.IOUtil.readIntoNativeBuffer(IOUtil.java:223)
	at sun.nio.ch.IOUtil.read(IOUtil.java:192)
	at sun.nio.ch.SocketChannelImpl.read(SocketChannelImpl.java:378)
	at io.netty.buffer.PooledByteBuf.setBytes(PooledByteBuf.java:258)
	at io.netty.buffer.AbstractByteBuf.writeBytes(AbstractByteBuf.java:1132)
	at io.netty.channel.socket.nio.NioSocketChannel.doReadBytes(NioSocketChannel.java:350)
	at io.netty.channel.nio.AbstractNioByteChannel$NioByteUnsafe.read(AbstractNioByteChannel.java:151)
	at io.netty.channel.nio.NioEventLoop.processSelectedKey(NioEventLoop.java:722)
	at io.netty.channel.nio.NioEventLoop.processSelectedKeysOptimized(NioEventLoop.java:658)
	at io.netty.channel.nio.NioEventLoop.processSelectedKeys(NioEventLoop.java:584)
	at io.netty.channel.nio.NioEventLoop.run(NioEventLoop.java:496)
	at io.netty.util.concurrent.SingleThreadEventExecutor$4.run(SingleThreadEventExecutor.java:986)
	at io.netty.util.internal.ThreadExecutorMap$2.run(ThreadExecutorMap.java:74)
	at io.netty.util.concurrent.FastThreadLocalRunnable.run(FastThreadLocalRunnable.java:30)
	at java.lang.Thread.run(Thread.java:750)
07:48:19.247 [AsyncHttpClient-1-4] DEBUG org.asynchttpclient.netty.handler.WebSocketHandler - Trying to recover from dead Channel: [id: 0xc5b484e5, L:/127.0.0.1:49888 - R:localhost/127.0.0.1:49882]
07:48:19.248 [AsyncHttpClient-1-4] DEBUG org.asynchttpclient.netty.handler.WebSocketHandler - Channel Closed: [id: 0xc5b484e5, L:/127.0.0.1:49888 ! R:localhost/127.0.0.1:49882] with attribute NettyResponseFuture{currentRetry=5,
	isDone=1,
	isCancelled=0,
	asyncHandler=org.asynchttpclient.ws.WebSocketUpgradeHandler@9a6f17a,
	nettyRequest=org.asynchttpclient.netty.request.NettyRequest@73091846,
	future=java.util.concurrent.CompletableFuture@847b1d0[Completed normally],
	uri=ws://localhost:49882/devtools/browser/6058df8b-c21b-4964-899d-996203fe80a3,
	keepAlive=true,
	redirectCount=0,
	timeoutsHolder=null,
	inAuth=0,
	touch=1650070099246}
07:48:19.248 [AsyncHttpClient-1-4] DEBUG org.asynchttpclient.netty.channel.ChannelManager - Closing Channel [id: 0xc5b484e5, L:/127.0.0.1:49888 ! R:localhost/127.0.0.1:49882] 
07:48:19.277 [AsyncHttpClient-1-2] DEBUG org.asynchttpclient.netty.handler.HttpHandler - 

Request DefaultFullHttpRequest(decodeResult: success, version: HTTP/1.1, content: EmptyByteBufBE)
DELETE /session/65b348c69b96d99e4ea7e3797f9fe4c4 HTTP/1.1
User-Agent: selenium/4.1.2 (java mac)
Content-Type: application/json; charset=utf-8
host: localhost:60901
accept: */*

Response DefaultHttpResponse(decodeResult: success, version: HTTP/1.1)
HTTP/1.1 200 OK
Content-Type: application/json; charset=utf-8
cache-control: no-cache
content-length: 14

07:48:19.278 [AsyncHttpClient-1-2] DEBUG org.asynchttpclient.netty.channel.ChannelManager - Adding key: http://localhost:60901 for channel [id: 0x33005029, L:/127.0.0.1:49881 - R:localhost/127.0.0.1:60901]
07:48:19.381 [AsyncHttpClient-1-2] DEBUG org.asynchttpclient.netty.handler.HttpHandler - Channel Closed: [id: 0x33005029, L:/127.0.0.1:49881 ! R:localhost/127.0.0.1:60901] with attribute DISCARD
]]></system-out>
    <system-err><![CDATA[Starting ChromeDriver 100.0.4896.60 (6a5d10861ce8de5fce22564658033b43cb7de047-refs/branch-heads/4896@{#875}) on port 60901
Only local connections are allowed.
Please see https://chromedriver.chromium.org/security-considerations for suggestions on keeping ChromeDriver safe.
ChromeDriver was started successfully.
Apr 16, 2022 7:48:05 AM org.openqa.selenium.remote.ProtocolHandshake createSession
INFO: Detected dialect: W3C
Apr 16, 2022 7:48:05 AM org.openqa.selenium.devtools.CdpVersionFinder findNearestMatch
WARNING: Unable to find an exact match for CDP version 100, so returning the closest version found: 97
Apr 16, 2022 7:48:05 AM org.openqa.selenium.devtools.CdpVersionFinder findNearestMatch
INFO: Found CDP implementation for version 100 of 97
]]></system-err>
  </testcase>
</testsuite>